
*** Running vivado
    with args -log SelectTopK.vds -m64 -product Vivado -mode batch -messageDb vivado.pb -notrace -source SelectTopK.tcl



****** Vivado v2024.1 (64-bit)
  **** SW Build 5076996 on Wed May 22 18:37:14 MDT 2024
  **** IP Build 5075265 on Wed May 22 21:45:21 MDT 2024
  **** SharedData Build 5076995 on Wed May 22 18:29:18 MDT 2024
  **** Start of session at: Wed Mar 12 20:46:33 2025
    ** Copyright 1986-2022 Xilinx, Inc. All Rights Reserved.
    ** Copyright 2022-2024 Advanced Micro Devices, Inc. All Rights Reserved.

source SelectTopK.tcl -notrace
create_project: Time (s): cpu = 00:00:02 ; elapsed = 00:00:06 . Memory (MB): peak = 514.867 ; gain = 203.715
Command: read_checkpoint -auto_incremental -incremental C:/Users/zhanggenqi/Desktop/DSP_in_VLSI/HW1/VIVADO/DSP_in_VLSI_HW1_v1/DSP_in_VLSI_HW1_v1.srcs/utils_1/imports/synth_1/SelectTopK.dcp
INFO: [Vivado 12-5825] Read reference checkpoint from C:/Users/zhanggenqi/Desktop/DSP_in_VLSI/HW1/VIVADO/DSP_in_VLSI_HW1_v1/DSP_in_VLSI_HW1_v1.srcs/utils_1/imports/synth_1/SelectTopK.dcp for incremental synthesis
INFO: [Vivado 12-7989] Please ensure there are no constraint changes
Command: synth_design -top SelectTopK -part xc7a200tfbg676-1
Starting synth_design
Attempting to get a license for feature 'Synthesis' and/or device 'xc7a200t'
INFO: [Common 17-349] Got license for feature 'Synthesis' and/or device 'xc7a200t'
INFO: [Device 21-403] Loading part xc7a200tfbg676-1
INFO: [Device 21-9227] Part: xc7a200tfbg676-1 does not have CEAM library.
INFO: [Designutils 20-5440] No compile time benefit to using incremental synthesis; A full resynthesis will be run
INFO: [Designutils 20-4379] Flow is switching to default flow due to incremental criteria not met. If you would like to alter this behaviour and have the flow terminate instead, please set the following parameter config_implementation {autoIncr.Synth.RejectBehavior Terminate}
INFO: [Synth 8-7079] Multithreading enabled for synth_design using a maximum of 2 processes.
INFO: [Synth 8-7078] Launching helper process for spawning children vivado processes
INFO: [Synth 8-7075] Helper process launched with PID 17552
---------------------------------------------------------------------------------
Starting RTL Elaboration : Time (s): cpu = 00:00:02 ; elapsed = 00:00:04 . Memory (MB): peak = 1427.746 ; gain = 454.250
---------------------------------------------------------------------------------
INFO: [Synth 8-6157] synthesizing module 'SelectTopK' [C:/Users/zhanggenqi/Desktop/DSP_in_VLSI/HW1/RTL/SelectTopK.v:1]
INFO: [Synth 8-6157] synthesizing module 'Sort4' [C:/Users/zhanggenqi/Desktop/DSP_in_VLSI/HW1/RTL/Sort4.v:1]
INFO: [Synth 8-6157] synthesizing module 'Comparator' [C:/Users/zhanggenqi/Desktop/DSP_in_VLSI/HW1/RTL/Sort4.v:25]
INFO: [Synth 8-6155] done synthesizing module 'Comparator' (0#1) [C:/Users/zhanggenqi/Desktop/DSP_in_VLSI/HW1/RTL/Sort4.v:25]
INFO: [Synth 8-6155] done synthesizing module 'Sort4' (0#1) [C:/Users/zhanggenqi/Desktop/DSP_in_VLSI/HW1/RTL/Sort4.v:1]
INFO: [Synth 8-6157] synthesizing module 'comparator_tree' [C:/Users/zhanggenqi/Desktop/DSP_in_VLSI/HW1/RTL/comparator_tree.v:1]
INFO: [Synth 8-6157] synthesizing module 'find_max' [C:/Users/zhanggenqi/Desktop/DSP_in_VLSI/HW1/RTL/comparator_tree.v:42]
INFO: [Synth 8-6155] done synthesizing module 'find_max' (0#1) [C:/Users/zhanggenqi/Desktop/DSP_in_VLSI/HW1/RTL/comparator_tree.v:42]
INFO: [Synth 8-6155] done synthesizing module 'comparator_tree' (0#1) [C:/Users/zhanggenqi/Desktop/DSP_in_VLSI/HW1/RTL/comparator_tree.v:1]
INFO: [Synth 8-6155] done synthesizing module 'SelectTopK' (0#1) [C:/Users/zhanggenqi/Desktop/DSP_in_VLSI/HW1/RTL/SelectTopK.v:1]
---------------------------------------------------------------------------------
Finished RTL Elaboration : Time (s): cpu = 00:00:02 ; elapsed = 00:00:05 . Memory (MB): peak = 1543.051 ; gain = 569.555
---------------------------------------------------------------------------------
---------------------------------------------------------------------------------
Start Handling Custom Attributes
---------------------------------------------------------------------------------
---------------------------------------------------------------------------------
Finished Handling Custom Attributes : Time (s): cpu = 00:00:02 ; elapsed = 00:00:05 . Memory (MB): peak = 1543.051 ; gain = 569.555
---------------------------------------------------------------------------------
---------------------------------------------------------------------------------
Finished RTL Optimization Phase 1 : Time (s): cpu = 00:00:02 ; elapsed = 00:00:05 . Memory (MB): peak = 1543.051 ; gain = 569.555
---------------------------------------------------------------------------------
Netlist sorting complete. Time (s): cpu = 00:00:00 ; elapsed = 00:00:00.007 . Memory (MB): peak = 1543.051 ; gain = 0.000
INFO: [Project 1-570] Preparing netlist for logic optimization

Processing XDC Constraints
Initializing timing engine
Parsing XDC File [C:/Users/zhanggenqi/Desktop/DSP_in_VLSI/HW1/VIVADO/DSP_in_VLSI_HW1_v1/constraint/DSP_in_VLSI_HW1.xdc]
Finished Parsing XDC File [C:/Users/zhanggenqi/Desktop/DSP_in_VLSI/HW1/VIVADO/DSP_in_VLSI_HW1_v1/constraint/DSP_in_VLSI_HW1.xdc]
Completed Processing XDC Constraints

Netlist sorting complete. Time (s): cpu = 00:00:00 ; elapsed = 00:00:00 . Memory (MB): peak = 1645.734 ; gain = 0.000
INFO: [Project 1-111] Unisim Transformation Summary:
No Unisim elements were transformed.

Constraint Validation Runtime : Time (s): cpu = 00:00:00 ; elapsed = 00:00:00.004 . Memory (MB): peak = 1645.734 ; gain = 0.000
INFO: [Designutils 20-5440] No compile time benefit to using incremental synthesis; A full resynthesis will be run
INFO: [Designutils 20-4379] Flow is switching to default flow due to incremental criteria not met. If you would like to alter this behaviour and have the flow terminate instead, please set the following parameter config_implementation {autoIncr.Synth.RejectBehavior Terminate}
---------------------------------------------------------------------------------
Finished Constraint Validation : Time (s): cpu = 00:00:04 ; elapsed = 00:00:11 . Memory (MB): peak = 1645.734 ; gain = 672.238
---------------------------------------------------------------------------------
---------------------------------------------------------------------------------
Start Loading Part and Timing Information
---------------------------------------------------------------------------------
Loading part: xc7a200tfbg676-1
---------------------------------------------------------------------------------
Finished Loading Part and Timing Information : Time (s): cpu = 00:00:04 ; elapsed = 00:00:11 . Memory (MB): peak = 1645.734 ; gain = 672.238
---------------------------------------------------------------------------------
---------------------------------------------------------------------------------
Start Applying 'set_property' XDC Constraints
---------------------------------------------------------------------------------
---------------------------------------------------------------------------------
Finished applying 'set_property' XDC Constraints : Time (s): cpu = 00:00:04 ; elapsed = 00:00:11 . Memory (MB): peak = 1645.734 ; gain = 672.238
---------------------------------------------------------------------------------
INFO: [Synth 8-802] inferred FSM for state register 'st_reg' in module 'SelectTopK'
---------------------------------------------------------------------------------------------------
                   State |                     New Encoding |                Previous Encoding 
---------------------------------------------------------------------------------------------------
                    IDLE |                               00 |                               00
                FIRST_IN |                               01 |                               01
            OUTPUT_STATE |                               10 |                               10
---------------------------------------------------------------------------------------------------
INFO: [Synth 8-3354] encoded FSM with state register 'st_reg' using encoding 'sequential' in module 'SelectTopK'
---------------------------------------------------------------------------------
Finished RTL Optimization Phase 2 : Time (s): cpu = 00:00:04 ; elapsed = 00:00:11 . Memory (MB): peak = 1645.734 ; gain = 672.238
---------------------------------------------------------------------------------
---------------------------------------------------------------------------------
Start RTL Component Statistics 
---------------------------------------------------------------------------------
Detailed RTL Component Info : 
+---Adders : 
	   2 Input    3 Bit       Adders := 1     
	   2 Input    2 Bit       Adders := 1     
+---Registers : 
	                8 Bit    Registers := 64    
	                3 Bit    Registers := 1     
	                2 Bit    Registers := 8     
	                1 Bit    Registers := 8     
+---Muxes : 
	   2 Input   16 Bit        Muxes := 5     
	   2 Input   11 Bit        Muxes := 7     
	   2 Input    8 Bit        Muxes := 21    
	   4 Input    8 Bit        Muxes := 8     
	   2 Input    3 Bit        Muxes := 22    
	   3 Input    2 Bit        Muxes := 1     
	   2 Input    2 Bit        Muxes := 3     
	   2 Input    1 Bit        Muxes := 57    
---------------------------------------------------------------------------------
Finished RTL Component Statistics 
---------------------------------------------------------------------------------
---------------------------------------------------------------------------------
Start Part Resource Summary
---------------------------------------------------------------------------------
Part Resources:
DSPs: 740 (col length:100)
BRAMs: 730 (col length: RAMB18 100 RAMB36 50)
---------------------------------------------------------------------------------
Finished Part Resource Summary
---------------------------------------------------------------------------------
---------------------------------------------------------------------------------
Start Cross Boundary and Area Optimization
---------------------------------------------------------------------------------
WARNING: [Synth 8-7080] Parallel synthesis criteria is not met
---------------------------------------------------------------------------------
Finished Cross Boundary and Area Optimization : Time (s): cpu = 00:00:06 ; elapsed = 00:00:15 . Memory (MB): peak = 1645.734 ; gain = 672.238
---------------------------------------------------------------------------------
---------------------------------------------------------------------------------
Start Applying XDC Timing Constraints
---------------------------------------------------------------------------------
---------------------------------------------------------------------------------
Finished Applying XDC Timing Constraints : Time (s): cpu = 00:00:07 ; elapsed = 00:00:19 . Memory (MB): peak = 1645.734 ; gain = 672.238
---------------------------------------------------------------------------------
---------------------------------------------------------------------------------
Start Timing Optimization
---------------------------------------------------------------------------------
---------------------------------------------------------------------------------
Finished Timing Optimization : Time (s): cpu = 00:00:07 ; elapsed = 00:00:19 . Memory (MB): peak = 1645.734 ; gain = 672.238
---------------------------------------------------------------------------------
---------------------------------------------------------------------------------
Start Technology Mapping
---------------------------------------------------------------------------------
---------------------------------------------------------------------------------
Finished Technology Mapping : Time (s): cpu = 00:00:07 ; elapsed = 00:00:20 . Memory (MB): peak = 1645.734 ; gain = 672.238
---------------------------------------------------------------------------------
---------------------------------------------------------------------------------
Start IO Insertion
---------------------------------------------------------------------------------
---------------------------------------------------------------------------------
Start Flattening Before IO Insertion
---------------------------------------------------------------------------------
---------------------------------------------------------------------------------
Finished Flattening Before IO Insertion
---------------------------------------------------------------------------------
---------------------------------------------------------------------------------
Start Final Netlist Cleanup
---------------------------------------------------------------------------------
---------------------------------------------------------------------------------
Finished Final Netlist Cleanup
---------------------------------------------------------------------------------
---------------------------------------------------------------------------------
Finished IO Insertion : Time (s): cpu = 00:00:08 ; elapsed = 00:00:23 . Memory (MB): peak = 1645.734 ; gain = 672.238
---------------------------------------------------------------------------------
---------------------------------------------------------------------------------
Start Renaming Generated Instances
---------------------------------------------------------------------------------
---------------------------------------------------------------------------------
Finished Renaming Generated Instances : Time (s): cpu = 00:00:08 ; elapsed = 00:00:23 . Memory (MB): peak = 1645.734 ; gain = 672.238
---------------------------------------------------------------------------------
---------------------------------------------------------------------------------
Start Rebuilding User Hierarchy
---------------------------------------------------------------------------------
---------------------------------------------------------------------------------
Finished Rebuilding User Hierarchy : Time (s): cpu = 00:00:08 ; elapsed = 00:00:23 . Memory (MB): peak = 1645.734 ; gain = 672.238
---------------------------------------------------------------------------------
---------------------------------------------------------------------------------
Start Renaming Generated Ports
---------------------------------------------------------------------------------
---------------------------------------------------------------------------------
Finished Renaming Generated Ports : Time (s): cpu = 00:00:08 ; elapsed = 00:00:23 . Memory (MB): peak = 1645.734 ; gain = 672.238
---------------------------------------------------------------------------------
---------------------------------------------------------------------------------
Start Handling Custom Attributes
---------------------------------------------------------------------------------
---------------------------------------------------------------------------------
Finished Handling Custom Attributes : Time (s): cpu = 00:00:08 ; elapsed = 00:00:23 . Memory (MB): peak = 1645.734 ; gain = 672.238
---------------------------------------------------------------------------------
---------------------------------------------------------------------------------
Start Renaming Generated Nets
---------------------------------------------------------------------------------
---------------------------------------------------------------------------------
Finished Renaming Generated Nets : Time (s): cpu = 00:00:08 ; elapsed = 00:00:23 . Memory (MB): peak = 1645.734 ; gain = 672.238
---------------------------------------------------------------------------------
---------------------------------------------------------------------------------
Start Writing Synthesis Report
---------------------------------------------------------------------------------

Report BlackBoxes: 
+-+--------------+----------+
| |BlackBox name |Instances |
+-+--------------+----------+
+-+--------------+----------+

Report Cell Usage: 
+------+-------+------+
|      |Cell   |Count |
+------+-------+------+
|1     |BUFG   |     1|
|2     |CARRY4 |    12|
|3     |LUT2   |     2|
|4     |LUT3   |    53|
|5     |LUT4   |   108|
|6     |LUT5   |    86|
|7     |LUT6   |   116|
|8     |FDCE   |   533|
|9     |FDPE   |     8|
|10    |IBUF   |    35|
|11    |OBUF   |     9|
+------+-------+------+
---------------------------------------------------------------------------------
Finished Writing Synthesis Report : Time (s): cpu = 00:00:08 ; elapsed = 00:00:23 . Memory (MB): peak = 1645.734 ; gain = 672.238
---------------------------------------------------------------------------------
Synthesis finished with 0 errors, 0 critical warnings and 1 warnings.
Synthesis Optimization Runtime : Time (s): cpu = 00:00:05 ; elapsed = 00:00:21 . Memory (MB): peak = 1645.734 ; gain = 569.555
Synthesis Optimization Complete : Time (s): cpu = 00:00:08 ; elapsed = 00:00:23 . Memory (MB): peak = 1645.734 ; gain = 672.238
INFO: [Project 1-571] Translating synthesized netlist
Netlist sorting complete. Time (s): cpu = 00:00:00 ; elapsed = 00:00:00.011 . Memory (MB): peak = 1645.734 ; gain = 0.000
INFO: [Netlist 29-17] Analyzing 12 Unisim elements for replacement
INFO: [Netlist 29-28] Unisim Transformation completed in 0 CPU seconds
INFO: [Project 1-570] Preparing netlist for logic optimization
INFO: [Opt 31-138] Pushed 0 inverter(s) to 0 load pin(s).
Netlist sorting complete. Time (s): cpu = 00:00:00 ; elapsed = 00:00:00 . Memory (MB): peak = 1645.734 ; gain = 0.000
INFO: [Project 1-111] Unisim Transformation Summary:
No Unisim elements were transformed.

Synth Design complete | Checksum: 55dc643b
INFO: [Common 17-83] Releasing license: Synthesis
33 Infos, 1 Warnings, 0 Critical Warnings and 0 Errors encountered.
synth_design completed successfully
synth_design: Time (s): cpu = 00:00:10 ; elapsed = 00:00:28 . Memory (MB): peak = 1645.734 ; gain = 1126.508
Write ShapeDB Complete: Time (s): cpu = 00:00:00 ; elapsed = 00:00:00.002 . Memory (MB): peak = 1645.734 ; gain = 0.000
INFO: [Common 17-1381] The checkpoint 'C:/Users/zhanggenqi/Desktop/DSP_in_VLSI/HW1/VIVADO/DSP_in_VLSI_HW1_v1/DSP_in_VLSI_HW1_v1.runs/synth_1/SelectTopK.dcp' has been generated.
INFO: [Vivado 12-24828] Executing command : report_utilization -file SelectTopK_utilization_synth.rpt -pb SelectTopK_utilization_synth.pb
INFO: [Common 17-206] Exiting Vivado at Wed Mar 12 20:47:09 2025...
