INFO: [VRFC 10-2263] Analyzing Verilog file "C:/Users/zhanggenqi/Desktop/DSP_in_VLSI/FINAL/VIVADO/DSP_in_VLSI_FINAL_v5/DSP_in_VLSI_FINAL_v5.sim/sim_1/synth/timing/xsim/testbench_time_synth.v" into library xil_defaultlib
INFO: [VRFC 10-311] analyzing module BACK_SUBSTITUTION
INFO: [VRFC 10-311] analyzing module CORDIC
INFO: [VRFC 10-311] analyzing module CORDIC_0
INFO: [VRFC 10-311] analyzing module CORDIC_1
INFO: [VRFC 10-311] analyzing module CORDIC_2
INFO: [VRFC 10-311] analyzing module CORDIC_3
INFO: [VRFC 10-311] analyzing module CORDIC_4
INFO: [VRFC 10-311] analyzing module CORDIC_ARRAY
INFO: [VRFC 10-311] analyzing module DU_0
INFO: [VRFC 10-311] analyzing module DU_1_2
INFO: [VRFC 10-311] analyzing module DU_1_2_5
INFO: [VRFC 10-311] analyzing module DU_3
INFO: [VRFC 10-311] analyzing module back_sub_main
INFO: [VRFC 10-311] analyzing module fi_mul
INFO: [VRFC 10-311] analyzing module fi_mul_81
INFO: [VRFC 10-311] analyzing module fi_mul_82
INFO: [VRFC 10-311] analyzing module fi_mul_83
INFO: [VRFC 10-311] analyzing module fi_mul_84
INFO: [VRFC 10-311] analyzing module fi_mul_85
INFO: [VRFC 10-311] analyzing module fi_mul_86
INFO: [VRFC 10-311] analyzing module fi_mul_87
INFO: [VRFC 10-311] analyzing module fi_mul_88
INFO: [VRFC 10-311] analyzing module fi_mul_89
INFO: [VRFC 10-311] analyzing module reciprocal
INFO: [VRFC 10-311] analyzing module single_stage
INFO: [VRFC 10-311] analyzing module single_stage_21
INFO: [VRFC 10-311] analyzing module single_stage_36
INFO: [VRFC 10-311] analyzing module single_stage_51
INFO: [VRFC 10-311] analyzing module single_stage_6
INFO: [VRFC 10-311] analyzing module single_stage_66
INFO: [VRFC 10-311] analyzing module single_stage__parameterized0
INFO: [VRFC 10-311] analyzing module single_stage__parameterized0_22
INFO: [VRFC 10-311] analyzing module single_stage__parameterized0_37
INFO: [VRFC 10-311] analyzing module single_stage__parameterized0_52
INFO: [VRFC 10-311] analyzing module single_stage__parameterized0_67
INFO: [VRFC 10-311] analyzing module single_stage__parameterized0_7
INFO: [VRFC 10-311] analyzing module single_stage__parameterized1
INFO: [VRFC 10-311] analyzing module single_stage__parameterized10
INFO: [VRFC 10-311] analyzing module single_stage__parameterized10_24
INFO: [VRFC 10-311] analyzing module single_stage__parameterized10_39
INFO: [VRFC 10-311] analyzing module single_stage__parameterized10_54
INFO: [VRFC 10-311] analyzing module single_stage__parameterized10_69
INFO: [VRFC 10-311] analyzing module single_stage__parameterized10_9
INFO: [VRFC 10-311] analyzing module single_stage__parameterized11
INFO: [VRFC 10-311] analyzing module single_stage__parameterized11_10
INFO: [VRFC 10-311] analyzing module single_stage__parameterized11_25
INFO: [VRFC 10-311] analyzing module single_stage__parameterized11_40
INFO: [VRFC 10-311] analyzing module single_stage__parameterized11_55
INFO: [VRFC 10-311] analyzing module single_stage__parameterized11_70
INFO: [VRFC 10-311] analyzing module single_stage__parameterized12
INFO: [VRFC 10-311] analyzing module single_stage__parameterized12_11
INFO: [VRFC 10-311] analyzing module single_stage__parameterized12_26
INFO: [VRFC 10-311] analyzing module single_stage__parameterized12_41
INFO: [VRFC 10-311] analyzing module single_stage__parameterized12_56
INFO: [VRFC 10-311] analyzing module single_stage__parameterized12_71
INFO: [VRFC 10-311] analyzing module single_stage__parameterized13
INFO: [VRFC 10-311] analyzing module single_stage__parameterized13_12
INFO: [VRFC 10-311] analyzing module single_stage__parameterized13_27
INFO: [VRFC 10-311] analyzing module single_stage__parameterized13_42
INFO: [VRFC 10-311] analyzing module single_stage__parameterized13_57
INFO: [VRFC 10-311] analyzing module single_stage__parameterized13_72
INFO: [VRFC 10-311] analyzing module single_stage__parameterized1_13
INFO: [VRFC 10-311] analyzing module single_stage__parameterized1_28
INFO: [VRFC 10-311] analyzing module single_stage__parameterized1_43
INFO: [VRFC 10-311] analyzing module single_stage__parameterized1_58
INFO: [VRFC 10-311] analyzing module single_stage__parameterized1_73
INFO: [VRFC 10-311] analyzing module single_stage__parameterized2
INFO: [VRFC 10-311] analyzing module single_stage__parameterized2_14
INFO: [VRFC 10-311] analyzing module single_stage__parameterized2_29
INFO: [VRFC 10-311] analyzing module single_stage__parameterized2_44
INFO: [VRFC 10-311] analyzing module single_stage__parameterized2_59
INFO: [VRFC 10-311] analyzing module single_stage__parameterized2_74
INFO: [VRFC 10-311] analyzing module single_stage__parameterized3
INFO: [VRFC 10-311] analyzing module single_stage__parameterized3_15
INFO: [VRFC 10-311] analyzing module single_stage__parameterized3_30
INFO: [VRFC 10-311] analyzing module single_stage__parameterized3_45
INFO: [VRFC 10-311] analyzing module single_stage__parameterized3_60
INFO: [VRFC 10-311] analyzing module single_stage__parameterized3_75
INFO: [VRFC 10-311] analyzing module single_stage__parameterized4
INFO: [VRFC 10-311] analyzing module single_stage__parameterized4_16
INFO: [VRFC 10-311] analyzing module single_stage__parameterized4_31
INFO: [VRFC 10-311] analyzing module single_stage__parameterized4_46
INFO: [VRFC 10-311] analyzing module single_stage__parameterized4_61
INFO: [VRFC 10-311] analyzing module single_stage__parameterized4_76
INFO: [VRFC 10-311] analyzing module single_stage__parameterized5
INFO: [VRFC 10-311] analyzing module single_stage__parameterized5_17
INFO: [VRFC 10-311] analyzing module single_stage__parameterized5_32
INFO: [VRFC 10-311] analyzing module single_stage__parameterized5_47
INFO: [VRFC 10-311] analyzing module single_stage__parameterized5_62
INFO: [VRFC 10-311] analyzing module single_stage__parameterized5_77
INFO: [VRFC 10-311] analyzing module single_stage__parameterized6
INFO: [VRFC 10-311] analyzing module single_stage__parameterized6_18
INFO: [VRFC 10-311] analyzing module single_stage__parameterized6_33
INFO: [VRFC 10-311] analyzing module single_stage__parameterized6_48
INFO: [VRFC 10-311] analyzing module single_stage__parameterized6_63
INFO: [VRFC 10-311] analyzing module single_stage__parameterized6_78
INFO: [VRFC 10-311] analyzing module single_stage__parameterized7
INFO: [VRFC 10-311] analyzing module single_stage__parameterized7_19
INFO: [VRFC 10-311] analyzing module single_stage__parameterized7_34
INFO: [VRFC 10-311] analyzing module single_stage__parameterized7_49
INFO: [VRFC 10-311] analyzing module single_stage__parameterized7_64
INFO: [VRFC 10-311] analyzing module single_stage__parameterized7_79
INFO: [VRFC 10-311] analyzing module single_stage__parameterized8
INFO: [VRFC 10-311] analyzing module single_stage__parameterized8_20
INFO: [VRFC 10-311] analyzing module single_stage__parameterized8_35
INFO: [VRFC 10-311] analyzing module single_stage__parameterized8_50
INFO: [VRFC 10-311] analyzing module single_stage__parameterized8_65
INFO: [VRFC 10-311] analyzing module single_stage__parameterized8_80
INFO: [VRFC 10-311] analyzing module single_stage__parameterized9
INFO: [VRFC 10-311] analyzing module single_stage__parameterized9_23
INFO: [VRFC 10-311] analyzing module single_stage__parameterized9_38
INFO: [VRFC 10-311] analyzing module single_stage__parameterized9_53
INFO: [VRFC 10-311] analyzing module single_stage__parameterized9_68
INFO: [VRFC 10-311] analyzing module single_stage__parameterized9_8
INFO: [VRFC 10-311] analyzing module top
INFO: [VRFC 10-311] analyzing module glbl
INFO: [VRFC 10-2263] Analyzing Verilog file "C:/Users/zhanggenqi/Desktop/DSP_in_VLSI/FINAL/TESTBED/testbench.v" into library xil_defaultlib
INFO: [VRFC 10-311] analyzing module testbench
INFO: [VRFC 10-311] analyzing module clk_gen
