********************************************************************************
* Unified simulation Tcl App stack trace dump
*
* File: .usf.tcl_error.log (Tue Mar 25 13:03:07 2025)
*
* This file is generated by the unified simulation automation and contains the
* tcl stack trace of error returned by the simulator App for the current run.
*
********************************************************************************
ERROR: [Common 17-39] 'write_sdf' failed due to earlier errors.

    while executing
"write_sdf -mode timesim -process_corner slow -force -file "C:/Users/zhanggenqi/Desktop/DSP_in_VLSI/HW2/VIVADO/DSP_in_VLSI_HW2_pipeline_v1/DSP_in_VLSI_..."
    ("eval" body line 1)
    invoked from within
"eval "write_sdf $ws_args""
    (procedure "xcs_write_design_netlist" line 95)
    invoked from within
"xcs_write_design_netlist $a_sim_vars(s_simset)           $a_sim_vars(s_simulation_flow)  $a_sim_vars(s_type)             $a_sim_vars(s_sim_top)       ..."
    (procedure "usf_xsim_setup_simulation" line 58)
    invoked from within
"usf_xsim_setup_simulation"
    (procedure "tclapp::xilinx::xsim::setup" line 24)
    invoked from within
"tclapp::xilinx::xsim::setup { -simset sim_1 -mode post-synthesis -type timing -run_dir C:/Users/zhanggenqi/Desktop/DSP_in_VLSI/HW2/VIVADO/DSP_in_VLSI_..."
