#-----------------------------------------------------------
# Vivado v2024.1 (64-bit)
# SW Build 5076996 on Wed May 22 18:37:14 MDT 2024
# IP Build 5075265 on Wed May 22 21:45:21 MDT 2024
# SharedData Build 5076995 on Wed May 22 18:29:18 MDT 2024
# Start of session at: Tue Mar 25 20:05:14 2025
# Process ID: 1932
# Current directory: C:/Users/zhanggenqi/Desktop/DSP_in_VLSI/HW2/VIVADO/DSP_in_VLSI_HW2_original_v1
# Command line: vivado.exe -gui_launcher_event rodinguilauncherevent15820 C:\Users\zhanggenqi\Desktop\DSP_in_VLSI\HW2\VIVADO\DSP_in_VLSI_HW2_original_v1\DSP_in_VLSI_HW2_original_v1.xpr
# Log file: C:/Users/zhanggenqi/Desktop/DSP_in_VLSI/HW2/VIVADO/DSP_in_VLSI_HW2_original_v1/vivado.log
# Journal file: C:/Users/zhanggenqi/Desktop/DSP_in_VLSI/HW2/VIVADO/DSP_in_VLSI_HW2_original_v1\vivado.jou
# Running On        :DESKTOP-T5CR5M4
# Platform          :Windows Server 2016 or Windows 10
# Operating System  :26100
# Processor Detail  :12th Gen Intel(R) Core(TM) i5-12500
# CPU Frequency     :2995 MHz
# CPU Physical cores:6
# CPU Logical cores :12
# Host memory       :16905 MB
# Swap memory       :3456 MB
# Total Virtual     :20361 MB
# Available Virtual :1731 MB
#-----------------------------------------------------------
start_gui
open_project C:/Users/zhanggenqi/Desktop/DSP_in_VLSI/HW2/VIVADO/DSP_in_VLSI_HW2_original_v1/DSP_in_VLSI_HW2_original_v1.xpr
WARNING: [Board 49-26] cannot add Board Part xilinx.com:kcu105:part0:1.6 available at C:/Xilinx/Vivado/2024.1/data/xhub/boards/XilinxBoardStore/boards/Xilinx/kcu105/1.6/board.xml as part xcku040-ffva1156-2-e specified in board_part file is either invalid or not available
WARNING: [Board 49-26] cannot add Board Part xilinx.com:kcu105:part0:1.7 available at C:/Xilinx/Vivado/2024.1/data/xhub/boards/XilinxBoardStore/boards/Xilinx/kcu105/1.7/board.xml as part xcku040-ffva1156-2-e specified in board_part file is either invalid or not available
WARNING: [Board 49-26] cannot add Board Part xilinx.com:kcu116:part0:1.4 available at C:/Xilinx/Vivado/2024.1/data/xhub/boards/XilinxBoardStore/boards/Xilinx/kcu116/1.4/board.xml as part xcku5p-ffvb676-2-e specified in board_part file is either invalid or not available
WARNING: [Board 49-26] cannot add Board Part xilinx.com:kcu116:part0:1.5 available at C:/Xilinx/Vivado/2024.1/data/xhub/boards/XilinxBoardStore/boards/Xilinx/kcu116/1.5/board.xml as part xcku5p-ffvb676-2-e specified in board_part file is either invalid or not available
WARNING: [Board 49-26] cannot add Board Part xilinx.com:kcu1500:part0:1.2 available at C:/Xilinx/Vivado/2024.1/data/xhub/boards/XilinxBoardStore/boards/Xilinx/kcu1500/1.2/board.xml as part xcku115-flvb2104-2-e specified in board_part file is either invalid or not available
WARNING: [Board 49-26] cannot add Board Part xilinx.com:vck190:part0:2.2 available at C:/Xilinx/Vivado/2024.1/data/xhub/boards/XilinxBoardStore/boards/Xilinx/vck190/production/2.2/board.xml as part xcvc1902-vsva2197-2mp-e-s specified in board_part file is either invalid or not available
WARNING: [Board 49-26] cannot add Board Part xilinx.com:vck190:part0:3.0 available at C:/Xilinx/Vivado/2024.1/data/xhub/boards/XilinxBoardStore/boards/Xilinx/vck190/production/3.0/board.xml as part xcvc1902-vsva2197-2mp-e-s specified in board_part file is either invalid or not available
WARNING: [Board 49-26] cannot add Board Part xilinx.com:vck190:part0:3.1 available at C:/Xilinx/Vivado/2024.1/data/xhub/boards/XilinxBoardStore/boards/Xilinx/vck190/production/3.1/board.xml as part xcvc1902-vsva2197-2mp-e-s specified in board_part file is either invalid or not available
WARNING: [Board 49-26] cannot add Board Part xilinx.com:vck190:part0:3.2 available at C:/Xilinx/Vivado/2024.1/data/xhub/boards/XilinxBoardStore/boards/Xilinx/vck190/production/3.2/board.xml as part xcvc1902-vsva2197-2mp-e-s specified in board_part file is either invalid or not available
WARNING: [Board 49-26] cannot add Board Part xilinx.com:vck190:part0:3.3 available at C:/Xilinx/Vivado/2024.1/data/xhub/boards/XilinxBoardStore/boards/Xilinx/vck190/production/3.3/board.xml as part xcvc1902-vsva2197-2mp-e-s specified in board_part file is either invalid or not available
WARNING: [Board 49-26] cannot add Board Part xilinx.com:vck190_newl:part0:1.0 available at C:/Xilinx/Vivado/2024.1/data/xhub/boards/XilinxBoardStore/boards/Xilinx/vck190_newl/production/1.0/board.xml as part xcvc1902-vsva2197-2mp-e-s specified in board_part file is either invalid or not available
WARNING: [Board 49-26] cannot add Board Part xilinx.com:vck190_newl:part0:1.1 available at C:/Xilinx/Vivado/2024.1/data/xhub/boards/XilinxBoardStore/boards/Xilinx/vck190_newl/production/1.1/board.xml as part xcvc1902-vsva2197-2mp-e-s specified in board_part file is either invalid or not available
WARNING: [Board 49-26] cannot add Board Part xilinx.com:vck190_newl:part0:1.2 available at C:/Xilinx/Vivado/2024.1/data/xhub/boards/XilinxBoardStore/boards/Xilinx/vck190_newl/production/1.2/board.xml as part xcvc1902-vsva2197-2mp-e-s specified in board_part file is either invalid or not available
WARNING: [Board 49-26] cannot add Board Part xilinx.com:vcu108:part0:1.6 available at C:/Xilinx/Vivado/2024.1/data/xhub/boards/XilinxBoardStore/boards/Xilinx/vcu108/1.6/board.xml as part xcvu095-ffva2104-2-e specified in board_part file is either invalid or not available
WARNING: [Board 49-26] cannot add Board Part xilinx.com:vcu108:part0:1.7 available at C:/Xilinx/Vivado/2024.1/data/xhub/boards/XilinxBoardStore/boards/Xilinx/vcu108/1.7/board.xml as part xcvu095-ffva2104-2-e specified in board_part file is either invalid or not available
WARNING: [Board 49-26] cannot add Board Part xilinx.com:vcu110:part0:1.4 available at C:/Xilinx/Vivado/2024.1/data/xhub/boards/XilinxBoardStore/boards/Xilinx/vcu110/1.4/board.xml as part xcvu190-flgc2104-2-e specified in board_part file is either invalid or not available
WARNING: [Board 49-26] cannot add Board Part xilinx.com:vcu118:part0:2.0 available at C:/Xilinx/Vivado/2024.1/data/xhub/boards/XilinxBoardStore/boards/Xilinx/vcu118/2.0/board.xml as part xcvu9p-flga2104-2l-e specified in board_part file is either invalid or not available
WARNING: [Board 49-26] cannot add Board Part xilinx.com:vcu118:part0:2.3 available at C:/Xilinx/Vivado/2024.1/data/xhub/boards/XilinxBoardStore/boards/Xilinx/vcu118/2.3/board.xml as part xcvu9p-flga2104-2l-e specified in board_part file is either invalid or not available
WARNING: [Board 49-26] cannot add Board Part xilinx.com:vcu118:part0:2.4 available at C:/Xilinx/Vivado/2024.1/data/xhub/boards/XilinxBoardStore/boards/Xilinx/vcu118/2.4/board.xml as part xcvu9p-flga2104-2l-e specified in board_part file is either invalid or not available
WARNING: [Board 49-26] cannot add Board Part xilinx.com:vcu128:part0:1.0 available at C:/Xilinx/Vivado/2024.1/data/xhub/boards/XilinxBoardStore/boards/Xilinx/vcu128/production/1.0/board.xml as part xcvu37p-fsvh2892-2l-e specified in board_part file is either invalid or not available
WARNING: [Board 49-26] cannot add Board Part xilinx.com:vcu129:part0:1.0 available at C:/Xilinx/Vivado/2024.1/data/xhub/boards/XilinxBoardStore/boards/Xilinx/vcu129/production/1.0/board.xml as part xcvu29p-fsga2577-2l-e specified in board_part file is either invalid or not available
WARNING: [Board 49-26] cannot add Board Part xilinx.com:vcu1525:part0:1.3 available at C:/Xilinx/Vivado/2024.1/data/xhub/boards/XilinxBoardStore/boards/Xilinx/vcu1525/1.3/board.xml as part xcvu9p-fsgd2104-2l-e specified in board_part file is either invalid or not available
WARNING: [Board 49-26] cannot add Board Part xilinx.com:vek280:part0:1.0 available at C:/Xilinx/Vivado/2024.1/data/xhub/boards/XilinxBoardStore/boards/Xilinx/vek280/production/1.0/board.xml as part xcve2802-vsvh1760-2mp-e-s specified in board_part file is either invalid or not available
WARNING: [Board 49-26] cannot add Board Part xilinx.com:vek280:part0:1.1 available at C:/Xilinx/Vivado/2024.1/data/xhub/boards/XilinxBoardStore/boards/Xilinx/vek280/production/1.1/board.xml as part xcve2802-vsvh1760-2mp-e-s specified in board_part file is either invalid or not available
WARNING: [Board 49-26] cannot add Board Part xilinx.com:vek280:part0:1.2 available at C:/Xilinx/Vivado/2024.1/data/xhub/boards/XilinxBoardStore/boards/Xilinx/vek280/production/1.2/board.xml as part xcve2802-vsvh1760-2mp-e-s specified in board_part file is either invalid or not available
WARNING: [Board 49-26] cannot add Board Part xilinx.com:vek280_es:part0:1.0 available at C:/Xilinx/Vivado/2024.1/data/xhub/boards/XilinxBoardStore/boards/Xilinx/vek280/es/rev_a/1.0/board.xml as part xcve2802-vsvh1760-2lp-e-s-es1 specified in board_part file is either invalid or not available
WARNING: [Board 49-26] cannot add Board Part xilinx.com:vek280_es:part0:1.1 available at C:/Xilinx/Vivado/2024.1/data/xhub/boards/XilinxBoardStore/boards/Xilinx/vek280/es/rev_a/1.1/board.xml as part xcve2802-vsvh1760-2lp-e-s-es1 specified in board_part file is either invalid or not available
WARNING: [Board 49-26] cannot add Board Part xilinx.com:vek280_es_revb:part0:1.0 available at C:/Xilinx/Vivado/2024.1/data/xhub/boards/XilinxBoardStore/boards/Xilinx/vek280/es/rev_b/1.0/board.xml as part xcve2802-vsvh1760-2mp-e-s-es1 specified in board_part file is either invalid or not available
WARNING: [Board 49-26] cannot add Board Part xilinx.com:vek280_es_revb:part0:1.1 available at C:/Xilinx/Vivado/2024.1/data/xhub/boards/XilinxBoardStore/boards/Xilinx/vek280/es/rev_b/1.1/board.xml as part xcve2802-vsvh1760-2mp-e-s-es1 specified in board_part file is either invalid or not available
WARNING: [Board 49-26] cannot add Board Part xilinx.com:vhk158:part0:1.0 available at C:/Xilinx/Vivado/2024.1/data/xhub/boards/XilinxBoardStore/boards/Xilinx/vhk158/production/1.0/board.xml as part xcvh1582-vsva3697-2mp-e-s specified in board_part file is either invalid or not available
WARNING: [Board 49-26] cannot add Board Part xilinx.com:vhk158:part0:1.1 available at C:/Xilinx/Vivado/2024.1/data/xhub/boards/XilinxBoardStore/boards/Xilinx/vhk158/production/1.1/board.xml as part xcvh1582-vsva3697-2mp-e-s specified in board_part file is either invalid or not available
WARNING: [Board 49-26] cannot add Board Part xilinx.com:vhk158_es:part0:1.0 available at C:/Xilinx/Vivado/2024.1/data/xhub/boards/XilinxBoardStore/boards/Xilinx/vhk158/es/1.0/board.xml as part xcvh1582-vsva3697-2mp-e-s-es1 specified in board_part file is either invalid or not available
WARNING: [Board 49-26] cannot add Board Part xilinx.com:vhk158_es:part0:1.1 available at C:/Xilinx/Vivado/2024.1/data/xhub/boards/XilinxBoardStore/boards/Xilinx/vhk158/es/1.1/board.xml as part xcvh1582-vsva3697-2mp-e-s-es1 specified in board_part file is either invalid or not available
WARNING: [Board 49-26] cannot add Board Part xilinx.com:vmk180:part0:2.2 available at C:/Xilinx/Vivado/2024.1/data/xhub/boards/XilinxBoardStore/boards/Xilinx/vmk180/production/2.2/board.xml as part xcvm1802-vsva2197-2mp-e-s specified in board_part file is either invalid or not available
WARNING: [Board 49-26] cannot add Board Part xilinx.com:vmk180:part0:3.0 available at C:/Xilinx/Vivado/2024.1/data/xhub/boards/XilinxBoardStore/boards/Xilinx/vmk180/production/3.0/board.xml as part xcvm1802-vsva2197-2mp-e-s specified in board_part file is either invalid or not available
WARNING: [Board 49-26] cannot add Board Part xilinx.com:vmk180:part0:3.1 available at C:/Xilinx/Vivado/2024.1/data/xhub/boards/XilinxBoardStore/boards/Xilinx/vmk180/production/3.1/board.xml as part xcvm1802-vsva2197-2mp-e-s specified in board_part file is either invalid or not available
WARNING: [Board 49-26] cannot add Board Part xilinx.com:vmk180:part0:3.2 available at C:/Xilinx/Vivado/2024.1/data/xhub/boards/XilinxBoardStore/boards/Xilinx/vmk180/production/3.2/board.xml as part xcvm1802-vsva2197-2mp-e-s specified in board_part file is either invalid or not available
WARNING: [Board 49-26] cannot add Board Part xilinx.com:vmk180_newl:part0:1.0 available at C:/Xilinx/Vivado/2024.1/data/xhub/boards/XilinxBoardStore/boards/Xilinx/vmk180_newl/production/1.0/board.xml as part xcvm1802-vsva2197-2mp-e-s specified in board_part file is either invalid or not available
WARNING: [Board 49-26] cannot add Board Part xilinx.com:vmk180_newl:part0:1.1 available at C:/Xilinx/Vivado/2024.1/data/xhub/boards/XilinxBoardStore/boards/Xilinx/vmk180_newl/production/1.1/board.xml as part xcvm1802-vsva2197-2mp-e-s specified in board_part file is either invalid or not available
WARNING: [Board 49-26] cannot add Board Part xilinx.com:vpk120:part0:1.0 available at C:/Xilinx/Vivado/2024.1/data/xhub/boards/XilinxBoardStore/boards/Xilinx/vpk120/production/1.0/board.xml as part xcvp1202-vsva2785-2mp-e-s specified in board_part file is either invalid or not available
WARNING: [Board 49-26] cannot add Board Part xilinx.com:vpk120:part0:1.1 available at C:/Xilinx/Vivado/2024.1/data/xhub/boards/XilinxBoardStore/boards/Xilinx/vpk120/production/1.1/board.xml as part xcvp1202-vsva2785-2mp-e-s specified in board_part file is either invalid or not available
WARNING: [Board 49-26] cannot add Board Part xilinx.com:vpk120:part0:1.2 available at C:/Xilinx/Vivado/2024.1/data/xhub/boards/XilinxBoardStore/boards/Xilinx/vpk120/production/1.2/board.xml as part xcvp1202-vsva2785-2mp-e-s specified in board_part file is either invalid or not available
WARNING: [Board 49-26] cannot add Board Part xilinx.com:vpk180:part0:1.0 available at C:/Xilinx/Vivado/2024.1/data/xhub/boards/XilinxBoardStore/boards/Xilinx/vpk180/production/1.0/board.xml as part xcvp1802-lsvc4072-2mp-e-s specified in board_part file is either invalid or not available
WARNING: [Board 49-26] cannot add Board Part xilinx.com:vpk180:part0:1.1 available at C:/Xilinx/Vivado/2024.1/data/xhub/boards/XilinxBoardStore/boards/Xilinx/vpk180/production/1.1/board.xml as part xcvp1802-lsvc4072-2mp-e-s specified in board_part file is either invalid or not available
WARNING: [Board 49-26] cannot add Board Part xilinx.com:vpk180:part0:1.2 available at C:/Xilinx/Vivado/2024.1/data/xhub/boards/XilinxBoardStore/boards/Xilinx/vpk180/production/1.2/board.xml as part xcvp1802-lsvc4072-2mp-e-s specified in board_part file is either invalid or not available
WARNING: [Board 49-26] cannot add Board Part xilinx.com:zcu208ld:part0:2.0 available at C:/Xilinx/Vivado/2024.1/data/xhub/boards/XilinxBoardStore/boards/Xilinx/zcu208ld/production/2.0/board.xml as part xczu58dr-fsvg1517-2-i specified in board_part file is either invalid or not available
WARNING: [Board 49-26] cannot add Board Part xilinx.com:zcu216ld:part0:2.0 available at C:/Xilinx/Vivado/2024.1/data/xhub/boards/XilinxBoardStore/boards/Xilinx/zcu216ld/production/2.0/board.xml as part xczu59dr-ffvf1760-2-i specified in board_part file is either invalid or not available
WARNING: [Board 49-26] cannot add Board Part xilinx.com:zcu670ld:part0:1.0 available at C:/Xilinx/Vivado/2024.1/data/xhub/boards/XilinxBoardStore/boards/Xilinx/zcu670ld/1.0/board.xml as part xczu57dr-fsve1156-2-i specified in board_part file is either invalid or not available
INFO: [filemgmt 56-3] Default IP Output Path : Could not find the directory 'C:/Users/zhanggenqi/Desktop/DSP_in_VLSI/HW2/VIVADO/DSP_in_VLSI_HW2_original_v1/DSP_in_VLSI_HW2_original_v1.gen/sources_1'.
Scanning sources...
Finished scanning sources
INFO: [IP_Flow 19-234] Refreshing IP repositories
INFO: [IP_Flow 19-1704] No user IP repositories specified
INFO: [IP_Flow 19-2313] Loaded Vivado IP repository 'C:/Xilinx/Vivado/2024.1/data/ip'.
open_project: Time (s): cpu = 00:00:19 ; elapsed = 00:00:09 . Memory (MB): peak = 1527.168 ; gain = 411.266
update_compile_order -fileset sources_1
launch_simulation -mode post-synthesis -type timing
Command: launch_simulation  -mode post-synthesis -type timing
INFO: [Vivado 12-12493] Simulation top is 'testbench'
WARNING: [Vivado 12-13340] Unable to auto find GCC executables from simulator install path! (path not set)
INFO: [Vivado 12-5682] Launching post-synthesis timing simulation in 'C:/Users/zhanggenqi/Desktop/DSP_in_VLSI/HW2/VIVADO/DSP_in_VLSI_HW2_original_v1/DSP_in_VLSI_HW2_original_v1.sim/sim_1/synth/timing/xsim'
INFO: [SIM-utils-51] Simulation object is 'sim_1'
INFO: [SIM-utils-72] Using boost library from 'C:/Xilinx/Vivado/2024.1/tps/boost_1_72_0'
Design is defaulting to impl run constrset: constrs_1
Design is defaulting to synth run part: xc7a200tfbg676-1
INFO: [Device 21-403] Loading part xc7a200tfbg676-1
INFO: [Device 21-9227] Part: xc7a200tfbg676-1 does not have CEAM library.
Netlist sorting complete. Time (s): cpu = 00:00:00 ; elapsed = 00:00:00.010 . Memory (MB): peak = 1987.762 ; gain = 0.000
INFO: [Netlist 29-17] Analyzing 250 Unisim elements for replacement
INFO: [Netlist 29-28] Unisim Transformation completed in 0 CPU seconds
INFO: [Project 1-479] Netlist was created with Vivado 2024.1
INFO: [Project 1-570] Preparing netlist for logic optimization
Parsing XDC File [C:/Users/zhanggenqi/Desktop/DSP_in_VLSI/HW2/VIVADO/DSP_in_VLSI_HW2_original_v1/constraint/DSP_in_VLSI_HW2_original.xdc]
INFO: [Timing 38-35] Done setting XDC timing constraints. [C:/Users/zhanggenqi/Desktop/DSP_in_VLSI/HW2/VIVADO/DSP_in_VLSI_HW2_original_v1/constraint/DSP_in_VLSI_HW2_original.xdc:2]
WARNING: [Constraints 18-6211] Setting input delay on a clock pin 'clk' relative to clock 'clk' defined on the same pin is not supported, ignoring it [C:/Users/zhanggenqi/Desktop/DSP_in_VLSI/HW2/VIVADO/DSP_in_VLSI_HW2_original_v1/constraint/DSP_in_VLSI_HW2_original.xdc:2]
Finished Parsing XDC File [C:/Users/zhanggenqi/Desktop/DSP_in_VLSI/HW2/VIVADO/DSP_in_VLSI_HW2_original_v1/constraint/DSP_in_VLSI_HW2_original.xdc]
INFO: [Opt 31-138] Pushed 0 inverter(s) to 0 load pin(s).
Netlist sorting complete. Time (s): cpu = 00:00:00 ; elapsed = 00:00:00 . Memory (MB): peak = 2681.457 ; gain = 0.000
INFO: [Project 1-111] Unisim Transformation Summary:
No Unisim elements were transformed.

open_run: Time (s): cpu = 00:00:16 ; elapsed = 00:00:12 . Memory (MB): peak = 2746.727 ; gain = 1211.656
INFO: [SIM-utils-24] Writing simulation netlist file for design 'synth_1'...
INFO: [SIM-utils-25] write_verilog -mode timesim -nolib -sdf_anno true -force -file "C:/Users/zhanggenqi/Desktop/DSP_in_VLSI/HW2/VIVADO/DSP_in_VLSI_HW2_original_v1/DSP_in_VLSI_HW2_original_v1.sim/sim_1/synth/timing/xsim/testbench_time_synth.v"
INFO: [SIM-utils-27] Writing SDF file...
INFO: [SIM-utils-28] write_sdf -mode timesim -process_corner slow -force -file "C:/Users/zhanggenqi/Desktop/DSP_in_VLSI/HW2/VIVADO/DSP_in_VLSI_HW2_original_v1/DSP_in_VLSI_HW2_original_v1.sim/sim_1/synth/timing/xsim/testbench_time_synth.sdf"
write_sdf: Time (s): cpu = 00:00:19 ; elapsed = 00:00:18 . Memory (MB): peak = 2784.547 ; gain = 12.473
INFO: [SIM-utils-36] Netlist generated:C:/Users/zhanggenqi/Desktop/DSP_in_VLSI/HW2/VIVADO/DSP_in_VLSI_HW2_original_v1/DSP_in_VLSI_HW2_original_v1.sim/sim_1/synth/timing/xsim/testbench_time_synth.v
INFO: [SIM-utils-37] SDF generated:C:/Users/zhanggenqi/Desktop/DSP_in_VLSI/HW2/VIVADO/DSP_in_VLSI_HW2_original_v1/DSP_in_VLSI_HW2_original_v1.sim/sim_1/synth/timing/xsim/testbench_time_synth.sdf
INFO: [SIM-utils-54] Inspecting design source files for 'testbench' in fileset 'sim_1'...
INFO: [USF-XSim-2] XSim::Compile design
INFO: [USF-XSim-61] Executing 'COMPILE and ANALYZE' step in 'C:/Users/zhanggenqi/Desktop/DSP_in_VLSI/HW2/VIVADO/DSP_in_VLSI_HW2_original_v1/DSP_in_VLSI_HW2_original_v1.sim/sim_1/synth/timing/xsim'
"xvlog --incr --relax -prj testbench_vlog.prj"
INFO: [VRFC 10-2263] Analyzing Verilog file "C:/Users/zhanggenqi/Desktop/DSP_in_VLSI/HW2/VIVADO/DSP_in_VLSI_HW2_original_v1/DSP_in_VLSI_HW2_original_v1.sim/sim_1/synth/timing/xsim/testbench_time_synth.v" into library xil_defaultlib
INFO: [VRFC 10-311] analyzing module FIR
INFO: [VRFC 10-311] analyzing module FIR_subblock
INFO: [VRFC 10-311] analyzing module FIR_subblock_0
INFO: [VRFC 10-311] analyzing module FIR_subblock_1
INFO: [VRFC 10-311] analyzing module FIR_subblock_10
INFO: [VRFC 10-311] analyzing module FIR_subblock_11
INFO: [VRFC 10-311] analyzing module FIR_subblock_12
INFO: [VRFC 10-311] analyzing module FIR_subblock_13
INFO: [VRFC 10-311] analyzing module FIR_subblock_14
INFO: [VRFC 10-311] analyzing module FIR_subblock_15
INFO: [VRFC 10-311] analyzing module FIR_subblock_2
INFO: [VRFC 10-311] analyzing module FIR_subblock_3
INFO: [VRFC 10-311] analyzing module FIR_subblock_4
INFO: [VRFC 10-311] analyzing module FIR_subblock_5
INFO: [VRFC 10-311] analyzing module FIR_subblock_6
INFO: [VRFC 10-311] analyzing module FIR_subblock_7
INFO: [VRFC 10-311] analyzing module FIR_subblock_8
INFO: [VRFC 10-311] analyzing module FIR_subblock_9
INFO: [VRFC 10-311] analyzing module glbl
INFO: [VRFC 10-2263] Analyzing Verilog file "C:/Users/zhanggenqi/Desktop/DSP_in_VLSI/HW2/TESTBED/testbench.v" into library xil_defaultlib
INFO: [VRFC 10-311] analyzing module testbench
INFO: [VRFC 10-311] analyzing module clk_gen
INFO: [USF-XSim-69] 'compile' step finished in '1' seconds
INFO: [USF-XSim-3] XSim::Elaborate design
INFO: [USF-XSim-61] Executing 'ELABORATE' step in 'C:/Users/zhanggenqi/Desktop/DSP_in_VLSI/HW2/VIVADO/DSP_in_VLSI_HW2_original_v1/DSP_in_VLSI_HW2_original_v1.sim/sim_1/synth/timing/xsim'
"xelab --incr --debug typical --relax --mt 2 --maxdelay -L xil_defaultlib -L simprims_ver -L secureip --snapshot testbench_time_synth -transport_int_delays -pulse_r 0 -pulse_int_r 0 -pulse_e 0 -pulse_int_e 0 xil_defaultlib.testbench xil_defaultlib.glbl -log elaborate.log"
Vivado Simulator v2024.1
Copyright 1986-2022 Xilinx, Inc. All Rights Reserved.
Copyright 2022-2024 Advanced Micro Devices, Inc. All Rights Reserved.
Running: C:/Xilinx/Vivado/2024.1/bin/unwrapped/win64.o/xelab.exe --incr --debug typical --relax --mt 2 --maxdelay -L xil_defaultlib -L simprims_ver -L secureip --snapshot testbench_time_synth -transport_int_delays -pulse_r 0 -pulse_int_r 0 -pulse_e 0 -pulse_int_e 0 xil_defaultlib.testbench xil_defaultlib.glbl -log elaborate.log 
Using 2 slave threads.
Starting static elaboration
Pass Through NonSizing Optimizer
ERROR: [VRFC 10-3180] cannot find port 'FilterOut2' on this module [C:/Users/zhanggenqi/Desktop/DSP_in_VLSI/HW2/TESTBED/testbench.v:59]
ERROR: [VRFC 10-3180] cannot find port 'FilterOut1' on this module [C:/Users/zhanggenqi/Desktop/DSP_in_VLSI/HW2/TESTBED/testbench.v:58]
ERROR: [VRFC 10-3180] cannot find port 'FilterIn2' on this module [C:/Users/zhanggenqi/Desktop/DSP_in_VLSI/HW2/TESTBED/testbench.v:56]
ERROR: [VRFC 10-3180] cannot find port 'FilterIn1' on this module [C:/Users/zhanggenqi/Desktop/DSP_in_VLSI/HW2/TESTBED/testbench.v:55]
ERROR: [VRFC 10-8530] module 'FDRE_default' is ignored due to previous errors [/proj/rdi/data/CLs/5074560/data/verilog/src/unisims/FDRE.v:27]
ERROR: [VRFC 10-8530] module 'DSP48E1(ALUMODEREG=0,BCASCREG=0,BREG=0,CARRYINREG=0,CARRYINSELREG=0,INMODEREG=0,MREG=0,OPMODEREG=0,PREG=0)' is ignored due to previous errors [/proj/rdi/data/CLs/5074560/data/verilog/src/unisims/DSP48E1.v:28]
ERROR: [XSIM 43-3322] Static elaboration of top level Verilog design unit(s) in library work failed.
INFO: [USF-XSim-69] 'elaborate' step finished in '2' seconds
INFO: [USF-XSim-99] Step results log file:'C:/Users/zhanggenqi/Desktop/DSP_in_VLSI/HW2/VIVADO/DSP_in_VLSI_HW2_original_v1/DSP_in_VLSI_HW2_original_v1.sim/sim_1/synth/timing/xsim/elaborate.log'
ERROR: [USF-XSim-62] 'elaborate' step failed with error(s). Please check the Tcl console output or 'C:/Users/zhanggenqi/Desktop/DSP_in_VLSI/HW2/VIVADO/DSP_in_VLSI_HW2_original_v1/DSP_in_VLSI_HW2_original_v1.sim/sim_1/synth/timing/xsim/elaborate.log' file for more information.
ERROR: [Vivado 12-4473] Detected error while running simulation. Please correct the issue and retry this operation.
launch_simulation: Time (s): cpu = 00:00:36 ; elapsed = 00:00:33 . Memory (MB): peak = 2784.547 ; gain = 1249.477
ERROR: [Common 17-39] 'launch_simulation' failed due to earlier errors.
launch_simulation -mode post-synthesis -type timing
Command: launch_simulation  -mode post-synthesis -type timing
INFO: [Vivado 12-12493] Simulation top is 'testbench'
WARNING: [Vivado 12-13340] Unable to auto find GCC executables from simulator install path! (path not set)
INFO: [Vivado 12-5682] Launching post-synthesis timing simulation in 'C:/Users/zhanggenqi/Desktop/DSP_in_VLSI/HW2/VIVADO/DSP_in_VLSI_HW2_original_v1/DSP_in_VLSI_HW2_original_v1.sim/sim_1/synth/timing/xsim'
INFO: [SIM-utils-51] Simulation object is 'sim_1'
INFO: [SIM-utils-72] Using boost library from 'C:/Xilinx/Vivado/2024.1/tps/boost_1_72_0'
INFO: [SIM-utils-24] Writing simulation netlist file for design 'synth_1'...
INFO: [SIM-utils-25] write_verilog -mode timesim -nolib -sdf_anno true -force -file "C:/Users/zhanggenqi/Desktop/DSP_in_VLSI/HW2/VIVADO/DSP_in_VLSI_HW2_original_v1/DSP_in_VLSI_HW2_original_v1.sim/sim_1/synth/timing/xsim/testbench_time_synth.v"
INFO: [SIM-utils-27] Writing SDF file...
INFO: [SIM-utils-28] write_sdf -mode timesim -process_corner slow -force -file "C:/Users/zhanggenqi/Desktop/DSP_in_VLSI/HW2/VIVADO/DSP_in_VLSI_HW2_original_v1/DSP_in_VLSI_HW2_original_v1.sim/sim_1/synth/timing/xsim/testbench_time_synth.sdf"
write_sdf: Time (s): cpu = 00:00:18 ; elapsed = 00:00:17 . Memory (MB): peak = 2784.547 ; gain = 0.000
INFO: [SIM-utils-36] Netlist generated:C:/Users/zhanggenqi/Desktop/DSP_in_VLSI/HW2/VIVADO/DSP_in_VLSI_HW2_original_v1/DSP_in_VLSI_HW2_original_v1.sim/sim_1/synth/timing/xsim/testbench_time_synth.v
INFO: [SIM-utils-37] SDF generated:C:/Users/zhanggenqi/Desktop/DSP_in_VLSI/HW2/VIVADO/DSP_in_VLSI_HW2_original_v1/DSP_in_VLSI_HW2_original_v1.sim/sim_1/synth/timing/xsim/testbench_time_synth.sdf
INFO: [SIM-utils-54] Inspecting design source files for 'testbench' in fileset 'sim_1'...
INFO: [USF-XSim-2] XSim::Compile design
INFO: [USF-XSim-61] Executing 'COMPILE and ANALYZE' step in 'C:/Users/zhanggenqi/Desktop/DSP_in_VLSI/HW2/VIVADO/DSP_in_VLSI_HW2_original_v1/DSP_in_VLSI_HW2_original_v1.sim/sim_1/synth/timing/xsim'
"xvlog --incr --relax -prj testbench_vlog.prj"
INFO: [VRFC 10-2263] Analyzing Verilog file "C:/Users/zhanggenqi/Desktop/DSP_in_VLSI/HW2/VIVADO/DSP_in_VLSI_HW2_original_v1/DSP_in_VLSI_HW2_original_v1.sim/sim_1/synth/timing/xsim/testbench_time_synth.v" into library xil_defaultlib
INFO: [VRFC 10-311] analyzing module FIR
INFO: [VRFC 10-311] analyzing module FIR_subblock
INFO: [VRFC 10-311] analyzing module FIR_subblock_0
INFO: [VRFC 10-311] analyzing module FIR_subblock_1
INFO: [VRFC 10-311] analyzing module FIR_subblock_10
INFO: [VRFC 10-311] analyzing module FIR_subblock_11
INFO: [VRFC 10-311] analyzing module FIR_subblock_12
INFO: [VRFC 10-311] analyzing module FIR_subblock_13
INFO: [VRFC 10-311] analyzing module FIR_subblock_14
INFO: [VRFC 10-311] analyzing module FIR_subblock_15
INFO: [VRFC 10-311] analyzing module FIR_subblock_2
INFO: [VRFC 10-311] analyzing module FIR_subblock_3
INFO: [VRFC 10-311] analyzing module FIR_subblock_4
INFO: [VRFC 10-311] analyzing module FIR_subblock_5
INFO: [VRFC 10-311] analyzing module FIR_subblock_6
INFO: [VRFC 10-311] analyzing module FIR_subblock_7
INFO: [VRFC 10-311] analyzing module FIR_subblock_8
INFO: [VRFC 10-311] analyzing module FIR_subblock_9
INFO: [VRFC 10-311] analyzing module glbl
INFO: [VRFC 10-2263] Analyzing Verilog file "C:/Users/zhanggenqi/Desktop/DSP_in_VLSI/HW2/TESTBED/testbench.v" into library xil_defaultlib
INFO: [VRFC 10-311] analyzing module testbench
INFO: [VRFC 10-311] analyzing module clk_gen
INFO: [USF-XSim-69] 'compile' step finished in '2' seconds
INFO: [USF-XSim-3] XSim::Elaborate design
INFO: [USF-XSim-61] Executing 'ELABORATE' step in 'C:/Users/zhanggenqi/Desktop/DSP_in_VLSI/HW2/VIVADO/DSP_in_VLSI_HW2_original_v1/DSP_in_VLSI_HW2_original_v1.sim/sim_1/synth/timing/xsim'
"xelab --incr --debug typical --relax --mt 2 --maxdelay -L xil_defaultlib -L simprims_ver -L secureip --snapshot testbench_time_synth -transport_int_delays -pulse_r 0 -pulse_int_r 0 -pulse_e 0 -pulse_int_e 0 xil_defaultlib.testbench xil_defaultlib.glbl -log elaborate.log"
Vivado Simulator v2024.1
Copyright 1986-2022 Xilinx, Inc. All Rights Reserved.
Copyright 2022-2024 Advanced Micro Devices, Inc. All Rights Reserved.
Running: C:/Xilinx/Vivado/2024.1/bin/unwrapped/win64.o/xelab.exe --incr --debug typical --relax --mt 2 --maxdelay -L xil_defaultlib -L simprims_ver -L secureip --snapshot testbench_time_synth -transport_int_delays -pulse_r 0 -pulse_int_r 0 -pulse_e 0 -pulse_int_e 0 xil_defaultlib.testbench xil_defaultlib.glbl -log elaborate.log 
Using 2 slave threads.
Starting static elaboration
Pass Through NonSizing Optimizer
Completed static elaboration
Starting simulation data flow analysis
Completed simulation data flow analysis
WARNING: [XSIM 43-3918] Unable to determine HDL language type of design hierarchy in SDF. Returning without back annotation.
Time Resolution for simulation is 1ps
Compiling module xil_defaultlib.clk_gen
Compiling module simprims_ver.IBUF
Compiling module simprims_ver.OBUF
Compiling module simprims_ver.BUFG
Compiling module simprims_ver.CARRY4
Compiling module simprims_ver.x_lut3_mux8
Compiling module simprims_ver.LUT3
Compiling module simprims_ver.LUT4
Compiling module simprims_ver.LUT5
Compiling module simprims_ver.x_lut2_mux4
Compiling module simprims_ver.LUT2
Compiling module simprims_ver.FDRE_default
Compiling module simprims_ver.DSP48E1(ALUMODEREG=0,BCASCREG=0,...
Compiling module simprims_ver.x_lut1_mux2
Compiling module simprims_ver.LUT1
Compiling module xil_defaultlib.FIR_subblock
Compiling module xil_defaultlib.FIR_subblock_0
Compiling module xil_defaultlib.FIR_subblock_1
Compiling module xil_defaultlib.FIR_subblock_2
Compiling module xil_defaultlib.FIR_subblock_3
Compiling module xil_defaultlib.FIR_subblock_4
Compiling module xil_defaultlib.FIR_subblock_5
Compiling module xil_defaultlib.FIR_subblock_6
Compiling module xil_defaultlib.FIR_subblock_7
Compiling module xil_defaultlib.FIR_subblock_8
Compiling module xil_defaultlib.FIR_subblock_9
Compiling module xil_defaultlib.FIR_subblock_10
Compiling module xil_defaultlib.FIR_subblock_11
Compiling module xil_defaultlib.FIR_subblock_12
Compiling module xil_defaultlib.FIR_subblock_13
Compiling module xil_defaultlib.FIR_subblock_14
Compiling module xil_defaultlib.FIR_subblock_15
Compiling module xil_defaultlib.FIR
Compiling module xil_defaultlib.testbench
Compiling module xil_defaultlib.glbl
Built simulation snapshot testbench_time_synth
run_program: Time (s): cpu = 00:00:01 ; elapsed = 00:00:12 . Memory (MB): peak = 2784.547 ; gain = 0.000
INFO: [USF-XSim-69] 'elaborate' step finished in '11' seconds
INFO: [USF-XSim-4] XSim::Simulate design
INFO: [USF-XSim-61] Executing 'SIMULATE' step in 'C:/Users/zhanggenqi/Desktop/DSP_in_VLSI/HW2/VIVADO/DSP_in_VLSI_HW2_original_v1/DSP_in_VLSI_HW2_original_v1.sim/sim_1/synth/timing/xsim'
INFO: [USF-XSim-98] *** Running xsim
   with args "testbench_time_synth -key {Post-Synthesis:sim_1:Timing:testbench} -tclbatch {testbench.tcl} -view {C:/Users/zhanggenqi/Desktop/DSP_in_VLSI/HW2/VIVADO/DSP_in_VLSI_HW2_original_v1/waveform/testbench_behav.wcfg} -log {simulate.log}"
INFO: [USF-XSim-8] Loading simulator feature
Time resolution is 1 ps
open_wave_config C:/Users/zhanggenqi/Desktop/DSP_in_VLSI/HW2/VIVADO/DSP_in_VLSI_HW2_original_v1/waveform/testbench_behav.wcfg
WARNING: Simulation object /testbench/FIR_u0/input_FF was not found in the design.
WARNING: Simulation object /testbench/FIR_u0/valid_in_FF2 was not found in the design.
WARNING: Simulation object /testbench/FIR_u0/interconnet was not found in the design.
source testbench.tcl
# set curr_wave [current_wave_config]
# if { [string length $curr_wave] == 0 } {
#   if { [llength [get_objects]] > 0} {
#     add_wave /
#     set_property needs_save false [current_wave_config]
#   } else {
#      send_msg_id Add_Wave-1 WARNING "No top level signals found. Simulator will start without a wave window. If you want to open a wave window go to 'File->New Waveform Configuration' or type 'create_wave_config' in the TCL console."
#   }
# }
# run 1000ns
INFO: [USF-XSim-96] XSim completed. Design snapshot 'testbench_time_synth' loaded.
INFO: [USF-XSim-97] XSim simulation ran for 1000ns
launch_simulation: Time (s): cpu = 00:00:22 ; elapsed = 00:00:34 . Memory (MB): peak = 2795.766 ; gain = 11.219
restart
INFO: [Wavedata 42-604] Simulation restarted
run all
SIMULATION END
$finish called at time : 18072 ns : File "C:/Users/zhanggenqi/Desktop/DSP_in_VLSI/HW2/TESTBED/testbench.v" Line 195
close_sim
INFO: [Simtcl 6-16] Simulation closed
exit
INFO: [Common 17-206] Exiting Vivado at Tue Mar 25 20:09:44 2025...
