Vivado Simulator v2024.1
Copyright 1986-2022 Xilinx, Inc. All Rights Reserved.
Copyright 2022-2024 Advanced Micro Devices, Inc. All Rights Reserved.
Running: C:/Xilinx/Vivado/2024.1/bin/unwrapped/win64.o/xelab.exe --incr --debug typical --relax --mt 2 -L xil_defaultlib -L unisims_ver -L unimacro_ver -L secureip --snapshot testbench_behav xil_defaultlib.testbench xil_defaultlib.glbl -log elaborate.log 
Using 2 slave threads.
Starting static elaboration
Pass Through NonSizing Optimizer
WARNING: [VRFC 10-3091] actual bit length 32 differs from formal bit length 5 for port 'const_stage_idx' [C:/Users/zhanggenqi/Desktop/DSP_in_VLSI/FINAL/RTL/CORDIC.v:51]
WARNING: [VRFC 10-3091] actual bit length 32 differs from formal bit length 5 for port 'const_stage_idx' [C:/Users/zhanggenqi/Desktop/DSP_in_VLSI/FINAL/RTL/CORDIC.v:52]
WARNING: [VRFC 10-3091] actual bit length 32 differs from formal bit length 5 for port 'const_stage_idx' [C:/Users/zhanggenqi/Desktop/DSP_in_VLSI/FINAL/RTL/CORDIC.v:53]
WARNING: [VRFC 10-3091] actual bit length 32 differs from formal bit length 5 for port 'const_stage_idx' [C:/Users/zhanggenqi/Desktop/DSP_in_VLSI/FINAL/RTL/CORDIC.v:54]
WARNING: [VRFC 10-3091] actual bit length 32 differs from formal bit length 5 for port 'const_stage_idx' [C:/Users/zhanggenqi/Desktop/DSP_in_VLSI/FINAL/RTL/CORDIC.v:55]
WARNING: [VRFC 10-3091] actual bit length 32 differs from formal bit length 5 for port 'const_stage_idx' [C:/Users/zhanggenqi/Desktop/DSP_in_VLSI/FINAL/RTL/CORDIC.v:56]
WARNING: [VRFC 10-3091] actual bit length 32 differs from formal bit length 5 for port 'const_stage_idx' [C:/Users/zhanggenqi/Desktop/DSP_in_VLSI/FINAL/RTL/CORDIC.v:57]
WARNING: [VRFC 10-3091] actual bit length 32 differs from formal bit length 5 for port 'const_stage_idx' [C:/Users/zhanggenqi/Desktop/DSP_in_VLSI/FINAL/RTL/CORDIC.v:58]
WARNING: [VRFC 10-3091] actual bit length 32 differs from formal bit length 5 for port 'const_stage_idx' [C:/Users/zhanggenqi/Desktop/DSP_in_VLSI/FINAL/RTL/CORDIC.v:59]
WARNING: [VRFC 10-3091] actual bit length 32 differs from formal bit length 5 for port 'const_stage_idx' [C:/Users/zhanggenqi/Desktop/DSP_in_VLSI/FINAL/RTL/CORDIC.v:60]
WARNING: [VRFC 10-3091] actual bit length 32 differs from formal bit length 5 for port 'const_stage_idx' [C:/Users/zhanggenqi/Desktop/DSP_in_VLSI/FINAL/RTL/CORDIC.v:61]
WARNING: [VRFC 10-3091] actual bit length 32 differs from formal bit length 5 for port 'const_stage_idx' [C:/Users/zhanggenqi/Desktop/DSP_in_VLSI/FINAL/RTL/CORDIC.v:62]
WARNING: [VRFC 10-3091] actual bit length 32 differs from formal bit length 5 for port 'const_stage_idx' [C:/Users/zhanggenqi/Desktop/DSP_in_VLSI/FINAL/RTL/CORDIC.v:63]
WARNING: [VRFC 10-3091] actual bit length 32 differs from formal bit length 5 for port 'const_stage_idx' [C:/Users/zhanggenqi/Desktop/DSP_in_VLSI/FINAL/RTL/CORDIC.v:64]
WARNING: [VRFC 10-3091] actual bit length 32 differs from formal bit length 5 for port 'const_stage_idx' [C:/Users/zhanggenqi/Desktop/DSP_in_VLSI/FINAL/RTL/CORDIC.v:65]
WARNING: [VRFC 10-3091] actual bit length 32 differs from formal bit length 5 for port 'const_stage_idx' [C:/Users/zhanggenqi/Desktop/DSP_in_VLSI/FINAL/RTL/CORDIC.v:66]
Completed static elaboration
Starting simulation data flow analysis
WARNING: [XSIM 43-4099] "C:/Users/zhanggenqi/Desktop/DSP_in_VLSI/FINAL/RTL/CORDIC.v" Line 5. Module CORDIC doesn't have a timescale but at least one module in design has a timescale.
WARNING: [XSIM 43-4099] "C:/Users/zhanggenqi/Desktop/DSP_in_VLSI/FINAL/RTL/CORDIC.v" Line 214. Module single_stage doesn't have a timescale but at least one module in design has a timescale.
WARNING: [XSIM 43-4099] "C:/Users/zhanggenqi/Desktop/DSP_in_VLSI/FINAL/RTL/CORDIC.v" Line 214. Module single_stage doesn't have a timescale but at least one module in design has a timescale.
WARNING: [XSIM 43-4099] "C:/Users/zhanggenqi/Desktop/DSP_in_VLSI/FINAL/RTL/CORDIC.v" Line 214. Module single_stage doesn't have a timescale but at least one module in design has a timescale.
WARNING: [XSIM 43-4099] "C:/Users/zhanggenqi/Desktop/DSP_in_VLSI/FINAL/RTL/CORDIC.v" Line 214. Module single_stage doesn't have a timescale but at least one module in design has a timescale.
WARNING: [XSIM 43-4099] "C:/Users/zhanggenqi/Desktop/DSP_in_VLSI/FINAL/RTL/CORDIC.v" Line 214. Module single_stage doesn't have a timescale but at least one module in design has a timescale.
WARNING: [XSIM 43-4099] "C:/Users/zhanggenqi/Desktop/DSP_in_VLSI/FINAL/RTL/CORDIC.v" Line 214. Module single_stage doesn't have a timescale but at least one module in design has a timescale.
WARNING: [XSIM 43-4099] "C:/Users/zhanggenqi/Desktop/DSP_in_VLSI/FINAL/RTL/CORDIC.v" Line 214. Module single_stage doesn't have a timescale but at least one module in design has a timescale.
WARNING: [XSIM 43-4099] "C:/Users/zhanggenqi/Desktop/DSP_in_VLSI/FINAL/RTL/CORDIC.v" Line 214. Module single_stage doesn't have a timescale but at least one module in design has a timescale.
WARNING: [XSIM 43-4099] "C:/Users/zhanggenqi/Desktop/DSP_in_VLSI/FINAL/RTL/CORDIC.v" Line 214. Module single_stage doesn't have a timescale but at least one module in design has a timescale.
WARNING: [XSIM 43-4099] "C:/Users/zhanggenqi/Desktop/DSP_in_VLSI/FINAL/RTL/CORDIC.v" Line 214. Module single_stage doesn't have a timescale but at least one module in design has a timescale.
WARNING: [XSIM 43-4099] "C:/Users/zhanggenqi/Desktop/DSP_in_VLSI/FINAL/RTL/CORDIC.v" Line 214. Module single_stage doesn't have a timescale but at least one module in design has a timescale.
WARNING: [XSIM 43-4099] "C:/Users/zhanggenqi/Desktop/DSP_in_VLSI/FINAL/RTL/CORDIC.v" Line 214. Module single_stage doesn't have a timescale but at least one module in design has a timescale.
WARNING: [XSIM 43-4099] "C:/Users/zhanggenqi/Desktop/DSP_in_VLSI/FINAL/RTL/CORDIC.v" Line 214. Module single_stage doesn't have a timescale but at least one module in design has a timescale.
WARNING: [XSIM 43-4099] "C:/Users/zhanggenqi/Desktop/DSP_in_VLSI/FINAL/RTL/CORDIC.v" Line 214. Module single_stage doesn't have a timescale but at least one module in design has a timescale.
WARNING: [XSIM 43-4099] "C:/Users/zhanggenqi/Desktop/DSP_in_VLSI/FINAL/RTL/CORDIC.v" Line 214. Module single_stage doesn't have a timescale but at least one module in design has a timescale.
WARNING: [XSIM 43-4099] "C:/Users/zhanggenqi/Desktop/DSP_in_VLSI/FINAL/RTL/CORDIC.v" Line 214. Module single_stage doesn't have a timescale but at least one module in design has a timescale.
WARNING: [XSIM 43-4099] "C:/Users/zhanggenqi/Desktop/DSP_in_VLSI/FINAL/RTL/CORDIC.v" Line 5. Module CORDIC doesn't have a timescale but at least one module in design has a timescale.
WARNING: [XSIM 43-4099] "C:/Users/zhanggenqi/Desktop/DSP_in_VLSI/FINAL/RTL/CORDIC.v" Line 214. Module single_stage doesn't have a timescale but at least one module in design has a timescale.
WARNING: [XSIM 43-4099] "C:/Users/zhanggenqi/Desktop/DSP_in_VLSI/FINAL/RTL/CORDIC.v" Line 214. Module single_stage doesn't have a timescale but at least one module in design has a timescale.
WARNING: [XSIM 43-4099] "C:/Users/zhanggenqi/Desktop/DSP_in_VLSI/FINAL/RTL/CORDIC.v" Line 214. Module single_stage doesn't have a timescale but at least one module in design has a timescale.
WARNING: [XSIM 43-4099] "C:/Users/zhanggenqi/Desktop/DSP_in_VLSI/FINAL/RTL/CORDIC.v" Line 214. Module single_stage doesn't have a timescale but at least one module in design has a timescale.
WARNING: [XSIM 43-4099] "C:/Users/zhanggenqi/Desktop/DSP_in_VLSI/FINAL/RTL/CORDIC.v" Line 214. Module single_stage doesn't have a timescale but at least one module in design has a timescale.
WARNING: [XSIM 43-4099] "C:/Users/zhanggenqi/Desktop/DSP_in_VLSI/FINAL/RTL/CORDIC.v" Line 214. Module single_stage doesn't have a timescale but at least one module in design has a timescale.
WARNING: [XSIM 43-4099] "C:/Users/zhanggenqi/Desktop/DSP_in_VLSI/FINAL/RTL/CORDIC.v" Line 214. Module single_stage doesn't have a timescale but at least one module in design has a timescale.
WARNING: [XSIM 43-4099] "C:/Users/zhanggenqi/Desktop/DSP_in_VLSI/FINAL/RTL/CORDIC.v" Line 214. Module single_stage doesn't have a timescale but at least one module in design has a timescale.
WARNING: [XSIM 43-4099] "C:/Users/zhanggenqi/Desktop/DSP_in_VLSI/FINAL/RTL/CORDIC.v" Line 214. Module single_stage doesn't have a timescale but at least one module in design has a timescale.
WARNING: [XSIM 43-4099] "C:/Users/zhanggenqi/Desktop/DSP_in_VLSI/FINAL/RTL/CORDIC.v" Line 214. Module single_stage doesn't have a timescale but at least one module in design has a timescale.
WARNING: [XSIM 43-4099] "C:/Users/zhanggenqi/Desktop/DSP_in_VLSI/FINAL/RTL/CORDIC.v" Line 214. Module single_stage doesn't have a timescale but at least one module in design has a timescale.
WARNING: [XSIM 43-4099] "C:/Users/zhanggenqi/Desktop/DSP_in_VLSI/FINAL/RTL/CORDIC.v" Line 214. Module single_stage doesn't have a timescale but at least one module in design has a timescale.
WARNING: [XSIM 43-4099] "C:/Users/zhanggenqi/Desktop/DSP_in_VLSI/FINAL/RTL/CORDIC.v" Line 214. Module single_stage doesn't have a timescale but at least one module in design has a timescale.
WARNING: [XSIM 43-4099] "C:/Users/zhanggenqi/Desktop/DSP_in_VLSI/FINAL/RTL/CORDIC.v" Line 214. Module single_stage doesn't have a timescale but at least one module in design has a timescale.
WARNING: [XSIM 43-4099] "C:/Users/zhanggenqi/Desktop/DSP_in_VLSI/FINAL/RTL/CORDIC.v" Line 214. Module single_stage doesn't have a timescale but at least one module in design has a timescale.
WARNING: [XSIM 43-4099] "C:/Users/zhanggenqi/Desktop/DSP_in_VLSI/FINAL/RTL/CORDIC.v" Line 214. Module single_stage doesn't have a timescale but at least one module in design has a timescale.
Completed simulation data flow analysis
Time Resolution for simulation is 1ps
Compiling module xil_defaultlib.clk_gen
Compiling module xil_defaultlib.single_stage
Compiling module xil_defaultlib.CORDIC
Compiling module xil_defaultlib.testbench
Compiling module xil_defaultlib.glbl
Built simulation snapshot testbench_behav
