
*** Running vivado
    with args -log parabolic_interpolator.vds -m64 -product Vivado -mode batch -messageDb vivado.pb -notrace -source parabolic_interpolator.tcl



****** Vivado v2024.1 (64-bit)
  **** SW Build 5076996 on Wed May 22 18:37:14 MDT 2024
  **** IP Build 5075265 on Wed May 22 21:45:21 MDT 2024
  **** SharedData Build 5076995 on Wed May 22 18:29:18 MDT 2024
  **** Start of session at: Tue Apr  8 23:57:59 2025
    ** Copyright 1986-2022 Xilinx, Inc. All Rights Reserved.
    ** Copyright 2022-2024 Advanced Micro Devices, Inc. All Rights Reserved.

source parabolic_interpolator.tcl -notrace
create_project: Time (s): cpu = 00:00:05 ; elapsed = 00:00:06 . Memory (MB): peak = 513.352 ; gain = 196.090
Command: read_checkpoint -auto_incremental -incremental C:/Users/zhanggenqi/Desktop/DSP_in_VLSI/HW3/VIVADO/DSP_in_VLSI_HW3_v1/DSP_in_VLSI_HW3_v1.srcs/utils_1/imports/synth_1/parabolic_interpolator.dcp
INFO: [Vivado 12-5825] Read reference checkpoint from C:/Users/zhanggenqi/Desktop/DSP_in_VLSI/HW3/VIVADO/DSP_in_VLSI_HW3_v1/DSP_in_VLSI_HW3_v1.srcs/utils_1/imports/synth_1/parabolic_interpolator.dcp for incremental synthesis
INFO: [Vivado 12-7989] Please ensure there are no constraint changes
Command: synth_design -top parabolic_interpolator -part xc7a200tfbg676-1
Starting synth_design
Attempting to get a license for feature 'Synthesis' and/or device 'xc7a200t'
INFO: [Common 17-349] Got license for feature 'Synthesis' and/or device 'xc7a200t'
INFO: [Device 21-403] Loading part xc7a200tfbg676-1
INFO: [Device 21-9227] Part: xc7a200tfbg676-1 does not have CEAM library.
INFO: [Designutils 20-5440] No compile time benefit to using incremental synthesis; A full resynthesis will be run
INFO: [Designutils 20-4379] Flow is switching to default flow due to incremental criteria not met. If you would like to alter this behaviour and have the flow terminate instead, please set the following parameter config_implementation {autoIncr.Synth.RejectBehavior Terminate}
INFO: [Synth 8-7079] Multithreading enabled for synth_design using a maximum of 2 processes.
INFO: [Synth 8-7078] Launching helper process for spawning children vivado processes
INFO: [Synth 8-7075] Helper process launched with PID 6496
---------------------------------------------------------------------------------
Starting RTL Elaboration : Time (s): cpu = 00:00:03 ; elapsed = 00:00:03 . Memory (MB): peak = 1427.152 ; gain = 454.137
---------------------------------------------------------------------------------
INFO: [Synth 8-6157] synthesizing module 'parabolic_interpolator' [C:/Users/zhanggenqi/Desktop/DSP_in_VLSI/HW3/RTL/parabolic_interpolator.v:7]
INFO: [Synth 8-6157] synthesizing module 'TF32_div2' [C:/Users/zhanggenqi/Desktop/DSP_in_VLSI/HW3/RTL/TF32_div2.v:10]
INFO: [Synth 8-6155] done synthesizing module 'TF32_div2' (0#1) [C:/Users/zhanggenqi/Desktop/DSP_in_VLSI/HW3/RTL/TF32_div2.v:10]
INFO: [Synth 8-6157] synthesizing module 'TF32_reverse_sign' [C:/Users/zhanggenqi/Desktop/DSP_in_VLSI/HW3/RTL/TF32_reverse_sign.v:10]
INFO: [Synth 8-6155] done synthesizing module 'TF32_reverse_sign' (0#1) [C:/Users/zhanggenqi/Desktop/DSP_in_VLSI/HW3/RTL/TF32_reverse_sign.v:10]
INFO: [Synth 8-6157] synthesizing module 'TF32_add' [C:/Users/zhanggenqi/Desktop/DSP_in_VLSI/HW3/RTL/TF32_add.v:13]
INFO: [Synth 8-6155] done synthesizing module 'TF32_add' (0#1) [C:/Users/zhanggenqi/Desktop/DSP_in_VLSI/HW3/RTL/TF32_add.v:13]
INFO: [Synth 8-6157] synthesizing module 'TF32_mul' [C:/Users/zhanggenqi/Desktop/DSP_in_VLSI/HW3/RTL/TF32_mul.v:11]
INFO: [Synth 8-6155] done synthesizing module 'TF32_mul' (0#1) [C:/Users/zhanggenqi/Desktop/DSP_in_VLSI/HW3/RTL/TF32_mul.v:11]
INFO: [Synth 8-6155] done synthesizing module 'parabolic_interpolator' (0#1) [C:/Users/zhanggenqi/Desktop/DSP_in_VLSI/HW3/RTL/parabolic_interpolator.v:7]
---------------------------------------------------------------------------------
Finished RTL Elaboration : Time (s): cpu = 00:00:04 ; elapsed = 00:00:05 . Memory (MB): peak = 1543.207 ; gain = 570.191
---------------------------------------------------------------------------------
---------------------------------------------------------------------------------
Start Handling Custom Attributes
---------------------------------------------------------------------------------
---------------------------------------------------------------------------------
Finished Handling Custom Attributes : Time (s): cpu = 00:00:04 ; elapsed = 00:00:05 . Memory (MB): peak = 1543.207 ; gain = 570.191
---------------------------------------------------------------------------------
---------------------------------------------------------------------------------
Finished RTL Optimization Phase 1 : Time (s): cpu = 00:00:04 ; elapsed = 00:00:05 . Memory (MB): peak = 1543.207 ; gain = 570.191
---------------------------------------------------------------------------------
Netlist sorting complete. Time (s): cpu = 00:00:00 ; elapsed = 00:00:00.025 . Memory (MB): peak = 1543.207 ; gain = 0.000
INFO: [Project 1-570] Preparing netlist for logic optimization

Processing XDC Constraints
Initializing timing engine
Parsing XDC File [C:/Users/zhanggenqi/Desktop/DSP_in_VLSI/HW3/VIVADO/DSP_in_VLSI_HW3_v1/constraint/DSP_in_VLSI_HW3.xdc]
WARNING: [Constraints 18-6211] Setting input delay on a clock pin 'clk' relative to clock 'clk' defined on the same pin is not supported, ignoring it [C:/Users/zhanggenqi/Desktop/DSP_in_VLSI/HW3/VIVADO/DSP_in_VLSI_HW3_v1/constraint/DSP_in_VLSI_HW3.xdc:2]
Finished Parsing XDC File [C:/Users/zhanggenqi/Desktop/DSP_in_VLSI/HW3/VIVADO/DSP_in_VLSI_HW3_v1/constraint/DSP_in_VLSI_HW3.xdc]
Completed Processing XDC Constraints

Netlist sorting complete. Time (s): cpu = 00:00:00 ; elapsed = 00:00:00.001 . Memory (MB): peak = 1644.641 ; gain = 0.000
INFO: [Project 1-111] Unisim Transformation Summary:
No Unisim elements were transformed.

Constraint Validation Runtime : Time (s): cpu = 00:00:00 ; elapsed = 00:00:00.004 . Memory (MB): peak = 1644.641 ; gain = 0.000
INFO: [Designutils 20-5440] No compile time benefit to using incremental synthesis; A full resynthesis will be run
INFO: [Designutils 20-4379] Flow is switching to default flow due to incremental criteria not met. If you would like to alter this behaviour and have the flow terminate instead, please set the following parameter config_implementation {autoIncr.Synth.RejectBehavior Terminate}
---------------------------------------------------------------------------------
Finished Constraint Validation : Time (s): cpu = 00:00:10 ; elapsed = 00:00:10 . Memory (MB): peak = 1644.641 ; gain = 671.625
---------------------------------------------------------------------------------
---------------------------------------------------------------------------------
Start Loading Part and Timing Information
---------------------------------------------------------------------------------
Loading part: xc7a200tfbg676-1
---------------------------------------------------------------------------------
Finished Loading Part and Timing Information : Time (s): cpu = 00:00:10 ; elapsed = 00:00:10 . Memory (MB): peak = 1644.641 ; gain = 671.625
---------------------------------------------------------------------------------
---------------------------------------------------------------------------------
Start Applying 'set_property' XDC Constraints
---------------------------------------------------------------------------------
---------------------------------------------------------------------------------
Finished applying 'set_property' XDC Constraints : Time (s): cpu = 00:00:10 ; elapsed = 00:00:10 . Memory (MB): peak = 1644.641 ; gain = 671.625
---------------------------------------------------------------------------------
---------------------------------------------------------------------------------
Finished RTL Optimization Phase 2 : Time (s): cpu = 00:00:10 ; elapsed = 00:00:11 . Memory (MB): peak = 1644.641 ; gain = 671.625
---------------------------------------------------------------------------------
---------------------------------------------------------------------------------
Start RTL Component Statistics 
---------------------------------------------------------------------------------
Detailed RTL Component Info : 
+---Adders : 
	   2 Input   38 Bit       Adders := 16    
	   2 Input   32 Bit       Adders := 8     
	   2 Input   12 Bit       Adders := 26    
	   4 Input   10 Bit       Adders := 2     
	   3 Input    9 Bit       Adders := 16    
	   2 Input    9 Bit       Adders := 8     
	   2 Input    8 Bit       Adders := 14    
	   3 Input    8 Bit       Adders := 8     
	   2 Input    4 Bit       Adders := 1     
+---XORs : 
	   2 Input     38 Bit         XORs := 8     
	   2 Input     12 Bit         XORs := 16    
	   2 Input      1 Bit         XORs := 2     
+---Registers : 
	               19 Bit    Registers := 6     
	                4 Bit    Registers := 3     
	                1 Bit    Registers := 2     
+---Muxes : 
	   2 Input   37 Bit        Muxes := 16    
	   2 Input   19 Bit        Muxes := 8     
	   2 Input   12 Bit        Muxes := 16    
	   2 Input   11 Bit        Muxes := 14    
	   2 Input   10 Bit        Muxes := 12    
	   2 Input    9 Bit        Muxes := 8     
	   2 Input    8 Bit        Muxes := 28    
	   2 Input    4 Bit        Muxes := 1     
	   2 Input    1 Bit        Muxes := 339   
---------------------------------------------------------------------------------
Finished RTL Component Statistics 
---------------------------------------------------------------------------------
---------------------------------------------------------------------------------
Start Part Resource Summary
---------------------------------------------------------------------------------
Part Resources:
DSPs: 740 (col length:100)
BRAMs: 730 (col length: RAMB18 100 RAMB36 50)
---------------------------------------------------------------------------------
Finished Part Resource Summary
---------------------------------------------------------------------------------
---------------------------------------------------------------------------------
Start Cross Boundary and Area Optimization
---------------------------------------------------------------------------------
WARNING: [Synth 8-7080] Parallel synthesis criteria is not met
DSP Report: Generating DSP unsign_mantissa_prod, operation Mode is: A*B.
DSP Report: operator unsign_mantissa_prod is absorbed into DSP unsign_mantissa_prod.
DSP Report: Generating DSP unsign_mantissa_prod, operation Mode is: A*B.
DSP Report: operator unsign_mantissa_prod is absorbed into DSP unsign_mantissa_prod.
---------------------------------------------------------------------------------
Finished Cross Boundary and Area Optimization : Time (s): cpu = 00:00:28 ; elapsed = 00:00:30 . Memory (MB): peak = 1644.641 ; gain = 671.625
---------------------------------------------------------------------------------
 Sort Area is  unsign_mantissa_prod_0 : 0 0 : 863 863 : Used 1 time 0
 Sort Area is  unsign_mantissa_prod_2 : 0 0 : 863 863 : Used 1 time 0
---------------------------------------------------------------------------------
Start ROM, RAM, DSP, Shift Register and Retiming Reporting
---------------------------------------------------------------------------------

DSP: Preliminary Mapping Report (see note below. The ' indicates corresponding REG is set)
+------------+-------------+--------+--------+--------+--------+--------+------+------+------+------+-------+------+------+
|Module Name | DSP Mapping | A Size | B Size | C Size | D Size | P Size | AREG | BREG | CREG | DREG | ADREG | MREG | PREG | 
+------------+-------------+--------+--------+--------+--------+--------+------+------+------+------+-------+------+------+
|TF32_mul    | A*B         | 11     | 11     | -      | -      | 22     | 0    | 0    | -    | -    | -     | 0    | 0    | 
|TF32_mul    | A*B         | 11     | 11     | -      | -      | 22     | 0    | 0    | -    | -    | -     | 0    | 0    | 
+------------+-------------+--------+--------+--------+--------+--------+------+------+------+------+-------+------+------+

Note: The table above is a preliminary report that shows the DSPs inferred at the current stage of the synthesis flow. Some DSP may be reimplemented as non DSP primitives later in the synthesis flow. Multiple instantiated DSPs are reported only once.
---------------------------------------------------------------------------------
Finished ROM, RAM, DSP, Shift Register and Retiming Reporting
---------------------------------------------------------------------------------
---------------------------------------------------------------------------------
Start Applying XDC Timing Constraints
---------------------------------------------------------------------------------
---------------------------------------------------------------------------------
Finished Applying XDC Timing Constraints : Time (s): cpu = 00:00:34 ; elapsed = 00:00:36 . Memory (MB): peak = 1644.641 ; gain = 671.625
---------------------------------------------------------------------------------
---------------------------------------------------------------------------------
Start Timing Optimization
---------------------------------------------------------------------------------
---------------------------------------------------------------------------------
Finished Timing Optimization : Time (s): cpu = 00:00:47 ; elapsed = 00:00:49 . Memory (MB): peak = 1700.797 ; gain = 727.781
---------------------------------------------------------------------------------
---------------------------------------------------------------------------------
Start Technology Mapping
---------------------------------------------------------------------------------
---------------------------------------------------------------------------------
Finished Technology Mapping : Time (s): cpu = 00:00:48 ; elapsed = 00:00:50 . Memory (MB): peak = 1805.746 ; gain = 832.730
---------------------------------------------------------------------------------
---------------------------------------------------------------------------------
Start IO Insertion
---------------------------------------------------------------------------------
---------------------------------------------------------------------------------
Start Flattening Before IO Insertion
---------------------------------------------------------------------------------
---------------------------------------------------------------------------------
Finished Flattening Before IO Insertion
---------------------------------------------------------------------------------
---------------------------------------------------------------------------------
Start Final Netlist Cleanup
---------------------------------------------------------------------------------
---------------------------------------------------------------------------------
Finished Final Netlist Cleanup
---------------------------------------------------------------------------------
---------------------------------------------------------------------------------
Finished IO Insertion : Time (s): cpu = 00:00:51 ; elapsed = 00:00:53 . Memory (MB): peak = 1819.586 ; gain = 846.570
---------------------------------------------------------------------------------
---------------------------------------------------------------------------------
Start Renaming Generated Instances
---------------------------------------------------------------------------------
---------------------------------------------------------------------------------
Finished Renaming Generated Instances : Time (s): cpu = 00:00:51 ; elapsed = 00:00:53 . Memory (MB): peak = 1819.586 ; gain = 846.570
---------------------------------------------------------------------------------
---------------------------------------------------------------------------------
Start Rebuilding User Hierarchy
---------------------------------------------------------------------------------
---------------------------------------------------------------------------------
Finished Rebuilding User Hierarchy : Time (s): cpu = 00:00:51 ; elapsed = 00:00:53 . Memory (MB): peak = 1819.586 ; gain = 846.570
---------------------------------------------------------------------------------
---------------------------------------------------------------------------------
Start Renaming Generated Ports
---------------------------------------------------------------------------------
---------------------------------------------------------------------------------
Finished Renaming Generated Ports : Time (s): cpu = 00:00:51 ; elapsed = 00:00:53 . Memory (MB): peak = 1819.586 ; gain = 846.570
---------------------------------------------------------------------------------
---------------------------------------------------------------------------------
Start Handling Custom Attributes
---------------------------------------------------------------------------------
---------------------------------------------------------------------------------
Finished Handling Custom Attributes : Time (s): cpu = 00:00:52 ; elapsed = 00:00:54 . Memory (MB): peak = 1819.586 ; gain = 846.570
---------------------------------------------------------------------------------
---------------------------------------------------------------------------------
Start Renaming Generated Nets
---------------------------------------------------------------------------------
---------------------------------------------------------------------------------
Finished Renaming Generated Nets : Time (s): cpu = 00:00:52 ; elapsed = 00:00:54 . Memory (MB): peak = 1819.586 ; gain = 846.570
---------------------------------------------------------------------------------
---------------------------------------------------------------------------------
Start Writing Synthesis Report
---------------------------------------------------------------------------------

DSP Final Report (the ' indicates corresponding REG is set)
+------------+-------------+--------+--------+--------+--------+--------+------+------+------+------+-------+------+------+
|Module Name | DSP Mapping | A Size | B Size | C Size | D Size | P Size | AREG | BREG | CREG | DREG | ADREG | MREG | PREG | 
+------------+-------------+--------+--------+--------+--------+--------+------+------+------+------+-------+------+------+
|TF32_mul    | A*B         | 11     | 11     | -      | -      | 22     | 0    | 0    | -    | -    | -     | 0    | 0    | 
|TF32_mul    | A*B         | 11     | 11     | -      | -      | 22     | 0    | 0    | -    | -    | -     | 0    | 0    | 
+------------+-------------+--------+--------+--------+--------+--------+------+------+------+------+-------+------+------+


Report BlackBoxes: 
+-+--------------+----------+
| |BlackBox name |Instances |
+-+--------------+----------+
+-+--------------+----------+

Report Cell Usage: 
+------+--------+------+
|      |Cell    |Count |
+------+--------+------+
|1     |BUFG    |     1|
|2     |CARRY4  |   316|
|3     |DSP48E1 |     2|
|4     |LUT1    |    20|
|5     |LUT2    |   751|
|6     |LUT3    |   505|
|7     |LUT4    |   535|
|8     |LUT5    |   831|
|9     |LUT6    |  1745|
|10    |FDCE    |   128|
|11    |IBUF    |    41|
|12    |OBUF    |    20|
+------+--------+------+
---------------------------------------------------------------------------------
Finished Writing Synthesis Report : Time (s): cpu = 00:00:52 ; elapsed = 00:00:54 . Memory (MB): peak = 1819.586 ; gain = 846.570
---------------------------------------------------------------------------------
Synthesis finished with 0 errors, 0 critical warnings and 1 warnings.
Synthesis Optimization Runtime : Time (s): cpu = 00:00:46 ; elapsed = 00:00:52 . Memory (MB): peak = 1819.586 ; gain = 745.137
Synthesis Optimization Complete : Time (s): cpu = 00:00:52 ; elapsed = 00:00:54 . Memory (MB): peak = 1819.586 ; gain = 846.570
INFO: [Project 1-571] Translating synthesized netlist
Netlist sorting complete. Time (s): cpu = 00:00:00 ; elapsed = 00:00:00.027 . Memory (MB): peak = 1819.586 ; gain = 0.000
INFO: [Netlist 29-17] Analyzing 318 Unisim elements for replacement
INFO: [Netlist 29-28] Unisim Transformation completed in 0 CPU seconds
INFO: [Project 1-570] Preparing netlist for logic optimization
INFO: [Opt 31-138] Pushed 0 inverter(s) to 0 load pin(s).
Netlist sorting complete. Time (s): cpu = 00:00:00 ; elapsed = 00:00:00.001 . Memory (MB): peak = 1819.586 ; gain = 0.000
INFO: [Project 1-111] Unisim Transformation Summary:
No Unisim elements were transformed.

Synth Design complete | Checksum: 423e3605
INFO: [Common 17-83] Releasing license: Synthesis
31 Infos, 2 Warnings, 0 Critical Warnings and 0 Errors encountered.
synth_design completed successfully
synth_design: Time (s): cpu = 00:00:57 ; elapsed = 00:00:59 . Memory (MB): peak = 1819.586 ; gain = 1302.031
Write ShapeDB Complete: Time (s): cpu = 00:00:00 ; elapsed = 00:00:00.010 . Memory (MB): peak = 1819.586 ; gain = 0.000
INFO: [Common 17-1381] The checkpoint 'C:/Users/zhanggenqi/Desktop/DSP_in_VLSI/HW3/VIVADO/DSP_in_VLSI_HW3_v1/DSP_in_VLSI_HW3_v1.runs/synth_1/parabolic_interpolator.dcp' has been generated.
INFO: [Vivado 12-24828] Executing command : report_utilization -file parabolic_interpolator_utilization_synth.rpt -pb parabolic_interpolator_utilization_synth.pb
INFO: [Common 17-206] Exiting Vivado at Tue Apr  8 23:59:06 2025...
