#-----------------------------------------------------------
# Vivado v2024.1 (64-bit)
# SW Build 5076996 on Wed May 22 18:37:14 MDT 2024
# IP Build 5075265 on Wed May 22 21:45:21 MDT 2024
# SharedData Build 5076995 on Wed May 22 18:29:18 MDT 2024
# Start of session at: Wed May  7 22:20:12 2025
# Process ID: 6588
# Current directory: C:/Users/zhanggenqi/Desktop/DSP_in_VLSI/HW5/VIVADO/DSP_in_VLSI_HW5_FFT32_original_v1
# Command line: vivado.exe -gui_launcher_event rodinguilauncherevent712 C:\Users\zhanggenqi\Desktop\DSP_in_VLSI\HW5\VIVADO\DSP_in_VLSI_HW5_FFT32_original_v1\DSP_in_VLSI_HW5_FFT32_original_v1.xpr
# Log file: C:/Users/zhanggenqi/Desktop/DSP_in_VLSI/HW5/VIVADO/DSP_in_VLSI_HW5_FFT32_original_v1/vivado.log
# Journal file: C:/Users/zhanggenqi/Desktop/DSP_in_VLSI/HW5/VIVADO/DSP_in_VLSI_HW5_FFT32_original_v1\vivado.jou
# Running On        :DESKTOP-T5CR5M4
# Platform          :Windows Server 2016 or Windows 10
# Operating System  :26100
# Processor Detail  :12th Gen Intel(R) Core(TM) i5-12500
# CPU Frequency     :2995 MHz
# CPU Physical cores:6
# CPU Logical cores :12
# Host memory       :16905 MB
# Swap memory       :5637 MB
# Total Virtual     :22542 MB
# Available Virtual :9024 MB
#-----------------------------------------------------------
start_gui
open_project C:/Users/zhanggenqi/Desktop/DSP_in_VLSI/HW5/VIVADO/DSP_in_VLSI_HW5_FFT32_original_v1/DSP_in_VLSI_HW5_FFT32_original_v1.xpr
INFO: [ProjectBase 1-489] The host OS only allows 260 characters in a normal path. The project is stored in a path with more than 80 characters. If you experience issues with IP, Block Designs, or files not being found, please consider moving the project to a location with a shorter path. Alternately consider using the OS subst command to map part of the path to a drive letter.
Current project path is 'C:/Users/zhanggenqi/Desktop/DSP_in_VLSI/HW5/VIVADO/DSP_in_VLSI_HW5_FFT32_original_v1'
WARNING: [Board 49-26] cannot add Board Part xilinx.com:kcu105:part0:1.6 available at C:/Xilinx/Vivado/2024.1/data/xhub/boards/XilinxBoardStore/boards/Xilinx/kcu105/1.6/board.xml as part xcku040-ffva1156-2-e specified in board_part file is either invalid or not available
WARNING: [Board 49-26] cannot add Board Part xilinx.com:kcu105:part0:1.7 available at C:/Xilinx/Vivado/2024.1/data/xhub/boards/XilinxBoardStore/boards/Xilinx/kcu105/1.7/board.xml as part xcku040-ffva1156-2-e specified in board_part file is either invalid or not available
WARNING: [Board 49-26] cannot add Board Part xilinx.com:kcu116:part0:1.4 available at C:/Xilinx/Vivado/2024.1/data/xhub/boards/XilinxBoardStore/boards/Xilinx/kcu116/1.4/board.xml as part xcku5p-ffvb676-2-e specified in board_part file is either invalid or not available
WARNING: [Board 49-26] cannot add Board Part xilinx.com:kcu116:part0:1.5 available at C:/Xilinx/Vivado/2024.1/data/xhub/boards/XilinxBoardStore/boards/Xilinx/kcu116/1.5/board.xml as part xcku5p-ffvb676-2-e specified in board_part file is either invalid or not available
WARNING: [Board 49-26] cannot add Board Part xilinx.com:kcu1500:part0:1.2 available at C:/Xilinx/Vivado/2024.1/data/xhub/boards/XilinxBoardStore/boards/Xilinx/kcu1500/1.2/board.xml as part xcku115-flvb2104-2-e specified in board_part file is either invalid or not available
WARNING: [Board 49-26] cannot add Board Part xilinx.com:vck190:part0:2.2 available at C:/Xilinx/Vivado/2024.1/data/xhub/boards/XilinxBoardStore/boards/Xilinx/vck190/production/2.2/board.xml as part xcvc1902-vsva2197-2mp-e-s specified in board_part file is either invalid or not available
WARNING: [Board 49-26] cannot add Board Part xilinx.com:vck190:part0:3.0 available at C:/Xilinx/Vivado/2024.1/data/xhub/boards/XilinxBoardStore/boards/Xilinx/vck190/production/3.0/board.xml as part xcvc1902-vsva2197-2mp-e-s specified in board_part file is either invalid or not available
WARNING: [Board 49-26] cannot add Board Part xilinx.com:vck190:part0:3.1 available at C:/Xilinx/Vivado/2024.1/data/xhub/boards/XilinxBoardStore/boards/Xilinx/vck190/production/3.1/board.xml as part xcvc1902-vsva2197-2mp-e-s specified in board_part file is either invalid or not available
WARNING: [Board 49-26] cannot add Board Part xilinx.com:vck190:part0:3.2 available at C:/Xilinx/Vivado/2024.1/data/xhub/boards/XilinxBoardStore/boards/Xilinx/vck190/production/3.2/board.xml as part xcvc1902-vsva2197-2mp-e-s specified in board_part file is either invalid or not available
WARNING: [Board 49-26] cannot add Board Part xilinx.com:vck190:part0:3.3 available at C:/Xilinx/Vivado/2024.1/data/xhub/boards/XilinxBoardStore/boards/Xilinx/vck190/production/3.3/board.xml as part xcvc1902-vsva2197-2mp-e-s specified in board_part file is either invalid or not available
WARNING: [Board 49-26] cannot add Board Part xilinx.com:vck190_newl:part0:1.0 available at C:/Xilinx/Vivado/2024.1/data/xhub/boards/XilinxBoardStore/boards/Xilinx/vck190_newl/production/1.0/board.xml as part xcvc1902-vsva2197-2mp-e-s specified in board_part file is either invalid or not available
WARNING: [Board 49-26] cannot add Board Part xilinx.com:vck190_newl:part0:1.1 available at C:/Xilinx/Vivado/2024.1/data/xhub/boards/XilinxBoardStore/boards/Xilinx/vck190_newl/production/1.1/board.xml as part xcvc1902-vsva2197-2mp-e-s specified in board_part file is either invalid or not available
WARNING: [Board 49-26] cannot add Board Part xilinx.com:vck190_newl:part0:1.2 available at C:/Xilinx/Vivado/2024.1/data/xhub/boards/XilinxBoardStore/boards/Xilinx/vck190_newl/production/1.2/board.xml as part xcvc1902-vsva2197-2mp-e-s specified in board_part file is either invalid or not available
WARNING: [Board 49-26] cannot add Board Part xilinx.com:vcu108:part0:1.6 available at C:/Xilinx/Vivado/2024.1/data/xhub/boards/XilinxBoardStore/boards/Xilinx/vcu108/1.6/board.xml as part xcvu095-ffva2104-2-e specified in board_part file is either invalid or not available
WARNING: [Board 49-26] cannot add Board Part xilinx.com:vcu108:part0:1.7 available at C:/Xilinx/Vivado/2024.1/data/xhub/boards/XilinxBoardStore/boards/Xilinx/vcu108/1.7/board.xml as part xcvu095-ffva2104-2-e specified in board_part file is either invalid or not available
WARNING: [Board 49-26] cannot add Board Part xilinx.com:vcu110:part0:1.4 available at C:/Xilinx/Vivado/2024.1/data/xhub/boards/XilinxBoardStore/boards/Xilinx/vcu110/1.4/board.xml as part xcvu190-flgc2104-2-e specified in board_part file is either invalid or not available
WARNING: [Board 49-26] cannot add Board Part xilinx.com:vcu118:part0:2.0 available at C:/Xilinx/Vivado/2024.1/data/xhub/boards/XilinxBoardStore/boards/Xilinx/vcu118/2.0/board.xml as part xcvu9p-flga2104-2l-e specified in board_part file is either invalid or not available
WARNING: [Board 49-26] cannot add Board Part xilinx.com:vcu118:part0:2.3 available at C:/Xilinx/Vivado/2024.1/data/xhub/boards/XilinxBoardStore/boards/Xilinx/vcu118/2.3/board.xml as part xcvu9p-flga2104-2l-e specified in board_part file is either invalid or not available
WARNING: [Board 49-26] cannot add Board Part xilinx.com:vcu118:part0:2.4 available at C:/Xilinx/Vivado/2024.1/data/xhub/boards/XilinxBoardStore/boards/Xilinx/vcu118/2.4/board.xml as part xcvu9p-flga2104-2l-e specified in board_part file is either invalid or not available
WARNING: [Board 49-26] cannot add Board Part xilinx.com:vcu128:part0:1.0 available at C:/Xilinx/Vivado/2024.1/data/xhub/boards/XilinxBoardStore/boards/Xilinx/vcu128/production/1.0/board.xml as part xcvu37p-fsvh2892-2l-e specified in board_part file is either invalid or not available
WARNING: [Board 49-26] cannot add Board Part xilinx.com:vcu129:part0:1.0 available at C:/Xilinx/Vivado/2024.1/data/xhub/boards/XilinxBoardStore/boards/Xilinx/vcu129/production/1.0/board.xml as part xcvu29p-fsga2577-2l-e specified in board_part file is either invalid or not available
WARNING: [Board 49-26] cannot add Board Part xilinx.com:vcu1525:part0:1.3 available at C:/Xilinx/Vivado/2024.1/data/xhub/boards/XilinxBoardStore/boards/Xilinx/vcu1525/1.3/board.xml as part xcvu9p-fsgd2104-2l-e specified in board_part file is either invalid or not available
WARNING: [Board 49-26] cannot add Board Part xilinx.com:vek280:part0:1.0 available at C:/Xilinx/Vivado/2024.1/data/xhub/boards/XilinxBoardStore/boards/Xilinx/vek280/production/1.0/board.xml as part xcve2802-vsvh1760-2mp-e-s specified in board_part file is either invalid or not available
WARNING: [Board 49-26] cannot add Board Part xilinx.com:vek280:part0:1.1 available at C:/Xilinx/Vivado/2024.1/data/xhub/boards/XilinxBoardStore/boards/Xilinx/vek280/production/1.1/board.xml as part xcve2802-vsvh1760-2mp-e-s specified in board_part file is either invalid or not available
WARNING: [Board 49-26] cannot add Board Part xilinx.com:vek280:part0:1.2 available at C:/Xilinx/Vivado/2024.1/data/xhub/boards/XilinxBoardStore/boards/Xilinx/vek280/production/1.2/board.xml as part xcve2802-vsvh1760-2mp-e-s specified in board_part file is either invalid or not available
WARNING: [Board 49-26] cannot add Board Part xilinx.com:vek280_es:part0:1.0 available at C:/Xilinx/Vivado/2024.1/data/xhub/boards/XilinxBoardStore/boards/Xilinx/vek280/es/rev_a/1.0/board.xml as part xcve2802-vsvh1760-2lp-e-s-es1 specified in board_part file is either invalid or not available
WARNING: [Board 49-26] cannot add Board Part xilinx.com:vek280_es:part0:1.1 available at C:/Xilinx/Vivado/2024.1/data/xhub/boards/XilinxBoardStore/boards/Xilinx/vek280/es/rev_a/1.1/board.xml as part xcve2802-vsvh1760-2lp-e-s-es1 specified in board_part file is either invalid or not available
WARNING: [Board 49-26] cannot add Board Part xilinx.com:vek280_es_revb:part0:1.0 available at C:/Xilinx/Vivado/2024.1/data/xhub/boards/XilinxBoardStore/boards/Xilinx/vek280/es/rev_b/1.0/board.xml as part xcve2802-vsvh1760-2mp-e-s-es1 specified in board_part file is either invalid or not available
WARNING: [Board 49-26] cannot add Board Part xilinx.com:vek280_es_revb:part0:1.1 available at C:/Xilinx/Vivado/2024.1/data/xhub/boards/XilinxBoardStore/boards/Xilinx/vek280/es/rev_b/1.1/board.xml as part xcve2802-vsvh1760-2mp-e-s-es1 specified in board_part file is either invalid or not available
WARNING: [Board 49-26] cannot add Board Part xilinx.com:vhk158:part0:1.0 available at C:/Xilinx/Vivado/2024.1/data/xhub/boards/XilinxBoardStore/boards/Xilinx/vhk158/production/1.0/board.xml as part xcvh1582-vsva3697-2mp-e-s specified in board_part file is either invalid or not available
WARNING: [Board 49-26] cannot add Board Part xilinx.com:vhk158:part0:1.1 available at C:/Xilinx/Vivado/2024.1/data/xhub/boards/XilinxBoardStore/boards/Xilinx/vhk158/production/1.1/board.xml as part xcvh1582-vsva3697-2mp-e-s specified in board_part file is either invalid or not available
WARNING: [Board 49-26] cannot add Board Part xilinx.com:vhk158_es:part0:1.0 available at C:/Xilinx/Vivado/2024.1/data/xhub/boards/XilinxBoardStore/boards/Xilinx/vhk158/es/1.0/board.xml as part xcvh1582-vsva3697-2mp-e-s-es1 specified in board_part file is either invalid or not available
WARNING: [Board 49-26] cannot add Board Part xilinx.com:vhk158_es:part0:1.1 available at C:/Xilinx/Vivado/2024.1/data/xhub/boards/XilinxBoardStore/boards/Xilinx/vhk158/es/1.1/board.xml as part xcvh1582-vsva3697-2mp-e-s-es1 specified in board_part file is either invalid or not available
WARNING: [Board 49-26] cannot add Board Part xilinx.com:vmk180:part0:2.2 available at C:/Xilinx/Vivado/2024.1/data/xhub/boards/XilinxBoardStore/boards/Xilinx/vmk180/production/2.2/board.xml as part xcvm1802-vsva2197-2mp-e-s specified in board_part file is either invalid or not available
WARNING: [Board 49-26] cannot add Board Part xilinx.com:vmk180:part0:3.0 available at C:/Xilinx/Vivado/2024.1/data/xhub/boards/XilinxBoardStore/boards/Xilinx/vmk180/production/3.0/board.xml as part xcvm1802-vsva2197-2mp-e-s specified in board_part file is either invalid or not available
WARNING: [Board 49-26] cannot add Board Part xilinx.com:vmk180:part0:3.1 available at C:/Xilinx/Vivado/2024.1/data/xhub/boards/XilinxBoardStore/boards/Xilinx/vmk180/production/3.1/board.xml as part xcvm1802-vsva2197-2mp-e-s specified in board_part file is either invalid or not available
WARNING: [Board 49-26] cannot add Board Part xilinx.com:vmk180:part0:3.2 available at C:/Xilinx/Vivado/2024.1/data/xhub/boards/XilinxBoardStore/boards/Xilinx/vmk180/production/3.2/board.xml as part xcvm1802-vsva2197-2mp-e-s specified in board_part file is either invalid or not available
WARNING: [Board 49-26] cannot add Board Part xilinx.com:vmk180_newl:part0:1.0 available at C:/Xilinx/Vivado/2024.1/data/xhub/boards/XilinxBoardStore/boards/Xilinx/vmk180_newl/production/1.0/board.xml as part xcvm1802-vsva2197-2mp-e-s specified in board_part file is either invalid or not available
WARNING: [Board 49-26] cannot add Board Part xilinx.com:vmk180_newl:part0:1.1 available at C:/Xilinx/Vivado/2024.1/data/xhub/boards/XilinxBoardStore/boards/Xilinx/vmk180_newl/production/1.1/board.xml as part xcvm1802-vsva2197-2mp-e-s specified in board_part file is either invalid or not available
WARNING: [Board 49-26] cannot add Board Part xilinx.com:vpk120:part0:1.0 available at C:/Xilinx/Vivado/2024.1/data/xhub/boards/XilinxBoardStore/boards/Xilinx/vpk120/production/1.0/board.xml as part xcvp1202-vsva2785-2mp-e-s specified in board_part file is either invalid or not available
WARNING: [Board 49-26] cannot add Board Part xilinx.com:vpk120:part0:1.1 available at C:/Xilinx/Vivado/2024.1/data/xhub/boards/XilinxBoardStore/boards/Xilinx/vpk120/production/1.1/board.xml as part xcvp1202-vsva2785-2mp-e-s specified in board_part file is either invalid or not available
WARNING: [Board 49-26] cannot add Board Part xilinx.com:vpk120:part0:1.2 available at C:/Xilinx/Vivado/2024.1/data/xhub/boards/XilinxBoardStore/boards/Xilinx/vpk120/production/1.2/board.xml as part xcvp1202-vsva2785-2mp-e-s specified in board_part file is either invalid or not available
WARNING: [Board 49-26] cannot add Board Part xilinx.com:vpk180:part0:1.0 available at C:/Xilinx/Vivado/2024.1/data/xhub/boards/XilinxBoardStore/boards/Xilinx/vpk180/production/1.0/board.xml as part xcvp1802-lsvc4072-2mp-e-s specified in board_part file is either invalid or not available
WARNING: [Board 49-26] cannot add Board Part xilinx.com:vpk180:part0:1.1 available at C:/Xilinx/Vivado/2024.1/data/xhub/boards/XilinxBoardStore/boards/Xilinx/vpk180/production/1.1/board.xml as part xcvp1802-lsvc4072-2mp-e-s specified in board_part file is either invalid or not available
WARNING: [Board 49-26] cannot add Board Part xilinx.com:vpk180:part0:1.2 available at C:/Xilinx/Vivado/2024.1/data/xhub/boards/XilinxBoardStore/boards/Xilinx/vpk180/production/1.2/board.xml as part xcvp1802-lsvc4072-2mp-e-s specified in board_part file is either invalid or not available
WARNING: [Board 49-26] cannot add Board Part xilinx.com:zcu208ld:part0:2.0 available at C:/Xilinx/Vivado/2024.1/data/xhub/boards/XilinxBoardStore/boards/Xilinx/zcu208ld/production/2.0/board.xml as part xczu58dr-fsvg1517-2-i specified in board_part file is either invalid or not available
WARNING: [Board 49-26] cannot add Board Part xilinx.com:zcu216ld:part0:2.0 available at C:/Xilinx/Vivado/2024.1/data/xhub/boards/XilinxBoardStore/boards/Xilinx/zcu216ld/production/2.0/board.xml as part xczu59dr-ffvf1760-2-i specified in board_part file is either invalid or not available
WARNING: [Board 49-26] cannot add Board Part xilinx.com:zcu670ld:part0:1.0 available at C:/Xilinx/Vivado/2024.1/data/xhub/boards/XilinxBoardStore/boards/Xilinx/zcu670ld/1.0/board.xml as part xczu57dr-fsve1156-2-i specified in board_part file is either invalid or not available
INFO: [filemgmt 56-3] Default IP Output Path : Could not find the directory 'C:/Users/zhanggenqi/Desktop/DSP_in_VLSI/HW5/VIVADO/DSP_in_VLSI_HW5_FFT32_original_v1/DSP_in_VLSI_HW5_FFT32_original_v1.gen/sources_1'.
Scanning sources...
Finished scanning sources
INFO: [IP_Flow 19-234] Refreshing IP repositories
INFO: [IP_Flow 19-1704] No user IP repositories specified
INFO: [IP_Flow 19-2313] Loaded Vivado IP repository 'C:/Xilinx/Vivado/2024.1/data/ip'.
open_project: Time (s): cpu = 00:00:17 ; elapsed = 00:00:08 . Memory (MB): peak = 1700.797 ; gain = 300.895
update_compile_order -fileset sources_1
launch_simulation
Command: launch_simulation 
INFO: [Vivado 12-12493] Simulation top is 'testbench'
WARNING: [Vivado 12-13340] Unable to auto find GCC executables from simulator install path! (path not set)
INFO: [Vivado 12-5682] Launching behavioral simulation in 'C:/Users/zhanggenqi/Desktop/DSP_in_VLSI/HW5/VIVADO/DSP_in_VLSI_HW5_FFT32_original_v1/DSP_in_VLSI_HW5_FFT32_original_v1.sim/sim_1/behav/xsim'
INFO: [SIM-utils-51] Simulation object is 'sim_1'
INFO: [SIM-utils-72] Using boost library from 'C:/Xilinx/Vivado/2024.1/tps/boost_1_72_0'
INFO: [SIM-utils-54] Inspecting design source files for 'testbench' in fileset 'sim_1'...
INFO: [USF-XSim-97] Finding global include files...
INFO: [USF-XSim-98] Fetching design files from 'sim_1'...
INFO: [USF-XSim-2] XSim::Compile design
INFO: [USF-XSim-61] Executing 'COMPILE and ANALYZE' step in 'C:/Users/zhanggenqi/Desktop/DSP_in_VLSI/HW5/VIVADO/DSP_in_VLSI_HW5_FFT32_original_v1/DSP_in_VLSI_HW5_FFT32_original_v1.sim/sim_1/behav/xsim'
"xvlog --incr --relax -prj testbench_vlog.prj"
INFO: [VRFC 10-2263] Analyzing Verilog file "C:/Users/zhanggenqi/Desktop/DSP_in_VLSI/HW5/TESTBED/testbench.v" into library xil_defaultlib
INFO: [VRFC 10-311] analyzing module testbench
INFO: [VRFC 10-311] analyzing module clk_gen
INFO: [USF-XSim-69] 'compile' step finished in '2' seconds
INFO: [USF-XSim-3] XSim::Elaborate design
INFO: [USF-XSim-61] Executing 'ELABORATE' step in 'C:/Users/zhanggenqi/Desktop/DSP_in_VLSI/HW5/VIVADO/DSP_in_VLSI_HW5_FFT32_original_v1/DSP_in_VLSI_HW5_FFT32_original_v1.sim/sim_1/behav/xsim'
"xelab --incr --debug typical --relax --mt 2 -L xil_defaultlib -L unisims_ver -L unimacro_ver -L secureip --snapshot testbench_behav xil_defaultlib.testbench xil_defaultlib.glbl -log elaborate.log"
Vivado Simulator v2024.1
Copyright 1986-2022 Xilinx, Inc. All Rights Reserved.
Copyright 2022-2024 Advanced Micro Devices, Inc. All Rights Reserved.
Running: C:/Xilinx/Vivado/2024.1/bin/unwrapped/win64.o/xelab.exe --incr --debug typical --relax --mt 2 -L xil_defaultlib -L unisims_ver -L unimacro_ver -L secureip --snapshot testbench_behav xil_defaultlib.testbench xil_defaultlib.glbl -log elaborate.log 
Using 2 slave threads.
Starting static elaboration
Pass Through NonSizing Optimizer
ERROR: [VRFC 10-2063] Module <FFT32_pipeline> not found while processing module instance <FFT32_u0> [C:/Users/zhanggenqi/Desktop/DSP_in_VLSI/HW5/TESTBED/testbench.v:67]
ERROR: [XSIM 43-3322] Static elaboration of top level Verilog design unit(s) in library work failed.
INFO: [USF-XSim-69] 'elaborate' step finished in '1' seconds
INFO: [USF-XSim-99] Step results log file:'C:/Users/zhanggenqi/Desktop/DSP_in_VLSI/HW5/VIVADO/DSP_in_VLSI_HW5_FFT32_original_v1/DSP_in_VLSI_HW5_FFT32_original_v1.sim/sim_1/behav/xsim/elaborate.log'
ERROR: [USF-XSim-62] 'elaborate' step failed with error(s). Please check the Tcl console output or 'C:/Users/zhanggenqi/Desktop/DSP_in_VLSI/HW5/VIVADO/DSP_in_VLSI_HW5_FFT32_original_v1/DSP_in_VLSI_HW5_FFT32_original_v1.sim/sim_1/behav/xsim/elaborate.log' file for more information.
ERROR: [Vivado 12-4473] Detected error while running simulation. Please correct the issue and retry this operation.
ERROR: [Common 17-39] 'launch_simulation' failed due to earlier errors.
launch_simulation
Command: launch_simulation 
INFO: [Vivado 12-12493] Simulation top is 'testbench'
WARNING: [Vivado 12-13340] Unable to auto find GCC executables from simulator install path! (path not set)
INFO: [Vivado 12-5682] Launching behavioral simulation in 'C:/Users/zhanggenqi/Desktop/DSP_in_VLSI/HW5/VIVADO/DSP_in_VLSI_HW5_FFT32_original_v1/DSP_in_VLSI_HW5_FFT32_original_v1.sim/sim_1/behav/xsim'
INFO: [SIM-utils-51] Simulation object is 'sim_1'
INFO: [SIM-utils-72] Using boost library from 'C:/Xilinx/Vivado/2024.1/tps/boost_1_72_0'
INFO: [SIM-utils-54] Inspecting design source files for 'testbench' in fileset 'sim_1'...
INFO: [USF-XSim-97] Finding global include files...
INFO: [USF-XSim-98] Fetching design files from 'sim_1'...
INFO: [USF-XSim-2] XSim::Compile design
INFO: [USF-XSim-61] Executing 'COMPILE and ANALYZE' step in 'C:/Users/zhanggenqi/Desktop/DSP_in_VLSI/HW5/VIVADO/DSP_in_VLSI_HW5_FFT32_original_v1/DSP_in_VLSI_HW5_FFT32_original_v1.sim/sim_1/behav/xsim'
"xvlog --incr --relax -prj testbench_vlog.prj"
INFO: [VRFC 10-2263] Analyzing Verilog file "C:/Users/zhanggenqi/Desktop/DSP_in_VLSI/HW5/RTL/FFT32_original.v" into library xil_defaultlib
INFO: [VRFC 10-311] analyzing module FFT32_original
INFO: [VRFC 10-2263] Analyzing Verilog file "C:/Users/zhanggenqi/Desktop/DSP_in_VLSI/HW5/RTL/ROM16.v" into library xil_defaultlib
INFO: [VRFC 10-311] analyzing module ROM16
INFO: [VRFC 10-2263] Analyzing Verilog file "C:/Users/zhanggenqi/Desktop/DSP_in_VLSI/HW5/RTL/ROM32.v" into library xil_defaultlib
INFO: [VRFC 10-311] analyzing module ROM32
INFO: [VRFC 10-2263] Analyzing Verilog file "C:/Users/zhanggenqi/Desktop/DSP_in_VLSI/HW5/RTL/ROM4.v" into library xil_defaultlib
INFO: [VRFC 10-311] analyzing module ROM4
INFO: [VRFC 10-2263] Analyzing Verilog file "C:/Users/zhanggenqi/Desktop/DSP_in_VLSI/HW5/RTL/ROM8.v" into library xil_defaultlib
INFO: [VRFC 10-311] analyzing module ROM8
INFO: [VRFC 10-2263] Analyzing Verilog file "C:/Users/zhanggenqi/Desktop/DSP_in_VLSI/HW5/RTL/butterfly_unit.v" into library xil_defaultlib
INFO: [VRFC 10-311] analyzing module butterfly_unit
INFO: [VRFC 10-2263] Analyzing Verilog file "C:/Users/zhanggenqi/Desktop/DSP_in_VLSI/HW5/RTL/commutator.v" into library xil_defaultlib
WARNING: [VRFC 10-9157] macro 'WORD_LEN' is redefined [C:/Users/zhanggenqi/Desktop/DSP_in_VLSI/HW5/RTL/commutator.v:1]
INFO: [VRFC 10-311] analyzing module commutator
INFO: [VRFC 10-2263] Analyzing Verilog file "C:/Users/zhanggenqi/Desktop/DSP_in_VLSI/HW5/RTL/delay_element.v" into library xil_defaultlib
WARNING: [VRFC 10-9157] macro 'WORD_LEN' is redefined [C:/Users/zhanggenqi/Desktop/DSP_in_VLSI/HW5/RTL/delay_element.v:3]
INFO: [VRFC 10-311] analyzing module delay_element
INFO: [VRFC 10-2263] Analyzing Verilog file "C:/Users/zhanggenqi/Desktop/DSP_in_VLSI/HW5/RTL/pin_pon_buffer.v" into library xil_defaultlib
INFO: [VRFC 10-311] analyzing module pin_pon_buffer
INFO: [VRFC 10-2263] Analyzing Verilog file "C:/Users/zhanggenqi/Desktop/DSP_in_VLSI/HW5/RTL/twiddle_mul.v" into library xil_defaultlib
INFO: [VRFC 10-311] analyzing module twiddle_mul
INFO: [VRFC 10-2263] Analyzing Verilog file "C:/Users/zhanggenqi/Desktop/DSP_in_VLSI/HW5/TESTBED/testbench.v" into library xil_defaultlib
INFO: [VRFC 10-311] analyzing module testbench
INFO: [VRFC 10-311] analyzing module clk_gen
INFO: [USF-XSim-69] 'compile' step finished in '1' seconds
INFO: [USF-XSim-3] XSim::Elaborate design
INFO: [USF-XSim-61] Executing 'ELABORATE' step in 'C:/Users/zhanggenqi/Desktop/DSP_in_VLSI/HW5/VIVADO/DSP_in_VLSI_HW5_FFT32_original_v1/DSP_in_VLSI_HW5_FFT32_original_v1.sim/sim_1/behav/xsim'
"xelab --incr --debug typical --relax --mt 2 -L xil_defaultlib -L unisims_ver -L unimacro_ver -L secureip --snapshot testbench_behav xil_defaultlib.testbench xil_defaultlib.glbl -log elaborate.log"
Vivado Simulator v2024.1
Copyright 1986-2022 Xilinx, Inc. All Rights Reserved.
Copyright 2022-2024 Advanced Micro Devices, Inc. All Rights Reserved.
Running: C:/Xilinx/Vivado/2024.1/bin/unwrapped/win64.o/xelab.exe --incr --debug typical --relax --mt 2 -L xil_defaultlib -L unisims_ver -L unimacro_ver -L secureip --snapshot testbench_behav xil_defaultlib.testbench xil_defaultlib.glbl -log elaborate.log 
Using 2 slave threads.
Starting static elaboration
Pass Through NonSizing Optimizer
WARNING: [VRFC 10-3091] actual bit length 32 differs from formal bit length 11 for port 'i_commutator_UI_re' [C:/Users/zhanggenqi/Desktop/DSP_in_VLSI/HW5/RTL/FFT32_original.v:95]
WARNING: [VRFC 10-3091] actual bit length 32 differs from formal bit length 11 for port 'i_commutator_UI_im' [C:/Users/zhanggenqi/Desktop/DSP_in_VLSI/HW5/RTL/FFT32_original.v:96]
WARNING: [VRFC 10-3091] actual bit length 4 differs from formal bit length 3 for port 'i_addr' [C:/Users/zhanggenqi/Desktop/DSP_in_VLSI/HW5/RTL/FFT32_original.v:186]
WARNING: [VRFC 10-3091] actual bit length 4 differs from formal bit length 2 for port 'i_addr' [C:/Users/zhanggenqi/Desktop/DSP_in_VLSI/HW5/RTL/FFT32_original.v:244]
WARNING: [VRFC 10-3091] actual bit length 4 differs from formal bit length 1 for port 'i_addr' [C:/Users/zhanggenqi/Desktop/DSP_in_VLSI/HW5/RTL/FFT32_original.v:302]
Completed static elaboration
Starting simulation data flow analysis
WARNING: [XSIM 43-4099] "C:/Users/zhanggenqi/Desktop/DSP_in_VLSI/HW5/RTL/FFT32_original.v" Line 6. Module FFT32_original doesn't have a timescale but at least one module in design has a timescale.
WARNING: [XSIM 43-4099] "C:/Users/zhanggenqi/Desktop/DSP_in_VLSI/HW5/RTL/commutator.v" Line 3. Module commutator doesn't have a timescale but at least one module in design has a timescale.
WARNING: [XSIM 43-4099] "C:/Users/zhanggenqi/Desktop/DSP_in_VLSI/HW5/RTL/delay_element.v" Line 6. Module delay_element doesn't have a timescale but at least one module in design has a timescale.
WARNING: [XSIM 43-4099] "C:/Users/zhanggenqi/Desktop/DSP_in_VLSI/HW5/RTL/butterfly_unit.v" Line 3. Module butterfly_unit doesn't have a timescale but at least one module in design has a timescale.
WARNING: [XSIM 43-4099] "C:/Users/zhanggenqi/Desktop/DSP_in_VLSI/HW5/RTL/ROM32.v" Line 5. Module ROM32 doesn't have a timescale but at least one module in design has a timescale.
WARNING: [XSIM 43-4099] "C:/Users/zhanggenqi/Desktop/DSP_in_VLSI/HW5/RTL/twiddle_mul.v" Line 3. Module twiddle_mul doesn't have a timescale but at least one module in design has a timescale.
WARNING: [XSIM 43-4099] "C:/Users/zhanggenqi/Desktop/DSP_in_VLSI/HW5/RTL/delay_element.v" Line 6. Module delay_element(DELAY=8) doesn't have a timescale but at least one module in design has a timescale.
WARNING: [XSIM 43-4099] "C:/Users/zhanggenqi/Desktop/DSP_in_VLSI/HW5/RTL/commutator.v" Line 3. Module commutator doesn't have a timescale but at least one module in design has a timescale.
WARNING: [XSIM 43-4099] "C:/Users/zhanggenqi/Desktop/DSP_in_VLSI/HW5/RTL/delay_element.v" Line 6. Module delay_element(DELAY=8) doesn't have a timescale but at least one module in design has a timescale.
WARNING: [XSIM 43-4099] "C:/Users/zhanggenqi/Desktop/DSP_in_VLSI/HW5/RTL/butterfly_unit.v" Line 3. Module butterfly_unit doesn't have a timescale but at least one module in design has a timescale.
WARNING: [XSIM 43-4099] "C:/Users/zhanggenqi/Desktop/DSP_in_VLSI/HW5/RTL/ROM16.v" Line 5. Module ROM16 doesn't have a timescale but at least one module in design has a timescale.
WARNING: [XSIM 43-4099] "C:/Users/zhanggenqi/Desktop/DSP_in_VLSI/HW5/RTL/twiddle_mul.v" Line 3. Module twiddle_mul doesn't have a timescale but at least one module in design has a timescale.
WARNING: [XSIM 43-4099] "C:/Users/zhanggenqi/Desktop/DSP_in_VLSI/HW5/RTL/delay_element.v" Line 6. Module delay_element(DELAY=4) doesn't have a timescale but at least one module in design has a timescale.
WARNING: [XSIM 43-4099] "C:/Users/zhanggenqi/Desktop/DSP_in_VLSI/HW5/RTL/commutator.v" Line 3. Module commutator doesn't have a timescale but at least one module in design has a timescale.
WARNING: [XSIM 43-4099] "C:/Users/zhanggenqi/Desktop/DSP_in_VLSI/HW5/RTL/delay_element.v" Line 6. Module delay_element(DELAY=4) doesn't have a timescale but at least one module in design has a timescale.
WARNING: [XSIM 43-4099] "C:/Users/zhanggenqi/Desktop/DSP_in_VLSI/HW5/RTL/butterfly_unit.v" Line 3. Module butterfly_unit doesn't have a timescale but at least one module in design has a timescale.
WARNING: [XSIM 43-4099] "C:/Users/zhanggenqi/Desktop/DSP_in_VLSI/HW5/RTL/ROM8.v" Line 5. Module ROM8 doesn't have a timescale but at least one module in design has a timescale.
WARNING: [XSIM 43-4099] "C:/Users/zhanggenqi/Desktop/DSP_in_VLSI/HW5/RTL/twiddle_mul.v" Line 3. Module twiddle_mul doesn't have a timescale but at least one module in design has a timescale.
WARNING: [XSIM 43-4099] "C:/Users/zhanggenqi/Desktop/DSP_in_VLSI/HW5/RTL/delay_element.v" Line 6. Module delay_element(DELAY=2) doesn't have a timescale but at least one module in design has a timescale.
WARNING: [XSIM 43-4099] "C:/Users/zhanggenqi/Desktop/DSP_in_VLSI/HW5/RTL/commutator.v" Line 3. Module commutator doesn't have a timescale but at least one module in design has a timescale.
WARNING: [XSIM 43-4099] "C:/Users/zhanggenqi/Desktop/DSP_in_VLSI/HW5/RTL/delay_element.v" Line 6. Module delay_element(DELAY=2) doesn't have a timescale but at least one module in design has a timescale.
WARNING: [XSIM 43-4099] "C:/Users/zhanggenqi/Desktop/DSP_in_VLSI/HW5/RTL/butterfly_unit.v" Line 3. Module butterfly_unit doesn't have a timescale but at least one module in design has a timescale.
WARNING: [XSIM 43-4099] "C:/Users/zhanggenqi/Desktop/DSP_in_VLSI/HW5/RTL/ROM4.v" Line 5. Module ROM4 doesn't have a timescale but at least one module in design has a timescale.
WARNING: [XSIM 43-4099] "C:/Users/zhanggenqi/Desktop/DSP_in_VLSI/HW5/RTL/twiddle_mul.v" Line 3. Module twiddle_mul doesn't have a timescale but at least one module in design has a timescale.
WARNING: [XSIM 43-4099] "C:/Users/zhanggenqi/Desktop/DSP_in_VLSI/HW5/RTL/delay_element.v" Line 6. Module delay_element(DELAY=1) doesn't have a timescale but at least one module in design has a timescale.
WARNING: [XSIM 43-4099] "C:/Users/zhanggenqi/Desktop/DSP_in_VLSI/HW5/RTL/commutator.v" Line 3. Module commutator doesn't have a timescale but at least one module in design has a timescale.
WARNING: [XSIM 43-4099] "C:/Users/zhanggenqi/Desktop/DSP_in_VLSI/HW5/RTL/delay_element.v" Line 6. Module delay_element(DELAY=1) doesn't have a timescale but at least one module in design has a timescale.
WARNING: [XSIM 43-4099] "C:/Users/zhanggenqi/Desktop/DSP_in_VLSI/HW5/RTL/butterfly_unit.v" Line 3. Module butterfly_unit doesn't have a timescale but at least one module in design has a timescale.
WARNING: [XSIM 43-4099] "C:/Users/zhanggenqi/Desktop/DSP_in_VLSI/HW5/RTL/pin_pon_buffer.v" Line 6. Module pin_pon_buffer doesn't have a timescale but at least one module in design has a timescale.
WARNING: [XSIM 43-4099] "C:/Users/zhanggenqi/Desktop/DSP_in_VLSI/HW5/RTL/FFT32_original.v" Line 6. Module FFT32_original doesn't have a timescale but at least one module in design has a timescale.
WARNING: [XSIM 43-4099] "C:/Users/zhanggenqi/Desktop/DSP_in_VLSI/HW5/RTL/commutator.v" Line 3. Module commutator doesn't have a timescale but at least one module in design has a timescale.
WARNING: [XSIM 43-4099] "C:/Users/zhanggenqi/Desktop/DSP_in_VLSI/HW5/RTL/delay_element.v" Line 6. Module delay_element doesn't have a timescale but at least one module in design has a timescale.
WARNING: [XSIM 43-4099] "C:/Users/zhanggenqi/Desktop/DSP_in_VLSI/HW5/RTL/butterfly_unit.v" Line 3. Module butterfly_unit doesn't have a timescale but at least one module in design has a timescale.
WARNING: [XSIM 43-4099] "C:/Users/zhanggenqi/Desktop/DSP_in_VLSI/HW5/RTL/ROM32.v" Line 5. Module ROM32 doesn't have a timescale but at least one module in design has a timescale.
WARNING: [XSIM 43-4099] "C:/Users/zhanggenqi/Desktop/DSP_in_VLSI/HW5/RTL/twiddle_mul.v" Line 3. Module twiddle_mul doesn't have a timescale but at least one module in design has a timescale.
WARNING: [XSIM 43-4099] "C:/Users/zhanggenqi/Desktop/DSP_in_VLSI/HW5/RTL/delay_element.v" Line 6. Module delay_element(DELAY=8) doesn't have a timescale but at least one module in design has a timescale.
WARNING: [XSIM 43-4099] "C:/Users/zhanggenqi/Desktop/DSP_in_VLSI/HW5/RTL/commutator.v" Line 3. Module commutator doesn't have a timescale but at least one module in design has a timescale.
WARNING: [XSIM 43-4099] "C:/Users/zhanggenqi/Desktop/DSP_in_VLSI/HW5/RTL/delay_element.v" Line 6. Module delay_element(DELAY=8) doesn't have a timescale but at least one module in design has a timescale.
WARNING: [XSIM 43-4099] "C:/Users/zhanggenqi/Desktop/DSP_in_VLSI/HW5/RTL/butterfly_unit.v" Line 3. Module butterfly_unit doesn't have a timescale but at least one module in design has a timescale.
WARNING: [XSIM 43-4099] "C:/Users/zhanggenqi/Desktop/DSP_in_VLSI/HW5/RTL/ROM16.v" Line 5. Module ROM16 doesn't have a timescale but at least one module in design has a timescale.
WARNING: [XSIM 43-4099] "C:/Users/zhanggenqi/Desktop/DSP_in_VLSI/HW5/RTL/twiddle_mul.v" Line 3. Module twiddle_mul doesn't have a timescale but at least one module in design has a timescale.
WARNING: [XSIM 43-4099] "C:/Users/zhanggenqi/Desktop/DSP_in_VLSI/HW5/RTL/delay_element.v" Line 6. Module delay_element(DELAY=4) doesn't have a timescale but at least one module in design has a timescale.
WARNING: [XSIM 43-4099] "C:/Users/zhanggenqi/Desktop/DSP_in_VLSI/HW5/RTL/commutator.v" Line 3. Module commutator doesn't have a timescale but at least one module in design has a timescale.
WARNING: [XSIM 43-4099] "C:/Users/zhanggenqi/Desktop/DSP_in_VLSI/HW5/RTL/delay_element.v" Line 6. Module delay_element(DELAY=4) doesn't have a timescale but at least one module in design has a timescale.
WARNING: [XSIM 43-4099] "C:/Users/zhanggenqi/Desktop/DSP_in_VLSI/HW5/RTL/butterfly_unit.v" Line 3. Module butterfly_unit doesn't have a timescale but at least one module in design has a timescale.
WARNING: [XSIM 43-4099] "C:/Users/zhanggenqi/Desktop/DSP_in_VLSI/HW5/RTL/ROM8.v" Line 5. Module ROM8 doesn't have a timescale but at least one module in design has a timescale.
WARNING: [XSIM 43-4099] "C:/Users/zhanggenqi/Desktop/DSP_in_VLSI/HW5/RTL/twiddle_mul.v" Line 3. Module twiddle_mul doesn't have a timescale but at least one module in design has a timescale.
WARNING: [XSIM 43-4099] "C:/Users/zhanggenqi/Desktop/DSP_in_VLSI/HW5/RTL/delay_element.v" Line 6. Module delay_element(DELAY=2) doesn't have a timescale but at least one module in design has a timescale.
WARNING: [XSIM 43-4099] "C:/Users/zhanggenqi/Desktop/DSP_in_VLSI/HW5/RTL/commutator.v" Line 3. Module commutator doesn't have a timescale but at least one module in design has a timescale.
WARNING: [XSIM 43-4099] "C:/Users/zhanggenqi/Desktop/DSP_in_VLSI/HW5/RTL/delay_element.v" Line 6. Module delay_element(DELAY=2) doesn't have a timescale but at least one module in design has a timescale.
WARNING: [XSIM 43-4099] "C:/Users/zhanggenqi/Desktop/DSP_in_VLSI/HW5/RTL/butterfly_unit.v" Line 3. Module butterfly_unit doesn't have a timescale but at least one module in design has a timescale.
WARNING: [XSIM 43-4099] "C:/Users/zhanggenqi/Desktop/DSP_in_VLSI/HW5/RTL/ROM4.v" Line 5. Module ROM4 doesn't have a timescale but at least one module in design has a timescale.
WARNING: [XSIM 43-4099] "C:/Users/zhanggenqi/Desktop/DSP_in_VLSI/HW5/RTL/twiddle_mul.v" Line 3. Module twiddle_mul doesn't have a timescale but at least one module in design has a timescale.
WARNING: [XSIM 43-4099] "C:/Users/zhanggenqi/Desktop/DSP_in_VLSI/HW5/RTL/delay_element.v" Line 6. Module delay_element(DELAY=1) doesn't have a timescale but at least one module in design has a timescale.
WARNING: [XSIM 43-4099] "C:/Users/zhanggenqi/Desktop/DSP_in_VLSI/HW5/RTL/commutator.v" Line 3. Module commutator doesn't have a timescale but at least one module in design has a timescale.
WARNING: [XSIM 43-4099] "C:/Users/zhanggenqi/Desktop/DSP_in_VLSI/HW5/RTL/delay_element.v" Line 6. Module delay_element(DELAY=1) doesn't have a timescale but at least one module in design has a timescale.
WARNING: [XSIM 43-4099] "C:/Users/zhanggenqi/Desktop/DSP_in_VLSI/HW5/RTL/butterfly_unit.v" Line 3. Module butterfly_unit doesn't have a timescale but at least one module in design has a timescale.
WARNING: [XSIM 43-4099] "C:/Users/zhanggenqi/Desktop/DSP_in_VLSI/HW5/RTL/pin_pon_buffer.v" Line 6. Module pin_pon_buffer doesn't have a timescale but at least one module in design has a timescale.
Completed simulation data flow analysis
Time Resolution for simulation is 1ps
Compiling module xil_defaultlib.clk_gen
Compiling module xil_defaultlib.commutator
Compiling module xil_defaultlib.delay_element
Compiling module xil_defaultlib.butterfly_unit
Compiling module xil_defaultlib.ROM32
Compiling module xil_defaultlib.twiddle_mul
Compiling module xil_defaultlib.delay_element(DELAY=8)
Compiling module xil_defaultlib.ROM16
Compiling module xil_defaultlib.delay_element(DELAY=4)
Compiling module xil_defaultlib.ROM8
Compiling module xil_defaultlib.delay_element(DELAY=2)
Compiling module xil_defaultlib.ROM4
Compiling module xil_defaultlib.delay_element(DELAY=1)
Compiling module xil_defaultlib.pin_pon_buffer
Compiling module xil_defaultlib.FFT32_original
Compiling module xil_defaultlib.testbench
Compiling module xil_defaultlib.glbl
Built simulation snapshot testbench_behav
run_program: Time (s): cpu = 00:00:00 ; elapsed = 00:00:06 . Memory (MB): peak = 1700.797 ; gain = 0.000
INFO: [USF-XSim-69] 'elaborate' step finished in '6' seconds
INFO: [USF-XSim-4] XSim::Simulate design
INFO: [USF-XSim-61] Executing 'SIMULATE' step in 'C:/Users/zhanggenqi/Desktop/DSP_in_VLSI/HW5/VIVADO/DSP_in_VLSI_HW5_FFT32_original_v1/DSP_in_VLSI_HW5_FFT32_original_v1.sim/sim_1/behav/xsim'
INFO: [USF-XSim-98] *** Running xsim
   with args "testbench_behav -key {Behavioral:sim_1:Functional:testbench} -tclbatch {testbench.tcl} -view {C:/Users/zhanggenqi/Desktop/DSP_in_VLSI/HW5/VIVADO/DSP_in_VLSI_HW5_FFT32_original_v1/waveform/testbench_behav.wcfg} -log {simulate.log}"
INFO: [USF-XSim-8] Loading simulator feature
Time resolution is 1 ps
open_wave_config C:/Users/zhanggenqi/Desktop/DSP_in_VLSI/HW5/VIVADO/DSP_in_VLSI_HW5_FFT32_original_v1/waveform/testbench_behav.wcfg
source testbench.tcl
# set curr_wave [current_wave_config]
# if { [string length $curr_wave] == 0 } {
#   if { [llength [get_objects]] > 0} {
#     add_wave /
#     set_property needs_save false [current_wave_config]
#   } else {
#      send_msg_id Add_Wave-1 WARNING "No top level signals found. Simulator will start without a wave window. If you want to open a wave window go to 'File->New Waveform Configuration' or type 'create_wave_config' in the TCL console."
#   }
# }
# run 1000ns
---------- SIMULATION START ----------
---------- RESET END ----------
INFO: [USF-XSim-96] XSim completed. Design snapshot 'testbench_behav' loaded.
INFO: [USF-XSim-97] XSim simulation ran for 1000ns
launch_simulation: Time (s): cpu = 00:00:04 ; elapsed = 00:00:10 . Memory (MB): peak = 1700.797 ; gain = 0.000
restart
INFO: [Wavedata 42-604] Simulation restarted
run all
---------- SIMULATION START ----------
---------- RESET END ----------
---------- SIMULATION END ----------
$finish called at time : 6877200 ps : File "C:/Users/zhanggenqi/Desktop/DSP_in_VLSI/HW5/TESTBED/testbench.v" Line 191
close_sim
INFO: [Simtcl 6-16] Simulation closed
launch_simulation
Command: launch_simulation 
INFO: [Vivado 12-12493] Simulation top is 'testbench'
WARNING: [Vivado 12-13340] Unable to auto find GCC executables from simulator install path! (path not set)
INFO: [Vivado 12-5682] Launching behavioral simulation in 'C:/Users/zhanggenqi/Desktop/DSP_in_VLSI/HW5/VIVADO/DSP_in_VLSI_HW5_FFT32_original_v1/DSP_in_VLSI_HW5_FFT32_original_v1.sim/sim_1/behav/xsim'
INFO: [SIM-utils-51] Simulation object is 'sim_1'
INFO: [SIM-utils-72] Using boost library from 'C:/Xilinx/Vivado/2024.1/tps/boost_1_72_0'
INFO: [SIM-utils-54] Inspecting design source files for 'testbench' in fileset 'sim_1'...
INFO: [USF-XSim-97] Finding global include files...
INFO: [USF-XSim-98] Fetching design files from 'sim_1'...
INFO: [USF-XSim-2] XSim::Compile design
INFO: [USF-XSim-61] Executing 'COMPILE and ANALYZE' step in 'C:/Users/zhanggenqi/Desktop/DSP_in_VLSI/HW5/VIVADO/DSP_in_VLSI_HW5_FFT32_original_v1/DSP_in_VLSI_HW5_FFT32_original_v1.sim/sim_1/behav/xsim'
"xvlog --incr --relax -prj testbench_vlog.prj"
INFO: [VRFC 10-2263] Analyzing Verilog file "C:/Users/zhanggenqi/Desktop/DSP_in_VLSI/HW5/RTL/FFT32_original.v" into library xil_defaultlib
INFO: [VRFC 10-311] analyzing module FFT32_original
INFO: [VRFC 10-2263] Analyzing Verilog file "C:/Users/zhanggenqi/Desktop/DSP_in_VLSI/HW5/RTL/ROM16.v" into library xil_defaultlib
INFO: [VRFC 10-311] analyzing module ROM16
INFO: [VRFC 10-2263] Analyzing Verilog file "C:/Users/zhanggenqi/Desktop/DSP_in_VLSI/HW5/RTL/ROM32.v" into library xil_defaultlib
INFO: [VRFC 10-311] analyzing module ROM32
INFO: [VRFC 10-2263] Analyzing Verilog file "C:/Users/zhanggenqi/Desktop/DSP_in_VLSI/HW5/RTL/ROM4.v" into library xil_defaultlib
INFO: [VRFC 10-311] analyzing module ROM4
INFO: [VRFC 10-2263] Analyzing Verilog file "C:/Users/zhanggenqi/Desktop/DSP_in_VLSI/HW5/RTL/ROM8.v" into library xil_defaultlib
INFO: [VRFC 10-311] analyzing module ROM8
INFO: [VRFC 10-2263] Analyzing Verilog file "C:/Users/zhanggenqi/Desktop/DSP_in_VLSI/HW5/RTL/butterfly_unit.v" into library xil_defaultlib
INFO: [VRFC 10-311] analyzing module butterfly_unit
INFO: [VRFC 10-2263] Analyzing Verilog file "C:/Users/zhanggenqi/Desktop/DSP_in_VLSI/HW5/RTL/commutator.v" into library xil_defaultlib
WARNING: [VRFC 10-9157] macro 'WORD_LEN' is redefined [C:/Users/zhanggenqi/Desktop/DSP_in_VLSI/HW5/RTL/commutator.v:1]
INFO: [VRFC 10-311] analyzing module commutator
INFO: [VRFC 10-2263] Analyzing Verilog file "C:/Users/zhanggenqi/Desktop/DSP_in_VLSI/HW5/RTL/delay_element.v" into library xil_defaultlib
WARNING: [VRFC 10-9157] macro 'WORD_LEN' is redefined [C:/Users/zhanggenqi/Desktop/DSP_in_VLSI/HW5/RTL/delay_element.v:3]
INFO: [VRFC 10-311] analyzing module delay_element
INFO: [VRFC 10-2263] Analyzing Verilog file "C:/Users/zhanggenqi/Desktop/DSP_in_VLSI/HW5/RTL/pin_pon_buffer.v" into library xil_defaultlib
INFO: [VRFC 10-311] analyzing module pin_pon_buffer
INFO: [VRFC 10-2263] Analyzing Verilog file "C:/Users/zhanggenqi/Desktop/DSP_in_VLSI/HW5/RTL/twiddle_mul.v" into library xil_defaultlib
INFO: [VRFC 10-311] analyzing module twiddle_mul
INFO: [VRFC 10-2263] Analyzing Verilog file "C:/Users/zhanggenqi/Desktop/DSP_in_VLSI/HW5/TESTBED/testbench.v" into library xil_defaultlib
INFO: [VRFC 10-311] analyzing module testbench
INFO: [VRFC 10-311] analyzing module clk_gen
INFO: [USF-XSim-69] 'compile' step finished in '1' seconds
INFO: [USF-XSim-3] XSim::Elaborate design
INFO: [USF-XSim-61] Executing 'ELABORATE' step in 'C:/Users/zhanggenqi/Desktop/DSP_in_VLSI/HW5/VIVADO/DSP_in_VLSI_HW5_FFT32_original_v1/DSP_in_VLSI_HW5_FFT32_original_v1.sim/sim_1/behav/xsim'
"xelab --incr --debug typical --relax --mt 2 -L xil_defaultlib -L unisims_ver -L unimacro_ver -L secureip --snapshot testbench_behav xil_defaultlib.testbench xil_defaultlib.glbl -log elaborate.log"
Vivado Simulator v2024.1
Copyright 1986-2022 Xilinx, Inc. All Rights Reserved.
Copyright 2022-2024 Advanced Micro Devices, Inc. All Rights Reserved.
Running: C:/Xilinx/Vivado/2024.1/bin/unwrapped/win64.o/xelab.exe --incr --debug typical --relax --mt 2 -L xil_defaultlib -L unisims_ver -L unimacro_ver -L secureip --snapshot testbench_behav xil_defaultlib.testbench xil_defaultlib.glbl -log elaborate.log 
Using 2 slave threads.
Starting static elaboration
Pass Through NonSizing Optimizer
WARNING: [VRFC 10-3091] actual bit length 32 differs from formal bit length 11 for port 'i_commutator_UI_re' [C:/Users/zhanggenqi/Desktop/DSP_in_VLSI/HW5/RTL/FFT32_original.v:95]
WARNING: [VRFC 10-3091] actual bit length 32 differs from formal bit length 11 for port 'i_commutator_UI_im' [C:/Users/zhanggenqi/Desktop/DSP_in_VLSI/HW5/RTL/FFT32_original.v:96]
WARNING: [VRFC 10-3091] actual bit length 4 differs from formal bit length 3 for port 'i_addr' [C:/Users/zhanggenqi/Desktop/DSP_in_VLSI/HW5/RTL/FFT32_original.v:186]
WARNING: [VRFC 10-3091] actual bit length 4 differs from formal bit length 2 for port 'i_addr' [C:/Users/zhanggenqi/Desktop/DSP_in_VLSI/HW5/RTL/FFT32_original.v:244]
WARNING: [VRFC 10-3091] actual bit length 4 differs from formal bit length 1 for port 'i_addr' [C:/Users/zhanggenqi/Desktop/DSP_in_VLSI/HW5/RTL/FFT32_original.v:302]
Completed static elaboration
Starting simulation data flow analysis
WARNING: [XSIM 43-4099] "C:/Users/zhanggenqi/Desktop/DSP_in_VLSI/HW5/RTL/FFT32_original.v" Line 6. Module FFT32_original doesn't have a timescale but at least one module in design has a timescale.
WARNING: [XSIM 43-4099] "C:/Users/zhanggenqi/Desktop/DSP_in_VLSI/HW5/RTL/commutator.v" Line 3. Module commutator doesn't have a timescale but at least one module in design has a timescale.
WARNING: [XSIM 43-4099] "C:/Users/zhanggenqi/Desktop/DSP_in_VLSI/HW5/RTL/delay_element.v" Line 6. Module delay_element doesn't have a timescale but at least one module in design has a timescale.
WARNING: [XSIM 43-4099] "C:/Users/zhanggenqi/Desktop/DSP_in_VLSI/HW5/RTL/butterfly_unit.v" Line 3. Module butterfly_unit doesn't have a timescale but at least one module in design has a timescale.
WARNING: [XSIM 43-4099] "C:/Users/zhanggenqi/Desktop/DSP_in_VLSI/HW5/RTL/ROM32.v" Line 5. Module ROM32 doesn't have a timescale but at least one module in design has a timescale.
WARNING: [XSIM 43-4099] "C:/Users/zhanggenqi/Desktop/DSP_in_VLSI/HW5/RTL/twiddle_mul.v" Line 3. Module twiddle_mul doesn't have a timescale but at least one module in design has a timescale.
WARNING: [XSIM 43-4099] "C:/Users/zhanggenqi/Desktop/DSP_in_VLSI/HW5/RTL/delay_element.v" Line 6. Module delay_element(DELAY=8) doesn't have a timescale but at least one module in design has a timescale.
WARNING: [XSIM 43-4099] "C:/Users/zhanggenqi/Desktop/DSP_in_VLSI/HW5/RTL/commutator.v" Line 3. Module commutator doesn't have a timescale but at least one module in design has a timescale.
WARNING: [XSIM 43-4099] "C:/Users/zhanggenqi/Desktop/DSP_in_VLSI/HW5/RTL/delay_element.v" Line 6. Module delay_element(DELAY=8) doesn't have a timescale but at least one module in design has a timescale.
WARNING: [XSIM 43-4099] "C:/Users/zhanggenqi/Desktop/DSP_in_VLSI/HW5/RTL/butterfly_unit.v" Line 3. Module butterfly_unit doesn't have a timescale but at least one module in design has a timescale.
WARNING: [XSIM 43-4099] "C:/Users/zhanggenqi/Desktop/DSP_in_VLSI/HW5/RTL/ROM16.v" Line 5. Module ROM16 doesn't have a timescale but at least one module in design has a timescale.
WARNING: [XSIM 43-4099] "C:/Users/zhanggenqi/Desktop/DSP_in_VLSI/HW5/RTL/twiddle_mul.v" Line 3. Module twiddle_mul doesn't have a timescale but at least one module in design has a timescale.
WARNING: [XSIM 43-4099] "C:/Users/zhanggenqi/Desktop/DSP_in_VLSI/HW5/RTL/delay_element.v" Line 6. Module delay_element(DELAY=4) doesn't have a timescale but at least one module in design has a timescale.
WARNING: [XSIM 43-4099] "C:/Users/zhanggenqi/Desktop/DSP_in_VLSI/HW5/RTL/commutator.v" Line 3. Module commutator doesn't have a timescale but at least one module in design has a timescale.
WARNING: [XSIM 43-4099] "C:/Users/zhanggenqi/Desktop/DSP_in_VLSI/HW5/RTL/delay_element.v" Line 6. Module delay_element(DELAY=4) doesn't have a timescale but at least one module in design has a timescale.
WARNING: [XSIM 43-4099] "C:/Users/zhanggenqi/Desktop/DSP_in_VLSI/HW5/RTL/butterfly_unit.v" Line 3. Module butterfly_unit doesn't have a timescale but at least one module in design has a timescale.
WARNING: [XSIM 43-4099] "C:/Users/zhanggenqi/Desktop/DSP_in_VLSI/HW5/RTL/ROM8.v" Line 5. Module ROM8 doesn't have a timescale but at least one module in design has a timescale.
WARNING: [XSIM 43-4099] "C:/Users/zhanggenqi/Desktop/DSP_in_VLSI/HW5/RTL/twiddle_mul.v" Line 3. Module twiddle_mul doesn't have a timescale but at least one module in design has a timescale.
WARNING: [XSIM 43-4099] "C:/Users/zhanggenqi/Desktop/DSP_in_VLSI/HW5/RTL/delay_element.v" Line 6. Module delay_element(DELAY=2) doesn't have a timescale but at least one module in design has a timescale.
WARNING: [XSIM 43-4099] "C:/Users/zhanggenqi/Desktop/DSP_in_VLSI/HW5/RTL/commutator.v" Line 3. Module commutator doesn't have a timescale but at least one module in design has a timescale.
WARNING: [XSIM 43-4099] "C:/Users/zhanggenqi/Desktop/DSP_in_VLSI/HW5/RTL/delay_element.v" Line 6. Module delay_element(DELAY=2) doesn't have a timescale but at least one module in design has a timescale.
WARNING: [XSIM 43-4099] "C:/Users/zhanggenqi/Desktop/DSP_in_VLSI/HW5/RTL/butterfly_unit.v" Line 3. Module butterfly_unit doesn't have a timescale but at least one module in design has a timescale.
WARNING: [XSIM 43-4099] "C:/Users/zhanggenqi/Desktop/DSP_in_VLSI/HW5/RTL/ROM4.v" Line 5. Module ROM4 doesn't have a timescale but at least one module in design has a timescale.
WARNING: [XSIM 43-4099] "C:/Users/zhanggenqi/Desktop/DSP_in_VLSI/HW5/RTL/twiddle_mul.v" Line 3. Module twiddle_mul doesn't have a timescale but at least one module in design has a timescale.
WARNING: [XSIM 43-4099] "C:/Users/zhanggenqi/Desktop/DSP_in_VLSI/HW5/RTL/delay_element.v" Line 6. Module delay_element(DELAY=1) doesn't have a timescale but at least one module in design has a timescale.
WARNING: [XSIM 43-4099] "C:/Users/zhanggenqi/Desktop/DSP_in_VLSI/HW5/RTL/commutator.v" Line 3. Module commutator doesn't have a timescale but at least one module in design has a timescale.
WARNING: [XSIM 43-4099] "C:/Users/zhanggenqi/Desktop/DSP_in_VLSI/HW5/RTL/delay_element.v" Line 6. Module delay_element(DELAY=1) doesn't have a timescale but at least one module in design has a timescale.
WARNING: [XSIM 43-4099] "C:/Users/zhanggenqi/Desktop/DSP_in_VLSI/HW5/RTL/butterfly_unit.v" Line 3. Module butterfly_unit doesn't have a timescale but at least one module in design has a timescale.
WARNING: [XSIM 43-4099] "C:/Users/zhanggenqi/Desktop/DSP_in_VLSI/HW5/RTL/pin_pon_buffer.v" Line 6. Module pin_pon_buffer doesn't have a timescale but at least one module in design has a timescale.
WARNING: [XSIM 43-4099] "C:/Users/zhanggenqi/Desktop/DSP_in_VLSI/HW5/RTL/FFT32_original.v" Line 6. Module FFT32_original doesn't have a timescale but at least one module in design has a timescale.
WARNING: [XSIM 43-4099] "C:/Users/zhanggenqi/Desktop/DSP_in_VLSI/HW5/RTL/commutator.v" Line 3. Module commutator doesn't have a timescale but at least one module in design has a timescale.
WARNING: [XSIM 43-4099] "C:/Users/zhanggenqi/Desktop/DSP_in_VLSI/HW5/RTL/delay_element.v" Line 6. Module delay_element doesn't have a timescale but at least one module in design has a timescale.
WARNING: [XSIM 43-4099] "C:/Users/zhanggenqi/Desktop/DSP_in_VLSI/HW5/RTL/butterfly_unit.v" Line 3. Module butterfly_unit doesn't have a timescale but at least one module in design has a timescale.
WARNING: [XSIM 43-4099] "C:/Users/zhanggenqi/Desktop/DSP_in_VLSI/HW5/RTL/ROM32.v" Line 5. Module ROM32 doesn't have a timescale but at least one module in design has a timescale.
WARNING: [XSIM 43-4099] "C:/Users/zhanggenqi/Desktop/DSP_in_VLSI/HW5/RTL/twiddle_mul.v" Line 3. Module twiddle_mul doesn't have a timescale but at least one module in design has a timescale.
WARNING: [XSIM 43-4099] "C:/Users/zhanggenqi/Desktop/DSP_in_VLSI/HW5/RTL/delay_element.v" Line 6. Module delay_element(DELAY=8) doesn't have a timescale but at least one module in design has a timescale.
WARNING: [XSIM 43-4099] "C:/Users/zhanggenqi/Desktop/DSP_in_VLSI/HW5/RTL/commutator.v" Line 3. Module commutator doesn't have a timescale but at least one module in design has a timescale.
WARNING: [XSIM 43-4099] "C:/Users/zhanggenqi/Desktop/DSP_in_VLSI/HW5/RTL/delay_element.v" Line 6. Module delay_element(DELAY=8) doesn't have a timescale but at least one module in design has a timescale.
WARNING: [XSIM 43-4099] "C:/Users/zhanggenqi/Desktop/DSP_in_VLSI/HW5/RTL/butterfly_unit.v" Line 3. Module butterfly_unit doesn't have a timescale but at least one module in design has a timescale.
WARNING: [XSIM 43-4099] "C:/Users/zhanggenqi/Desktop/DSP_in_VLSI/HW5/RTL/ROM16.v" Line 5. Module ROM16 doesn't have a timescale but at least one module in design has a timescale.
WARNING: [XSIM 43-4099] "C:/Users/zhanggenqi/Desktop/DSP_in_VLSI/HW5/RTL/twiddle_mul.v" Line 3. Module twiddle_mul doesn't have a timescale but at least one module in design has a timescale.
WARNING: [XSIM 43-4099] "C:/Users/zhanggenqi/Desktop/DSP_in_VLSI/HW5/RTL/delay_element.v" Line 6. Module delay_element(DELAY=4) doesn't have a timescale but at least one module in design has a timescale.
WARNING: [XSIM 43-4099] "C:/Users/zhanggenqi/Desktop/DSP_in_VLSI/HW5/RTL/commutator.v" Line 3. Module commutator doesn't have a timescale but at least one module in design has a timescale.
WARNING: [XSIM 43-4099] "C:/Users/zhanggenqi/Desktop/DSP_in_VLSI/HW5/RTL/delay_element.v" Line 6. Module delay_element(DELAY=4) doesn't have a timescale but at least one module in design has a timescale.
WARNING: [XSIM 43-4099] "C:/Users/zhanggenqi/Desktop/DSP_in_VLSI/HW5/RTL/butterfly_unit.v" Line 3. Module butterfly_unit doesn't have a timescale but at least one module in design has a timescale.
WARNING: [XSIM 43-4099] "C:/Users/zhanggenqi/Desktop/DSP_in_VLSI/HW5/RTL/ROM8.v" Line 5. Module ROM8 doesn't have a timescale but at least one module in design has a timescale.
WARNING: [XSIM 43-4099] "C:/Users/zhanggenqi/Desktop/DSP_in_VLSI/HW5/RTL/twiddle_mul.v" Line 3. Module twiddle_mul doesn't have a timescale but at least one module in design has a timescale.
WARNING: [XSIM 43-4099] "C:/Users/zhanggenqi/Desktop/DSP_in_VLSI/HW5/RTL/delay_element.v" Line 6. Module delay_element(DELAY=2) doesn't have a timescale but at least one module in design has a timescale.
WARNING: [XSIM 43-4099] "C:/Users/zhanggenqi/Desktop/DSP_in_VLSI/HW5/RTL/commutator.v" Line 3. Module commutator doesn't have a timescale but at least one module in design has a timescale.
WARNING: [XSIM 43-4099] "C:/Users/zhanggenqi/Desktop/DSP_in_VLSI/HW5/RTL/delay_element.v" Line 6. Module delay_element(DELAY=2) doesn't have a timescale but at least one module in design has a timescale.
WARNING: [XSIM 43-4099] "C:/Users/zhanggenqi/Desktop/DSP_in_VLSI/HW5/RTL/butterfly_unit.v" Line 3. Module butterfly_unit doesn't have a timescale but at least one module in design has a timescale.
WARNING: [XSIM 43-4099] "C:/Users/zhanggenqi/Desktop/DSP_in_VLSI/HW5/RTL/ROM4.v" Line 5. Module ROM4 doesn't have a timescale but at least one module in design has a timescale.
WARNING: [XSIM 43-4099] "C:/Users/zhanggenqi/Desktop/DSP_in_VLSI/HW5/RTL/twiddle_mul.v" Line 3. Module twiddle_mul doesn't have a timescale but at least one module in design has a timescale.
WARNING: [XSIM 43-4099] "C:/Users/zhanggenqi/Desktop/DSP_in_VLSI/HW5/RTL/delay_element.v" Line 6. Module delay_element(DELAY=1) doesn't have a timescale but at least one module in design has a timescale.
WARNING: [XSIM 43-4099] "C:/Users/zhanggenqi/Desktop/DSP_in_VLSI/HW5/RTL/commutator.v" Line 3. Module commutator doesn't have a timescale but at least one module in design has a timescale.
WARNING: [XSIM 43-4099] "C:/Users/zhanggenqi/Desktop/DSP_in_VLSI/HW5/RTL/delay_element.v" Line 6. Module delay_element(DELAY=1) doesn't have a timescale but at least one module in design has a timescale.
WARNING: [XSIM 43-4099] "C:/Users/zhanggenqi/Desktop/DSP_in_VLSI/HW5/RTL/butterfly_unit.v" Line 3. Module butterfly_unit doesn't have a timescale but at least one module in design has a timescale.
WARNING: [XSIM 43-4099] "C:/Users/zhanggenqi/Desktop/DSP_in_VLSI/HW5/RTL/pin_pon_buffer.v" Line 6. Module pin_pon_buffer doesn't have a timescale but at least one module in design has a timescale.
Completed simulation data flow analysis
Time Resolution for simulation is 1ps
Compiling module xil_defaultlib.clk_gen
Compiling module xil_defaultlib.commutator
Compiling module xil_defaultlib.delay_element
Compiling module xil_defaultlib.butterfly_unit
Compiling module xil_defaultlib.ROM32
Compiling module xil_defaultlib.twiddle_mul
Compiling module xil_defaultlib.delay_element(DELAY=8)
Compiling module xil_defaultlib.ROM16
Compiling module xil_defaultlib.delay_element(DELAY=4)
Compiling module xil_defaultlib.ROM8
Compiling module xil_defaultlib.delay_element(DELAY=2)
Compiling module xil_defaultlib.ROM4
Compiling module xil_defaultlib.delay_element(DELAY=1)
Compiling module xil_defaultlib.pin_pon_buffer
Compiling module xil_defaultlib.FFT32_original
Compiling module xil_defaultlib.testbench
Compiling module xil_defaultlib.glbl
Built simulation snapshot testbench_behav
run_program: Time (s): cpu = 00:00:01 ; elapsed = 00:00:06 . Memory (MB): peak = 1700.797 ; gain = 0.000
INFO: [USF-XSim-69] 'elaborate' step finished in '7' seconds
INFO: [USF-XSim-4] XSim::Simulate design
INFO: [USF-XSim-61] Executing 'SIMULATE' step in 'C:/Users/zhanggenqi/Desktop/DSP_in_VLSI/HW5/VIVADO/DSP_in_VLSI_HW5_FFT32_original_v1/DSP_in_VLSI_HW5_FFT32_original_v1.sim/sim_1/behav/xsim'
INFO: [USF-XSim-98] *** Running xsim
   with args "testbench_behav -key {Behavioral:sim_1:Functional:testbench} -tclbatch {testbench.tcl} -view {C:/Users/zhanggenqi/Desktop/DSP_in_VLSI/HW5/VIVADO/DSP_in_VLSI_HW5_FFT32_original_v1/waveform/testbench_behav.wcfg} -log {simulate.log}"
INFO: [USF-XSim-8] Loading simulator feature
Time resolution is 1 ps
open_wave_config C:/Users/zhanggenqi/Desktop/DSP_in_VLSI/HW5/VIVADO/DSP_in_VLSI_HW5_FFT32_original_v1/waveform/testbench_behav.wcfg
source testbench.tcl
# set curr_wave [current_wave_config]
# if { [string length $curr_wave] == 0 } {
#   if { [llength [get_objects]] > 0} {
#     add_wave /
#     set_property needs_save false [current_wave_config]
#   } else {
#      send_msg_id Add_Wave-1 WARNING "No top level signals found. Simulator will start without a wave window. If you want to open a wave window go to 'File->New Waveform Configuration' or type 'create_wave_config' in the TCL console."
#   }
# }
# run 1000ns
---------- SIMULATION START ----------
---------- RESET END ----------
INFO: [USF-XSim-96] XSim completed. Design snapshot 'testbench_behav' loaded.
INFO: [USF-XSim-97] XSim simulation ran for 1000ns
launch_simulation: Time (s): cpu = 00:00:03 ; elapsed = 00:00:10 . Memory (MB): peak = 1700.797 ; gain = 0.000
restart
INFO: [Wavedata 42-604] Simulation restarted
run all
---------- SIMULATION START ----------
---------- RESET END ----------
---------- SIMULATION END ----------
$finish called at time : 6877200 ps : File "C:/Users/zhanggenqi/Desktop/DSP_in_VLSI/HW5/TESTBED/testbench.v" Line 191
close_sim
INFO: [Simtcl 6-16] Simulation closed
exit
INFO: [Common 17-206] Exiting Vivado at Wed May  7 22:23:29 2025...
