Vivado Simulator v2024.1
Copyright 1986-2022 Xilinx, Inc. All Rights Reserved.
Copyright 2022-2024 Advanced Micro Devices, Inc. All Rights Reserved.
Running: C:/Xilinx/Vivado/2024.1/bin/unwrapped/win64.o/xelab.exe --incr --debug typical --relax --mt 2 --maxdelay -L xil_defaultlib -L simprims_ver -L secureip --snapshot testbench_time_synth -transport_int_delays -pulse_r 0 -pulse_int_r 0 -pulse_e 0 -pulse_int_e 0 xil_defaultlib.testbench xil_defaultlib.glbl -log elaborate.log 
Using 2 slave threads.
Starting static elaboration
Pass Through NonSizing Optimizer
Completed static elaboration
Starting simulation data flow analysis
Completed simulation data flow analysis
WARNING: [XSIM 43-3918] Unable to determine HDL language type of design hierarchy in SDF. Returning without back annotation.
Time Resolution for simulation is 1ps
Compiling module xil_defaultlib.clk_gen
Compiling module simprims_ver.FDCE_default
Compiling module simprims_ver.IBUF
Compiling module simprims_ver.OBUF
Compiling module simprims_ver.LUT6
Compiling module simprims_ver.LUT4
Compiling module simprims_ver.x_lut3_mux8
Compiling module simprims_ver.LUT3
Compiling module simprims_ver.x_lut2_mux4
Compiling module simprims_ver.LUT2
Compiling module simprims_ver.x_lut1_mux2
Compiling module simprims_ver.LUT1
Compiling module simprims_ver.BUFG
Compiling module simprims_ver.LUT5
Compiling module simprims_ver.SRL16E_default
Compiling module simprims_ver.FDRE_default
Compiling module xil_defaultlib.delay_element__parameterized0
Compiling module xil_defaultlib.delay_element__parameterized1
Compiling module xil_defaultlib.delay_element__parameterized2
Compiling module xil_defaultlib.delay_element__parameterized3
Compiling module simprims_ver.CARRY4
Compiling module xil_defaultlib.delay_element
Compiling module xil_defaultlib.delay_element__parameterized0_0
Compiling module xil_defaultlib.delay_element__parameterized1_1
Compiling module xil_defaultlib.delay_element__parameterized2_2
Compiling module xil_defaultlib.delay_element__parameterized3_3
Compiling module simprims_ver.MUXF7
Compiling module simprims_ver.MUXF8
Compiling module xil_defaultlib.pin_pon_buffer
Compiling module simprims_ver.DSP48E1(ACASCREG=0,ALUMODEREG=0,...
Compiling module xil_defaultlib.twiddle_mul
Compiling module xil_defaultlib.twiddle_mul_4
Compiling module xil_defaultlib.twiddle_mul_5
Compiling module xil_defaultlib.twiddle_mul_6
Compiling module xil_defaultlib.FFT32_pipeline
Compiling module xil_defaultlib.testbench
Compiling module xil_defaultlib.glbl
Built simulation snapshot testbench_time_synth
