Vivado Simulator v2024.1
Copyright 1986-2022 Xilinx, Inc. All Rights Reserved.
Copyright 2022-2024 Advanced Micro Devices, Inc. All Rights Reserved.
Running: C:/Xilinx/Vivado/2024.1/bin/unwrapped/win64.o/xelab.exe --incr --debug typical --relax --mt 2 -L xil_defaultlib -L unisims_ver -L unimacro_ver -L secureip --snapshot testbench_behav xil_defaultlib.testbench xil_defaultlib.glbl -log elaborate.log 
Using 2 slave threads.
Starting static elaboration
Pass Through NonSizing Optimizer
WARNING: [VRFC 10-3091] actual bit length 32 differs from formal bit length 16 for port 'prev_node' [C:/Users/zhanggenqi/Desktop/DSP_in_VLSI/HW2/RTL/parallel_FIR/FIR.v:27]
WARNING: [VRFC 10-3091] actual bit length 32 differs from formal bit length 16 for port 'prev_node' [C:/Users/zhanggenqi/Desktop/DSP_in_VLSI/HW2/RTL/parallel_FIR/FIR.v:39]
Completed static elaboration
Starting simulation data flow analysis
WARNING: [XSIM 43-4099] "C:/Users/zhanggenqi/Desktop/DSP_in_VLSI/HW2/RTL/parallel_FIR/FIR.v" Line 4. Module FIR doesn't have a timescale but at least one module in design has a timescale.
WARNING: [XSIM 43-4099] "C:/Users/zhanggenqi/Desktop/DSP_in_VLSI/HW2/RTL/parallel_FIR/FIR.v" Line 139. Module FIR_subblock_init_last doesn't have a timescale but at least one module in design has a timescale.
WARNING: [XSIM 43-4099] "C:/Users/zhanggenqi/Desktop/DSP_in_VLSI/HW2/RTL/parallel_FIR/FIR.v" Line 91. Module FIR_subblock_parallel doesn't have a timescale but at least one module in design has a timescale.
WARNING: [XSIM 43-4099] "C:/Users/zhanggenqi/Desktop/DSP_in_VLSI/HW2/RTL/parallel_FIR/FIR.v" Line 91. Module FIR_subblock_parallel doesn't have a timescale but at least one module in design has a timescale.
WARNING: [XSIM 43-4099] "C:/Users/zhanggenqi/Desktop/DSP_in_VLSI/HW2/RTL/parallel_FIR/FIR.v" Line 91. Module FIR_subblock_parallel doesn't have a timescale but at least one module in design has a timescale.
WARNING: [XSIM 43-4099] "C:/Users/zhanggenqi/Desktop/DSP_in_VLSI/HW2/RTL/parallel_FIR/FIR.v" Line 91. Module FIR_subblock_parallel doesn't have a timescale but at least one module in design has a timescale.
WARNING: [XSIM 43-4099] "C:/Users/zhanggenqi/Desktop/DSP_in_VLSI/HW2/RTL/parallel_FIR/FIR.v" Line 91. Module FIR_subblock_parallel doesn't have a timescale but at least one module in design has a timescale.
WARNING: [XSIM 43-4099] "C:/Users/zhanggenqi/Desktop/DSP_in_VLSI/HW2/RTL/parallel_FIR/FIR.v" Line 91. Module FIR_subblock_parallel doesn't have a timescale but at least one module in design has a timescale.
WARNING: [XSIM 43-4099] "C:/Users/zhanggenqi/Desktop/DSP_in_VLSI/HW2/RTL/parallel_FIR/FIR.v" Line 91. Module FIR_subblock_parallel doesn't have a timescale but at least one module in design has a timescale.
WARNING: [XSIM 43-4099] "C:/Users/zhanggenqi/Desktop/DSP_in_VLSI/HW2/RTL/parallel_FIR/FIR.v" Line 91. Module FIR_subblock_parallel doesn't have a timescale but at least one module in design has a timescale.
WARNING: [XSIM 43-4099] "C:/Users/zhanggenqi/Desktop/DSP_in_VLSI/HW2/RTL/parallel_FIR/FIR.v" Line 91. Module FIR_subblock_parallel doesn't have a timescale but at least one module in design has a timescale.
WARNING: [XSIM 43-4099] "C:/Users/zhanggenqi/Desktop/DSP_in_VLSI/HW2/RTL/parallel_FIR/FIR.v" Line 91. Module FIR_subblock_parallel doesn't have a timescale but at least one module in design has a timescale.
WARNING: [XSIM 43-4099] "C:/Users/zhanggenqi/Desktop/DSP_in_VLSI/HW2/RTL/parallel_FIR/FIR.v" Line 91. Module FIR_subblock_parallel doesn't have a timescale but at least one module in design has a timescale.
WARNING: [XSIM 43-4099] "C:/Users/zhanggenqi/Desktop/DSP_in_VLSI/HW2/RTL/parallel_FIR/FIR.v" Line 91. Module FIR_subblock_parallel doesn't have a timescale but at least one module in design has a timescale.
WARNING: [XSIM 43-4099] "C:/Users/zhanggenqi/Desktop/DSP_in_VLSI/HW2/RTL/parallel_FIR/FIR.v" Line 91. Module FIR_subblock_parallel doesn't have a timescale but at least one module in design has a timescale.
WARNING: [XSIM 43-4099] "C:/Users/zhanggenqi/Desktop/DSP_in_VLSI/HW2/RTL/parallel_FIR/FIR.v" Line 91. Module FIR_subblock_parallel doesn't have a timescale but at least one module in design has a timescale.
WARNING: [XSIM 43-4099] "C:/Users/zhanggenqi/Desktop/DSP_in_VLSI/HW2/RTL/parallel_FIR/FIR.v" Line 91. Module FIR_subblock_parallel doesn't have a timescale but at least one module in design has a timescale.
WARNING: [XSIM 43-4099] "C:/Users/zhanggenqi/Desktop/DSP_in_VLSI/HW2/RTL/parallel_FIR/FIR.v" Line 91. Module FIR_subblock_parallel doesn't have a timescale but at least one module in design has a timescale.
WARNING: [XSIM 43-4099] "C:/Users/zhanggenqi/Desktop/DSP_in_VLSI/HW2/RTL/parallel_FIR/FIR.v" Line 139. Module FIR_subblock_init_last doesn't have a timescale but at least one module in design has a timescale.
WARNING: [XSIM 43-4099] "C:/Users/zhanggenqi/Desktop/DSP_in_VLSI/HW2/RTL/parallel_FIR/FIR.v" Line 4. Module FIR doesn't have a timescale but at least one module in design has a timescale.
WARNING: [XSIM 43-4099] "C:/Users/zhanggenqi/Desktop/DSP_in_VLSI/HW2/RTL/parallel_FIR/FIR.v" Line 139. Module FIR_subblock_init_last doesn't have a timescale but at least one module in design has a timescale.
WARNING: [XSIM 43-4099] "C:/Users/zhanggenqi/Desktop/DSP_in_VLSI/HW2/RTL/parallel_FIR/FIR.v" Line 91. Module FIR_subblock_parallel doesn't have a timescale but at least one module in design has a timescale.
WARNING: [XSIM 43-4099] "C:/Users/zhanggenqi/Desktop/DSP_in_VLSI/HW2/RTL/parallel_FIR/FIR.v" Line 91. Module FIR_subblock_parallel doesn't have a timescale but at least one module in design has a timescale.
WARNING: [XSIM 43-4099] "C:/Users/zhanggenqi/Desktop/DSP_in_VLSI/HW2/RTL/parallel_FIR/FIR.v" Line 91. Module FIR_subblock_parallel doesn't have a timescale but at least one module in design has a timescale.
WARNING: [XSIM 43-4099] "C:/Users/zhanggenqi/Desktop/DSP_in_VLSI/HW2/RTL/parallel_FIR/FIR.v" Line 91. Module FIR_subblock_parallel doesn't have a timescale but at least one module in design has a timescale.
WARNING: [XSIM 43-4099] "C:/Users/zhanggenqi/Desktop/DSP_in_VLSI/HW2/RTL/parallel_FIR/FIR.v" Line 91. Module FIR_subblock_parallel doesn't have a timescale but at least one module in design has a timescale.
WARNING: [XSIM 43-4099] "C:/Users/zhanggenqi/Desktop/DSP_in_VLSI/HW2/RTL/parallel_FIR/FIR.v" Line 91. Module FIR_subblock_parallel doesn't have a timescale but at least one module in design has a timescale.
WARNING: [XSIM 43-4099] "C:/Users/zhanggenqi/Desktop/DSP_in_VLSI/HW2/RTL/parallel_FIR/FIR.v" Line 91. Module FIR_subblock_parallel doesn't have a timescale but at least one module in design has a timescale.
WARNING: [XSIM 43-4099] "C:/Users/zhanggenqi/Desktop/DSP_in_VLSI/HW2/RTL/parallel_FIR/FIR.v" Line 91. Module FIR_subblock_parallel doesn't have a timescale but at least one module in design has a timescale.
WARNING: [XSIM 43-4099] "C:/Users/zhanggenqi/Desktop/DSP_in_VLSI/HW2/RTL/parallel_FIR/FIR.v" Line 91. Module FIR_subblock_parallel doesn't have a timescale but at least one module in design has a timescale.
WARNING: [XSIM 43-4099] "C:/Users/zhanggenqi/Desktop/DSP_in_VLSI/HW2/RTL/parallel_FIR/FIR.v" Line 91. Module FIR_subblock_parallel doesn't have a timescale but at least one module in design has a timescale.
WARNING: [XSIM 43-4099] "C:/Users/zhanggenqi/Desktop/DSP_in_VLSI/HW2/RTL/parallel_FIR/FIR.v" Line 91. Module FIR_subblock_parallel doesn't have a timescale but at least one module in design has a timescale.
WARNING: [XSIM 43-4099] "C:/Users/zhanggenqi/Desktop/DSP_in_VLSI/HW2/RTL/parallel_FIR/FIR.v" Line 91. Module FIR_subblock_parallel doesn't have a timescale but at least one module in design has a timescale.
WARNING: [XSIM 43-4099] "C:/Users/zhanggenqi/Desktop/DSP_in_VLSI/HW2/RTL/parallel_FIR/FIR.v" Line 91. Module FIR_subblock_parallel doesn't have a timescale but at least one module in design has a timescale.
WARNING: [XSIM 43-4099] "C:/Users/zhanggenqi/Desktop/DSP_in_VLSI/HW2/RTL/parallel_FIR/FIR.v" Line 91. Module FIR_subblock_parallel doesn't have a timescale but at least one module in design has a timescale.
WARNING: [XSIM 43-4099] "C:/Users/zhanggenqi/Desktop/DSP_in_VLSI/HW2/RTL/parallel_FIR/FIR.v" Line 91. Module FIR_subblock_parallel doesn't have a timescale but at least one module in design has a timescale.
WARNING: [XSIM 43-4099] "C:/Users/zhanggenqi/Desktop/DSP_in_VLSI/HW2/RTL/parallel_FIR/FIR.v" Line 91. Module FIR_subblock_parallel doesn't have a timescale but at least one module in design has a timescale.
WARNING: [XSIM 43-4099] "C:/Users/zhanggenqi/Desktop/DSP_in_VLSI/HW2/RTL/parallel_FIR/FIR.v" Line 139. Module FIR_subblock_init_last doesn't have a timescale but at least one module in design has a timescale.
Completed simulation data flow analysis
Time Resolution for simulation is 1ps
Compiling module xil_defaultlib.clk_gen
Compiling module xil_defaultlib.FIR_subblock_init_last
Compiling module xil_defaultlib.FIR_subblock_parallel
Compiling module xil_defaultlib.FIR
Compiling module xil_defaultlib.testbench
Compiling module xil_defaultlib.glbl
Built simulation snapshot testbench_behav
