Vivado Simulator v2024.1
Copyright 1986-2022 Xilinx, Inc. All Rights Reserved.
Copyright 2022-2024 Advanced Micro Devices, Inc. All Rights Reserved.
Running: C:/Xilinx/Vivado/2024.1/bin/unwrapped/win64.o/xelab.exe --incr --debug typical --relax --mt 2 -L xil_defaultlib -L unisims_ver -L unimacro_ver -L secureip --snapshot testbench_behav xil_defaultlib.testbench xil_defaultlib.glbl -log elaborate.log 
Using 2 slave threads.
Starting static elaboration
Pass Through NonSizing Optimizer
WARNING: [VRFC 10-3091] actual bit length 20 differs from formal bit length 1 for port 'i_vectoring_mode' [C:/Users/zhanggenqi/Desktop/DSP_in_VLSI/FINAL/TESTBED/testbench.v:81]
WARNING: [VRFC 10-3091] actual bit length 32 differs from formal bit length 5 for port 'const_stage_idx' [C:/Users/zhanggenqi/Desktop/DSP_in_VLSI/FINAL/RTL/CORDIC.v:54]
WARNING: [VRFC 10-3091] actual bit length 32 differs from formal bit length 5 for port 'const_stage_idx' [C:/Users/zhanggenqi/Desktop/DSP_in_VLSI/FINAL/RTL/CORDIC.v:55]
WARNING: [VRFC 10-3091] actual bit length 32 differs from formal bit length 5 for port 'const_stage_idx' [C:/Users/zhanggenqi/Desktop/DSP_in_VLSI/FINAL/RTL/CORDIC.v:56]
WARNING: [VRFC 10-3091] actual bit length 32 differs from formal bit length 5 for port 'const_stage_idx' [C:/Users/zhanggenqi/Desktop/DSP_in_VLSI/FINAL/RTL/CORDIC.v:57]
WARNING: [VRFC 10-3091] actual bit length 32 differs from formal bit length 5 for port 'const_stage_idx' [C:/Users/zhanggenqi/Desktop/DSP_in_VLSI/FINAL/RTL/CORDIC.v:58]
WARNING: [VRFC 10-3091] actual bit length 32 differs from formal bit length 5 for port 'const_stage_idx' [C:/Users/zhanggenqi/Desktop/DSP_in_VLSI/FINAL/RTL/CORDIC.v:59]
WARNING: [VRFC 10-3091] actual bit length 32 differs from formal bit length 5 for port 'const_stage_idx' [C:/Users/zhanggenqi/Desktop/DSP_in_VLSI/FINAL/RTL/CORDIC.v:60]
WARNING: [VRFC 10-3091] actual bit length 32 differs from formal bit length 5 for port 'const_stage_idx' [C:/Users/zhanggenqi/Desktop/DSP_in_VLSI/FINAL/RTL/CORDIC.v:61]
WARNING: [VRFC 10-3091] actual bit length 32 differs from formal bit length 5 for port 'const_stage_idx' [C:/Users/zhanggenqi/Desktop/DSP_in_VLSI/FINAL/RTL/CORDIC.v:62]
WARNING: [VRFC 10-3091] actual bit length 32 differs from formal bit length 5 for port 'const_stage_idx' [C:/Users/zhanggenqi/Desktop/DSP_in_VLSI/FINAL/RTL/CORDIC.v:63]
WARNING: [VRFC 10-3091] actual bit length 32 differs from formal bit length 5 for port 'const_stage_idx' [C:/Users/zhanggenqi/Desktop/DSP_in_VLSI/FINAL/RTL/CORDIC.v:64]
WARNING: [VRFC 10-3091] actual bit length 32 differs from formal bit length 5 for port 'const_stage_idx' [C:/Users/zhanggenqi/Desktop/DSP_in_VLSI/FINAL/RTL/CORDIC.v:65]
WARNING: [VRFC 10-3091] actual bit length 32 differs from formal bit length 5 for port 'const_stage_idx' [C:/Users/zhanggenqi/Desktop/DSP_in_VLSI/FINAL/RTL/CORDIC.v:66]
WARNING: [VRFC 10-3091] actual bit length 32 differs from formal bit length 5 for port 'const_stage_idx' [C:/Users/zhanggenqi/Desktop/DSP_in_VLSI/FINAL/RTL/CORDIC.v:67]
WARNING: [VRFC 10-3091] actual bit length 32 differs from formal bit length 5 for port 'const_stage_idx' [C:/Users/zhanggenqi/Desktop/DSP_in_VLSI/FINAL/RTL/CORDIC.v:68]
WARNING: [VRFC 10-3091] actual bit length 32 differs from formal bit length 5 for port 'const_stage_idx' [C:/Users/zhanggenqi/Desktop/DSP_in_VLSI/FINAL/RTL/CORDIC.v:69]
Completed static elaboration
Starting simulation data flow analysis
WARNING: [XSIM 43-4099] "C:/Users/zhanggenqi/Desktop/DSP_in_VLSI/FINAL/RTL/CORDIC_ARRAY.v" Line 2. Module CORDIC_ARRAY doesn't have a timescale but at least one module in design has a timescale.
WARNING: [XSIM 43-4099] "C:/Users/zhanggenqi/Desktop/DSP_in_VLSI/FINAL/RTL/DU.v" Line 2. Module DU_0 doesn't have a timescale but at least one module in design has a timescale.
WARNING: [XSIM 43-4099] "C:/Users/zhanggenqi/Desktop/DSP_in_VLSI/FINAL/RTL/CORDIC.v" Line 3. Module CORDIC doesn't have a timescale but at least one module in design has a timescale.
WARNING: [XSIM 43-4099] "C:/Users/zhanggenqi/Desktop/DSP_in_VLSI/FINAL/RTL/CORDIC.v" Line 178. Module single_stage doesn't have a timescale but at least one module in design has a timescale.
WARNING: [XSIM 43-4099] "C:/Users/zhanggenqi/Desktop/DSP_in_VLSI/FINAL/RTL/CORDIC.v" Line 178. Module single_stage doesn't have a timescale but at least one module in design has a timescale.
WARNING: [XSIM 43-4099] "C:/Users/zhanggenqi/Desktop/DSP_in_VLSI/FINAL/RTL/CORDIC.v" Line 178. Module single_stage doesn't have a timescale but at least one module in design has a timescale.
WARNING: [XSIM 43-4099] "C:/Users/zhanggenqi/Desktop/DSP_in_VLSI/FINAL/RTL/CORDIC.v" Line 178. Module single_stage doesn't have a timescale but at least one module in design has a timescale.
WARNING: [XSIM 43-4099] "C:/Users/zhanggenqi/Desktop/DSP_in_VLSI/FINAL/RTL/CORDIC.v" Line 178. Module single_stage doesn't have a timescale but at least one module in design has a timescale.
WARNING: [XSIM 43-4099] "C:/Users/zhanggenqi/Desktop/DSP_in_VLSI/FINAL/RTL/CORDIC.v" Line 178. Module single_stage doesn't have a timescale but at least one module in design has a timescale.
WARNING: [XSIM 43-4099] "C:/Users/zhanggenqi/Desktop/DSP_in_VLSI/FINAL/RTL/CORDIC.v" Line 178. Module single_stage doesn't have a timescale but at least one module in design has a timescale.
WARNING: [XSIM 43-4099] "C:/Users/zhanggenqi/Desktop/DSP_in_VLSI/FINAL/RTL/CORDIC.v" Line 178. Module single_stage doesn't have a timescale but at least one module in design has a timescale.
WARNING: [XSIM 43-4099] "C:/Users/zhanggenqi/Desktop/DSP_in_VLSI/FINAL/RTL/CORDIC.v" Line 178. Module single_stage doesn't have a timescale but at least one module in design has a timescale.
WARNING: [XSIM 43-4099] "C:/Users/zhanggenqi/Desktop/DSP_in_VLSI/FINAL/RTL/CORDIC.v" Line 178. Module single_stage doesn't have a timescale but at least one module in design has a timescale.
WARNING: [XSIM 43-4099] "C:/Users/zhanggenqi/Desktop/DSP_in_VLSI/FINAL/RTL/CORDIC.v" Line 178. Module single_stage doesn't have a timescale but at least one module in design has a timescale.
WARNING: [XSIM 43-4099] "C:/Users/zhanggenqi/Desktop/DSP_in_VLSI/FINAL/RTL/CORDIC.v" Line 178. Module single_stage doesn't have a timescale but at least one module in design has a timescale.
WARNING: [XSIM 43-4099] "C:/Users/zhanggenqi/Desktop/DSP_in_VLSI/FINAL/RTL/CORDIC.v" Line 178. Module single_stage doesn't have a timescale but at least one module in design has a timescale.
WARNING: [XSIM 43-4099] "C:/Users/zhanggenqi/Desktop/DSP_in_VLSI/FINAL/RTL/CORDIC.v" Line 178. Module single_stage doesn't have a timescale but at least one module in design has a timescale.
WARNING: [XSIM 43-4099] "C:/Users/zhanggenqi/Desktop/DSP_in_VLSI/FINAL/RTL/CORDIC.v" Line 178. Module single_stage doesn't have a timescale but at least one module in design has a timescale.
WARNING: [XSIM 43-4099] "C:/Users/zhanggenqi/Desktop/DSP_in_VLSI/FINAL/RTL/CORDIC.v" Line 178. Module single_stage doesn't have a timescale but at least one module in design has a timescale.
WARNING: [XSIM 43-4099] "C:/Users/zhanggenqi/Desktop/DSP_in_VLSI/FINAL/RTL/CORDIC.v" Line 3. Module CORDIC doesn't have a timescale but at least one module in design has a timescale.
WARNING: [XSIM 43-4099] "C:/Users/zhanggenqi/Desktop/DSP_in_VLSI/FINAL/RTL/CORDIC.v" Line 178. Module single_stage doesn't have a timescale but at least one module in design has a timescale.
WARNING: [XSIM 43-4099] "C:/Users/zhanggenqi/Desktop/DSP_in_VLSI/FINAL/RTL/CORDIC.v" Line 178. Module single_stage doesn't have a timescale but at least one module in design has a timescale.
WARNING: [XSIM 43-4099] "C:/Users/zhanggenqi/Desktop/DSP_in_VLSI/FINAL/RTL/CORDIC.v" Line 178. Module single_stage doesn't have a timescale but at least one module in design has a timescale.
WARNING: [XSIM 43-4099] "C:/Users/zhanggenqi/Desktop/DSP_in_VLSI/FINAL/RTL/CORDIC.v" Line 178. Module single_stage doesn't have a timescale but at least one module in design has a timescale.
WARNING: [XSIM 43-4099] "C:/Users/zhanggenqi/Desktop/DSP_in_VLSI/FINAL/RTL/CORDIC.v" Line 178. Module single_stage doesn't have a timescale but at least one module in design has a timescale.
WARNING: [XSIM 43-4099] "C:/Users/zhanggenqi/Desktop/DSP_in_VLSI/FINAL/RTL/CORDIC.v" Line 178. Module single_stage doesn't have a timescale but at least one module in design has a timescale.
WARNING: [XSIM 43-4099] "C:/Users/zhanggenqi/Desktop/DSP_in_VLSI/FINAL/RTL/CORDIC.v" Line 178. Module single_stage doesn't have a timescale but at least one module in design has a timescale.
WARNING: [XSIM 43-4099] "C:/Users/zhanggenqi/Desktop/DSP_in_VLSI/FINAL/RTL/CORDIC.v" Line 178. Module single_stage doesn't have a timescale but at least one module in design has a timescale.
WARNING: [XSIM 43-4099] "C:/Users/zhanggenqi/Desktop/DSP_in_VLSI/FINAL/RTL/CORDIC.v" Line 178. Module single_stage doesn't have a timescale but at least one module in design has a timescale.
WARNING: [XSIM 43-4099] "C:/Users/zhanggenqi/Desktop/DSP_in_VLSI/FINAL/RTL/CORDIC.v" Line 178. Module single_stage doesn't have a timescale but at least one module in design has a timescale.
WARNING: [XSIM 43-4099] "C:/Users/zhanggenqi/Desktop/DSP_in_VLSI/FINAL/RTL/CORDIC.v" Line 178. Module single_stage doesn't have a timescale but at least one module in design has a timescale.
WARNING: [XSIM 43-4099] "C:/Users/zhanggenqi/Desktop/DSP_in_VLSI/FINAL/RTL/CORDIC.v" Line 178. Module single_stage doesn't have a timescale but at least one module in design has a timescale.
WARNING: [XSIM 43-4099] "C:/Users/zhanggenqi/Desktop/DSP_in_VLSI/FINAL/RTL/CORDIC.v" Line 178. Module single_stage doesn't have a timescale but at least one module in design has a timescale.
WARNING: [XSIM 43-4099] "C:/Users/zhanggenqi/Desktop/DSP_in_VLSI/FINAL/RTL/CORDIC.v" Line 178. Module single_stage doesn't have a timescale but at least one module in design has a timescale.
WARNING: [XSIM 43-4099] "C:/Users/zhanggenqi/Desktop/DSP_in_VLSI/FINAL/RTL/CORDIC.v" Line 178. Module single_stage doesn't have a timescale but at least one module in design has a timescale.
WARNING: [XSIM 43-4099] "C:/Users/zhanggenqi/Desktop/DSP_in_VLSI/FINAL/RTL/CORDIC.v" Line 178. Module single_stage doesn't have a timescale but at least one module in design has a timescale.
WARNING: [XSIM 43-4099] "C:/Users/zhanggenqi/Desktop/DSP_in_VLSI/FINAL/RTL/CORDIC.v" Line 3. Module CORDIC doesn't have a timescale but at least one module in design has a timescale.
WARNING: [XSIM 43-4099] "C:/Users/zhanggenqi/Desktop/DSP_in_VLSI/FINAL/RTL/CORDIC.v" Line 178. Module single_stage doesn't have a timescale but at least one module in design has a timescale.
WARNING: [XSIM 43-4099] "C:/Users/zhanggenqi/Desktop/DSP_in_VLSI/FINAL/RTL/CORDIC.v" Line 178. Module single_stage doesn't have a timescale but at least one module in design has a timescale.
WARNING: [XSIM 43-4099] "C:/Users/zhanggenqi/Desktop/DSP_in_VLSI/FINAL/RTL/CORDIC.v" Line 178. Module single_stage doesn't have a timescale but at least one module in design has a timescale.
WARNING: [XSIM 43-4099] "C:/Users/zhanggenqi/Desktop/DSP_in_VLSI/FINAL/RTL/CORDIC.v" Line 178. Module single_stage doesn't have a timescale but at least one module in design has a timescale.
WARNING: [XSIM 43-4099] "C:/Users/zhanggenqi/Desktop/DSP_in_VLSI/FINAL/RTL/CORDIC.v" Line 178. Module single_stage doesn't have a timescale but at least one module in design has a timescale.
WARNING: [XSIM 43-4099] "C:/Users/zhanggenqi/Desktop/DSP_in_VLSI/FINAL/RTL/CORDIC.v" Line 178. Module single_stage doesn't have a timescale but at least one module in design has a timescale.
WARNING: [XSIM 43-4099] "C:/Users/zhanggenqi/Desktop/DSP_in_VLSI/FINAL/RTL/CORDIC.v" Line 178. Module single_stage doesn't have a timescale but at least one module in design has a timescale.
WARNING: [XSIM 43-4099] "C:/Users/zhanggenqi/Desktop/DSP_in_VLSI/FINAL/RTL/CORDIC.v" Line 178. Module single_stage doesn't have a timescale but at least one module in design has a timescale.
WARNING: [XSIM 43-4099] "C:/Users/zhanggenqi/Desktop/DSP_in_VLSI/FINAL/RTL/CORDIC.v" Line 178. Module single_stage doesn't have a timescale but at least one module in design has a timescale.
WARNING: [XSIM 43-4099] "C:/Users/zhanggenqi/Desktop/DSP_in_VLSI/FINAL/RTL/CORDIC.v" Line 178. Module single_stage doesn't have a timescale but at least one module in design has a timescale.
WARNING: [XSIM 43-4099] "C:/Users/zhanggenqi/Desktop/DSP_in_VLSI/FINAL/RTL/CORDIC.v" Line 178. Module single_stage doesn't have a timescale but at least one module in design has a timescale.
WARNING: [XSIM 43-4099] "C:/Users/zhanggenqi/Desktop/DSP_in_VLSI/FINAL/RTL/CORDIC.v" Line 178. Module single_stage doesn't have a timescale but at least one module in design has a timescale.
WARNING: [XSIM 43-4099] "C:/Users/zhanggenqi/Desktop/DSP_in_VLSI/FINAL/RTL/CORDIC.v" Line 178. Module single_stage doesn't have a timescale but at least one module in design has a timescale.
WARNING: [XSIM 43-4099] "C:/Users/zhanggenqi/Desktop/DSP_in_VLSI/FINAL/RTL/CORDIC.v" Line 178. Module single_stage doesn't have a timescale but at least one module in design has a timescale.
WARNING: [XSIM 43-4099] "C:/Users/zhanggenqi/Desktop/DSP_in_VLSI/FINAL/RTL/CORDIC.v" Line 178. Module single_stage doesn't have a timescale but at least one module in design has a timescale.
WARNING: [XSIM 43-4099] "C:/Users/zhanggenqi/Desktop/DSP_in_VLSI/FINAL/RTL/CORDIC.v" Line 178. Module single_stage doesn't have a timescale but at least one module in design has a timescale.
WARNING: [XSIM 43-4099] "C:/Users/zhanggenqi/Desktop/DSP_in_VLSI/FINAL/RTL/DU.v" Line 29. Module DU_1 doesn't have a timescale but at least one module in design has a timescale.
WARNING: [XSIM 43-4099] "C:/Users/zhanggenqi/Desktop/DSP_in_VLSI/FINAL/RTL/CORDIC.v" Line 3. Module CORDIC doesn't have a timescale but at least one module in design has a timescale.
WARNING: [XSIM 43-4099] "C:/Users/zhanggenqi/Desktop/DSP_in_VLSI/FINAL/RTL/CORDIC.v" Line 178. Module single_stage doesn't have a timescale but at least one module in design has a timescale.
WARNING: [XSIM 43-4099] "C:/Users/zhanggenqi/Desktop/DSP_in_VLSI/FINAL/RTL/CORDIC.v" Line 178. Module single_stage doesn't have a timescale but at least one module in design has a timescale.
WARNING: [XSIM 43-4099] "C:/Users/zhanggenqi/Desktop/DSP_in_VLSI/FINAL/RTL/CORDIC.v" Line 178. Module single_stage doesn't have a timescale but at least one module in design has a timescale.
WARNING: [XSIM 43-4099] "C:/Users/zhanggenqi/Desktop/DSP_in_VLSI/FINAL/RTL/CORDIC.v" Line 178. Module single_stage doesn't have a timescale but at least one module in design has a timescale.
WARNING: [XSIM 43-4099] "C:/Users/zhanggenqi/Desktop/DSP_in_VLSI/FINAL/RTL/CORDIC.v" Line 178. Module single_stage doesn't have a timescale but at least one module in design has a timescale.
WARNING: [XSIM 43-4099] "C:/Users/zhanggenqi/Desktop/DSP_in_VLSI/FINAL/RTL/CORDIC.v" Line 178. Module single_stage doesn't have a timescale but at least one module in design has a timescale.
WARNING: [XSIM 43-4099] "C:/Users/zhanggenqi/Desktop/DSP_in_VLSI/FINAL/RTL/CORDIC.v" Line 178. Module single_stage doesn't have a timescale but at least one module in design has a timescale.
WARNING: [XSIM 43-4099] "C:/Users/zhanggenqi/Desktop/DSP_in_VLSI/FINAL/RTL/CORDIC.v" Line 178. Module single_stage doesn't have a timescale but at least one module in design has a timescale.
WARNING: [XSIM 43-4099] "C:/Users/zhanggenqi/Desktop/DSP_in_VLSI/FINAL/RTL/CORDIC.v" Line 178. Module single_stage doesn't have a timescale but at least one module in design has a timescale.
WARNING: [XSIM 43-4099] "C:/Users/zhanggenqi/Desktop/DSP_in_VLSI/FINAL/RTL/CORDIC.v" Line 178. Module single_stage doesn't have a timescale but at least one module in design has a timescale.
WARNING: [XSIM 43-4099] "C:/Users/zhanggenqi/Desktop/DSP_in_VLSI/FINAL/RTL/CORDIC.v" Line 178. Module single_stage doesn't have a timescale but at least one module in design has a timescale.
WARNING: [XSIM 43-4099] "C:/Users/zhanggenqi/Desktop/DSP_in_VLSI/FINAL/RTL/CORDIC.v" Line 178. Module single_stage doesn't have a timescale but at least one module in design has a timescale.
WARNING: [XSIM 43-4099] "C:/Users/zhanggenqi/Desktop/DSP_in_VLSI/FINAL/RTL/CORDIC.v" Line 178. Module single_stage doesn't have a timescale but at least one module in design has a timescale.
WARNING: [XSIM 43-4099] "C:/Users/zhanggenqi/Desktop/DSP_in_VLSI/FINAL/RTL/CORDIC.v" Line 178. Module single_stage doesn't have a timescale but at least one module in design has a timescale.
WARNING: [XSIM 43-4099] "C:/Users/zhanggenqi/Desktop/DSP_in_VLSI/FINAL/RTL/CORDIC.v" Line 178. Module single_stage doesn't have a timescale but at least one module in design has a timescale.
WARNING: [XSIM 43-4099] "C:/Users/zhanggenqi/Desktop/DSP_in_VLSI/FINAL/RTL/CORDIC.v" Line 178. Module single_stage doesn't have a timescale but at least one module in design has a timescale.
WARNING: [XSIM 43-4099] "C:/Users/zhanggenqi/Desktop/DSP_in_VLSI/FINAL/RTL/CORDIC.v" Line 3. Module CORDIC doesn't have a timescale but at least one module in design has a timescale.
WARNING: [XSIM 43-4099] "C:/Users/zhanggenqi/Desktop/DSP_in_VLSI/FINAL/RTL/CORDIC.v" Line 178. Module single_stage doesn't have a timescale but at least one module in design has a timescale.
WARNING: [XSIM 43-4099] "C:/Users/zhanggenqi/Desktop/DSP_in_VLSI/FINAL/RTL/CORDIC.v" Line 178. Module single_stage doesn't have a timescale but at least one module in design has a timescale.
WARNING: [XSIM 43-4099] "C:/Users/zhanggenqi/Desktop/DSP_in_VLSI/FINAL/RTL/CORDIC.v" Line 178. Module single_stage doesn't have a timescale but at least one module in design has a timescale.
WARNING: [XSIM 43-4099] "C:/Users/zhanggenqi/Desktop/DSP_in_VLSI/FINAL/RTL/CORDIC.v" Line 178. Module single_stage doesn't have a timescale but at least one module in design has a timescale.
WARNING: [XSIM 43-4099] "C:/Users/zhanggenqi/Desktop/DSP_in_VLSI/FINAL/RTL/CORDIC.v" Line 178. Module single_stage doesn't have a timescale but at least one module in design has a timescale.
WARNING: [XSIM 43-4099] "C:/Users/zhanggenqi/Desktop/DSP_in_VLSI/FINAL/RTL/CORDIC.v" Line 178. Module single_stage doesn't have a timescale but at least one module in design has a timescale.
WARNING: [XSIM 43-4099] "C:/Users/zhanggenqi/Desktop/DSP_in_VLSI/FINAL/RTL/CORDIC.v" Line 178. Module single_stage doesn't have a timescale but at least one module in design has a timescale.
WARNING: [XSIM 43-4099] "C:/Users/zhanggenqi/Desktop/DSP_in_VLSI/FINAL/RTL/CORDIC.v" Line 178. Module single_stage doesn't have a timescale but at least one module in design has a timescale.
WARNING: [XSIM 43-4099] "C:/Users/zhanggenqi/Desktop/DSP_in_VLSI/FINAL/RTL/CORDIC.v" Line 178. Module single_stage doesn't have a timescale but at least one module in design has a timescale.
WARNING: [XSIM 43-4099] "C:/Users/zhanggenqi/Desktop/DSP_in_VLSI/FINAL/RTL/CORDIC.v" Line 178. Module single_stage doesn't have a timescale but at least one module in design has a timescale.
WARNING: [XSIM 43-4099] "C:/Users/zhanggenqi/Desktop/DSP_in_VLSI/FINAL/RTL/CORDIC.v" Line 178. Module single_stage doesn't have a timescale but at least one module in design has a timescale.
WARNING: [XSIM 43-4099] "C:/Users/zhanggenqi/Desktop/DSP_in_VLSI/FINAL/RTL/CORDIC.v" Line 178. Module single_stage doesn't have a timescale but at least one module in design has a timescale.
WARNING: [XSIM 43-4099] "C:/Users/zhanggenqi/Desktop/DSP_in_VLSI/FINAL/RTL/CORDIC.v" Line 178. Module single_stage doesn't have a timescale but at least one module in design has a timescale.
WARNING: [XSIM 43-4099] "C:/Users/zhanggenqi/Desktop/DSP_in_VLSI/FINAL/RTL/CORDIC.v" Line 178. Module single_stage doesn't have a timescale but at least one module in design has a timescale.
WARNING: [XSIM 43-4099] "C:/Users/zhanggenqi/Desktop/DSP_in_VLSI/FINAL/RTL/CORDIC.v" Line 178. Module single_stage doesn't have a timescale but at least one module in design has a timescale.
WARNING: [XSIM 43-4099] "C:/Users/zhanggenqi/Desktop/DSP_in_VLSI/FINAL/RTL/CORDIC.v" Line 178. Module single_stage doesn't have a timescale but at least one module in design has a timescale.
WARNING: [XSIM 43-4099] "C:/Users/zhanggenqi/Desktop/DSP_in_VLSI/FINAL/RTL/DU.v" Line 29. Module DU_1 doesn't have a timescale but at least one module in design has a timescale.
WARNING: [XSIM 43-4099] "C:/Users/zhanggenqi/Desktop/DSP_in_VLSI/FINAL/RTL/CORDIC.v" Line 3. Module CORDIC doesn't have a timescale but at least one module in design has a timescale.
WARNING: [XSIM 43-4099] "C:/Users/zhanggenqi/Desktop/DSP_in_VLSI/FINAL/RTL/CORDIC.v" Line 178. Module single_stage doesn't have a timescale but at least one module in design has a timescale.
WARNING: [XSIM 43-4099] "C:/Users/zhanggenqi/Desktop/DSP_in_VLSI/FINAL/RTL/CORDIC.v" Line 178. Module single_stage doesn't have a timescale but at least one module in design has a timescale.
WARNING: [XSIM 43-4099] "C:/Users/zhanggenqi/Desktop/DSP_in_VLSI/FINAL/RTL/CORDIC.v" Line 178. Module single_stage doesn't have a timescale but at least one module in design has a timescale.
WARNING: [XSIM 43-4099] "C:/Users/zhanggenqi/Desktop/DSP_in_VLSI/FINAL/RTL/CORDIC.v" Line 178. Module single_stage doesn't have a timescale but at least one module in design has a timescale.
WARNING: [XSIM 43-4099] "C:/Users/zhanggenqi/Desktop/DSP_in_VLSI/FINAL/RTL/CORDIC.v" Line 178. Module single_stage doesn't have a timescale but at least one module in design has a timescale.
WARNING: [XSIM 43-4099] "C:/Users/zhanggenqi/Desktop/DSP_in_VLSI/FINAL/RTL/CORDIC.v" Line 178. Module single_stage doesn't have a timescale but at least one module in design has a timescale.
WARNING: [XSIM 43-4099] "C:/Users/zhanggenqi/Desktop/DSP_in_VLSI/FINAL/RTL/CORDIC.v" Line 178. Module single_stage doesn't have a timescale but at least one module in design has a timescale.
WARNING: [XSIM 43-4099] "C:/Users/zhanggenqi/Desktop/DSP_in_VLSI/FINAL/RTL/CORDIC.v" Line 178. Module single_stage doesn't have a timescale but at least one module in design has a timescale.
WARNING: [XSIM 43-4099] "C:/Users/zhanggenqi/Desktop/DSP_in_VLSI/FINAL/RTL/CORDIC.v" Line 178. Module single_stage doesn't have a timescale but at least one module in design has a timescale.
WARNING: [XSIM 43-4099] "C:/Users/zhanggenqi/Desktop/DSP_in_VLSI/FINAL/RTL/CORDIC.v" Line 178. Module single_stage doesn't have a timescale but at least one module in design has a timescale.
INFO: [Common 17-14] Message 'XSIM 43-4099' appears 100 times and further instances of the messages will be disabled. Use the Tcl command set_msg_config to change the current settings.
Completed simulation data flow analysis
Time Resolution for simulation is 1ps
Compiling module xil_defaultlib.clk_gen
Compiling module xil_defaultlib.DU_0
Compiling module xil_defaultlib.single_stage
Compiling module xil_defaultlib.CORDIC
Compiling module xil_defaultlib.DU_1
Compiling module xil_defaultlib.CORDIC_ARRAY
Compiling module xil_defaultlib.testbench
Compiling module xil_defaultlib.glbl
Built simulation snapshot testbench_behav
